TN:
SF:js\core\achievements.ts
FN:28,getUnlockedAchievements
FN:39,checkAchievements
FN:46,(anonymous_2)
FN:75,saveUnlockedAchievements
FN:77,(anonymous_4)
FN:90,getAchievementStatus
FN:97,(anonymous_6)
FN:98,(anonymous_7)
FN:102,(anonymous_8)
FN:117,resetAchievements
FN:124,groupByTier
FN:125,(anonymous_11)
FN:135,groupByCategory
FN:136,(anonymous_13)
FNF:14
FNH:13
FNDA:6,getUnlockedAchievements
FNDA:4,checkAchievements
FNDA:1,(anonymous_2)
FNDA:2,saveUnlockedAchievements
FNDA:2,(anonymous_4)
FNDA:2,getAchievementStatus
FNDA:1,(anonymous_6)
FNDA:1,(anonymous_7)
FNDA:38,(anonymous_8)
FNDA:0,resetAchievements
FNDA:1,groupByTier
FNDA:3,(anonymous_11)
FNDA:1,groupByCategory
FNDA:3,(anonymous_13)
DA:29,6
DA:30,6
DA:32,0
DA:45,4
DA:46,4
DA:48,4
DA:49,4
DA:51,4
DA:53,76
DA:56,75
DA:57,2
DA:65,4
DA:66,2
DA:69,4
DA:76,2
DA:77,2
DA:81,2
DA:83,0
DA:96,2
DA:97,2
DA:98,2
DA:100,2
DA:102,2
DA:103,38
DA:104,38
DA:118,0
DA:125,1
DA:126,3
DA:127,3
DA:128,3
DA:136,1
DA:137,3
DA:138,3
DA:139,3
LF:34
LH:31
BRDA:53,0,0,1
BRDA:53,0,1,75
BRDA:56,1,0,2
BRDA:56,1,1,73
BRDA:65,2,0,2
BRDA:65,2,1,2
BRDA:79,3,0,2
BRDA:79,3,1,0
BRDA:106,4,0,1
BRDA:106,4,1,37
BRDA:107,5,0,28
BRDA:107,5,1,10
BRDA:126,6,0,2
BRDA:126,6,1,1
BRDA:137,7,0,2
BRDA:137,7,1,1
BRF:16
BRH:15
end_of_record
TN:
SF:js\core\advice.ts
FN:9,getCoachAdvice
FN:81,getApreExplanation
FN:119,getExplanation
FN:148,(anonymous_3)
FNF:4
FNH:3
FNDA:8,getCoachAdvice
FNDA:0,getApreExplanation
FNDA:6,getExplanation
FNDA:5,(anonymous_3)
DA:10,8
DA:11,8
DA:13,8
DA:14,2
DA:15,6
DA:16,5
DA:18,1
DA:21,8
DA:22,8
DA:23,1
DA:26,8
DA:27,8
DA:28,1
DA:31,8
DA:32,8
DA:33,1
DA:36,8
DA:37,8
DA:38,8
DA:39,1
DA:42,8
DA:43,8
DA:44,0
DA:45,8
DA:46,0
DA:49,8
DA:50,8
DA:51,0
DA:52,8
DA:53,0
DA:56,8
DA:57,8
DA:58,0
DA:61,8
DA:62,8
DA:63,0
DA:66,8
DA:67,8
DA:68,0
DA:71,8
DA:72,7
DA:75,8
DA:82,0
DA:84,0
DA:85,0
DA:86,0
DA:87,0
DA:90,0
DA:92,0
DA:95,0
DA:96,0
DA:97,0
DA:98,0
DA:101,0
DA:102,0
DA:103,0
DA:104,0
DA:105,0
DA:106,0
DA:107,0
DA:108,0
DA:112,0
DA:129,6
DA:131,6
DA:132,1
DA:133,1
DA:137,5
DA:138,1
DA:139,4
DA:140,2
DA:142,2
DA:146,5
DA:147,2
DA:148,5
DA:149,2
DA:150,2
DA:151,2
DA:152,2
DA:158,5
DA:159,2
DA:163,5
DA:164,2
DA:168,5
DA:169,2
DA:173,5
DA:174,7
DA:175,7
DA:179,5
LF:88
LH:61
BRDA:9,0,0,8
BRDA:9,1,0,8
BRDA:9,2,0,8
BRDA:11,3,0,8
BRDA:11,3,1,0
BRDA:13,4,0,2
BRDA:13,4,1,6
BRDA:15,5,0,5
BRDA:15,5,1,1
BRDA:22,6,0,1
BRDA:22,6,1,7
BRDA:22,7,0,8
BRDA:22,7,1,2
BRDA:22,7,2,2
BRDA:27,8,0,1
BRDA:27,8,1,7
BRDA:27,9,0,8
BRDA:27,9,1,2
BRDA:27,9,2,2
BRDA:32,10,0,1
BRDA:32,10,1,7
BRDA:32,11,0,8
BRDA:32,11,1,2
BRDA:38,12,0,1
BRDA:38,12,1,7
BRDA:38,13,0,8
BRDA:38,13,1,2
BRDA:38,13,2,7
BRDA:38,13,3,0
BRDA:43,14,0,0
BRDA:43,14,1,8
BRDA:43,15,0,8
BRDA:43,15,1,0
BRDA:45,16,0,0
BRDA:45,16,1,8
BRDA:45,17,0,8
BRDA:45,17,1,0
BRDA:50,18,0,0
BRDA:50,18,1,8
BRDA:50,19,0,8
BRDA:50,19,1,0
BRDA:50,19,2,0
BRDA:52,20,0,0
BRDA:52,20,1,8
BRDA:52,21,0,8
BRDA:52,21,1,0
BRDA:57,22,0,0
BRDA:57,22,1,8
BRDA:57,23,0,8
BRDA:57,23,1,0
BRDA:57,23,2,0
BRDA:62,24,0,0
BRDA:62,24,1,8
BRDA:62,25,0,8
BRDA:62,25,1,0
BRDA:62,25,2,0
BRDA:67,26,0,0
BRDA:67,26,1,8
BRDA:67,27,0,8
BRDA:67,27,1,0
BRDA:71,28,0,7
BRDA:71,28,1,1
BRDA:71,29,0,8
BRDA:71,29,1,7
BRDA:71,30,0,8
BRDA:71,30,1,7
BRDA:71,31,0,7
BRDA:71,31,1,7
BRDA:81,32,0,0
BRDA:81,33,0,0
BRDA:84,34,0,0
BRDA:84,34,1,0
BRDA:86,35,0,0
BRDA:86,35,1,0
BRDA:87,36,0,0
BRDA:87,36,1,0
BRDA:95,37,0,0
BRDA:95,37,1,0
BRDA:97,38,0,0
BRDA:97,38,1,0
BRDA:101,39,0,0
BRDA:101,39,1,0
BRDA:101,40,0,0
BRDA:101,40,1,0
BRDA:103,41,0,0
BRDA:103,41,1,0
BRDA:103,42,0,0
BRDA:103,42,1,0
BRDA:105,43,0,0
BRDA:105,43,1,0
BRDA:107,44,0,0
BRDA:107,44,1,0
BRDA:131,45,0,1
BRDA:131,45,1,5
BRDA:131,46,0,6
BRDA:131,46,1,6
BRDA:137,47,0,1
BRDA:137,47,1,4
BRDA:139,48,0,2
BRDA:139,48,1,2
BRDA:146,49,0,2
BRDA:146,49,1,3
BRDA:146,50,0,5
BRDA:146,50,1,2
BRDA:146,50,2,2
BRDA:148,51,0,5
BRDA:148,51,1,0
BRDA:149,52,0,2
BRDA:149,52,1,0
BRDA:151,53,0,2
BRDA:151,53,1,0
BRDA:158,54,0,2
BRDA:158,54,1,3
BRDA:158,55,0,5
BRDA:158,55,1,5
BRDA:158,55,2,5
BRDA:163,56,0,2
BRDA:163,56,1,3
BRDA:163,57,0,5
BRDA:163,57,1,5
BRDA:168,58,0,2
BRDA:168,58,1,3
BRDA:174,59,0,7
BRDA:174,59,1,0
BRDA:174,60,0,7
BRDA:174,60,1,7
BRF:126
BRH:79
end_of_record
TN:
SF:js\core\analytics.ts
FN:12,getTrendData
FN:19,(anonymous_1)
FN:20,(anonymous_2)
FN:22,(anonymous_3)
FN:34,getRpeTrend
FN:40,(anonymous_5)
FN:47,(anonymous_6)
FN:48,(anonymous_7)
FN:59,detectNegativeTrends
FN:148,getWeeklyAverages
FN:169,(anonymous_10)
FN:172,(anonymous_11)
FN:175,(anonymous_12)
FN:178,(anonymous_13)
FN:181,(anonymous_14)
FN:188,getOvertrainingWarning
FN:195,(anonymous_16)
FN:266,getPeriodComparison
FN:279,(anonymous_18)
FN:280,(anonymous_19)
FN:280,(anonymous_20)
FN:282,(anonymous_21)
FN:285,(anonymous_22)
FN:295,(anonymous_23)
FN:296,(anonymous_24)
FN:298,(anonymous_25)
FN:301,(anonymous_26)
FN:305,(anonymous_27)
FNF:28
FNH:23
FNDA:32,getTrendData
FNDA:4,(anonymous_1)
FNDA:0,(anonymous_2)
FNDA:4,(anonymous_3)
FNDA:32,getRpeTrend
FNDA:8,(anonymous_5)
FNDA:0,(anonymous_6)
FNDA:0,(anonymous_7)
FNDA:32,detectNegativeTrends
FNDA:16,getWeeklyAverages
FNDA:2,(anonymous_10)
FNDA:2,(anonymous_11)
FNDA:2,(anonymous_12)
FNDA:2,(anonymous_13)
FNDA:0,(anonymous_14)
FNDA:16,getOvertrainingWarning
FNDA:0,(anonymous_16)
FNDA:7,getPeriodComparison
FNDA:40,(anonymous_18)
FNDA:200,(anonymous_19)
FNDA:200,(anonymous_20)
FNDA:200,(anonymous_21)
FNDA:20,(anonymous_22)
FNDA:10,(anonymous_23)
FNDA:2,(anonymous_24)
FNDA:2,(anonymous_25)
FNDA:2,(anonymous_26)
FNDA:2,(anonymous_27)
DA:13,32
DA:14,32
DA:15,32
DA:16,32
DA:18,32
DA:19,4
DA:20,0
DA:22,32
DA:35,32
DA:36,32
DA:37,32
DA:39,32
DA:41,8
DA:47,0
DA:48,0
DA:60,32
DA:62,32
DA:65,0
DA:66,0
DA:67,0
DA:68,0
DA:69,0
DA:70,0
DA:72,0
DA:75,0
DA:76,0
DA:77,0
DA:91,0
DA:92,0
DA:93,0
DA:94,0
DA:95,0
DA:96,0
DA:98,0
DA:101,0
DA:102,0
DA:103,0
DA:117,0
DA:118,0
DA:119,0
DA:120,0
DA:121,0
DA:122,0
DA:124,0
DA:127,0
DA:128,0
DA:129,0
DA:142,0
DA:149,16
DA:151,2
DA:152,2
DA:153,2
DA:154,2
DA:155,2
DA:156,2
DA:157,2
DA:158,2
DA:160,2
DA:161,2
DA:163,2
DA:164,2
DA:165,2
DA:168,2
DA:169,2
DA:172,2
DA:175,2
DA:178,2
DA:181,0
DA:189,16
DA:190,16
DA:193,0
DA:194,0
DA:195,0
DA:197,0
DA:199,0
DA:200,0
DA:217,0
DA:218,0
DA:220,16
DA:221,16
DA:222,0
DA:223,0
DA:226,0
DA:230,0
DA:267,7
DA:269,5
DA:270,5
DA:271,5
DA:273,5
DA:275,5
DA:276,5
DA:277,5
DA:279,5
DA:280,200
DA:281,40
DA:282,200
DA:285,5
DA:286,20
DA:287,20
DA:288,20
DA:289,20
DA:290,20
DA:291,20
DA:295,5
DA:296,10
DA:297,10
DA:298,2
DA:301,5
DA:302,2
DA:303,2
DA:305,5
DA:306,2
DA:307,2
DA:309,5
DA:310,5
DA:311,5
DA:312,5
DA:313,7
DA:315,7
DA:316,7
DA:318,7
LF:121
LH:74
BRDA:12,0,0,32
BRDA:19,1,0,4
BRDA:19,1,1,4
BRDA:24,2,0,4
BRDA:24,2,1,0
BRDA:25,3,0,4
BRDA:25,3,1,0
BRDA:26,4,0,4
BRDA:26,4,1,0
BRDA:34,5,0,32
BRDA:41,6,0,8
BRDA:41,6,1,8
BRDA:41,6,2,8
BRDA:41,6,3,4
BRDA:41,6,4,0
BRDA:50,7,0,0
BRDA:50,7,1,0
BRDA:62,8,0,32
BRDA:62,8,1,0
BRDA:69,9,0,0
BRDA:69,9,1,0
BRDA:75,10,0,0
BRDA:75,10,1,0
BRDA:95,11,0,0
BRDA:95,11,1,0
BRDA:95,12,0,0
BRDA:95,12,1,0
BRDA:95,12,2,0
BRDA:101,13,0,0
BRDA:101,13,1,0
BRDA:121,14,0,0
BRDA:121,14,1,0
BRDA:121,15,0,0
BRDA:121,15,1,0
BRDA:121,15,2,0
BRDA:127,16,0,0
BRDA:127,16,1,0
BRDA:149,17,0,14
BRDA:149,17,1,2
BRDA:154,18,0,0
BRDA:154,18,1,2
BRDA:156,19,0,0
BRDA:156,19,1,2
BRDA:160,20,0,2
BRDA:160,20,1,0
BRDA:164,21,0,2
BRDA:164,21,1,0
BRDA:165,22,0,2
BRDA:165,22,1,0
BRDA:171,23,0,2
BRDA:171,23,1,0
BRDA:174,24,0,2
BRDA:174,24,1,0
BRDA:177,25,0,2
BRDA:177,25,1,0
BRDA:190,26,0,16
BRDA:190,26,1,0
BRDA:193,27,0,0
BRDA:193,27,1,0
BRDA:197,28,0,0
BRDA:197,28,1,0
BRDA:199,29,0,0
BRDA:199,29,1,0
BRDA:199,30,0,0
BRDA:199,30,1,0
BRDA:218,31,0,0
BRDA:218,31,1,0
BRDA:218,32,0,0
BRDA:218,32,1,0
BRDA:221,33,0,0
BRDA:221,33,1,16
BRDA:222,34,0,0
BRDA:222,34,1,0
BRDA:222,35,0,0
BRDA:222,35,1,0
BRDA:231,36,0,0
BRDA:231,36,1,0
BRDA:267,37,0,2
BRDA:267,37,1,5
BRDA:267,38,0,7
BRDA:267,38,1,7
BRDA:273,39,0,0
BRDA:273,39,1,5
BRDA:273,40,0,5
BRDA:273,40,1,5
BRDA:281,41,0,0
BRDA:281,41,1,40
BRDA:289,42,0,20
BRDA:289,42,1,0
BRDA:290,43,0,9
BRDA:290,43,1,11
BRDA:290,44,0,6
BRDA:290,44,1,5
BRDA:296,45,0,2
BRDA:296,45,1,2
BRDA:297,46,0,8
BRDA:297,46,1,2
BRDA:303,47,0,2
BRDA:303,47,1,2
BRDA:312,48,0,1
BRDA:312,48,1,4
BRDA:313,49,0,1
BRDA:313,49,1,4
BRDA:313,50,0,0
BRDA:313,50,1,4
BRF:105
BRH:48
end_of_record
TN:
SF:js\core\completionRate.ts
FN:3,calculateSessionCompletionRate
FN:5,(anonymous_1)
FN:15,calculateWeeklyCompletionRate
FN:20,(anonymous_3)
FN:22,(anonymous_4)
FN:23,(anonymous_5)
FN:23,(anonymous_6)
FN:26,(anonymous_7)
FN:27,(anonymous_8)
FNF:9
FNH:8
FNDA:6,calculateSessionCompletionRate
FNDA:5,(anonymous_1)
FNDA:2,calculateWeeklyCompletionRate
FNDA:2,(anonymous_3)
FNDA:2,(anonymous_4)
FNDA:3,(anonymous_5)
FNDA:0,(anonymous_6)
FNDA:2,(anonymous_7)
FNDA:1,(anonymous_8)
DA:4,6
DA:5,5
DA:6,5
DA:7,5
DA:8,4
DA:9,4
DA:11,5
DA:12,4
DA:16,2
DA:17,1
DA:18,1
DA:19,1
DA:20,2
DA:21,1
DA:22,1
DA:23,3
DA:24,2
DA:25,2
DA:26,2
DA:27,1
LF:20
LH:20
BRDA:4,0,0,1
BRDA:4,0,1,5
BRDA:4,1,0,6
BRDA:4,1,1,5
BRDA:5,2,0,5
BRDA:5,2,1,1
BRDA:9,3,0,4
BRDA:9,3,1,0
BRDA:11,4,0,1
BRDA:11,4,1,4
BRDA:16,5,0,1
BRDA:16,5,1,1
BRDA:20,6,0,2
BRDA:20,6,1,2
BRDA:21,7,0,0
BRDA:21,7,1,1
BRDA:23,8,0,2
BRDA:23,8,1,0
BRDA:24,9,0,0
BRDA:24,9,1,2
BRDA:27,10,0,1
BRDA:27,10,1,0
BRF:22
BRH:17
end_of_record
TN:
SF:js\core\correlations.ts
FN:15,avg
FN:17,(anonymous_1)
FN:20,pctDiff
FN:28,getRecoveryScores
FN:40,sleepToRecovery
FN:42,(anonymous_5)
FN:42,(anonymous_6)
FN:43,(anonymous_7)
FN:43,(anonymous_8)
FN:62,sleepQualityToHrv
FN:63,(anonymous_10)
FN:63,(anonymous_11)
FN:64,(anonymous_12)
FN:64,(anonymous_13)
FN:83,stressToRecovery
FN:85,(anonymous_15)
FN:85,(anonymous_16)
FN:86,(anonymous_17)
FN:86,(anonymous_18)
FN:105,energyToRecovery
FN:107,(anonymous_20)
FN:107,(anonymous_21)
FN:108,(anonymous_22)
FN:108,(anonymous_23)
FN:158,hrvToReadiness
FN:159,(anonymous_25)
FN:163,(anonymous_26)
FN:164,(anonymous_27)
FN:165,(anonymous_28)
FN:168,(anonymous_29)
FN:169,(anonymous_30)
FN:203,weightTrend
FN:204,(anonymous_32)
FN:204,(anonymous_33)
FN:234,getAllCorrelations
FNF:35
FNH:35
FNDA:112,avg
FNDA:38,(anonymous_1)
FNDA:55,pctDiff
FNDA:54,getRecoveryScores
FNDA:18,sleepToRecovery
FNDA:10,(anonymous_5)
FNDA:8,(anonymous_6)
FNDA:10,(anonymous_7)
FNDA:2,(anonymous_8)
FNDA:18,sleepQualityToHrv
FNDA:10,(anonymous_10)
FNDA:6,(anonymous_11)
FNDA:10,(anonymous_12)
FNDA:2,(anonymous_13)
FNDA:18,stressToRecovery
FNDA:10,(anonymous_15)
FNDA:6,(anonymous_16)
FNDA:10,(anonymous_17)
FNDA:2,(anonymous_18)
FNDA:18,energyToRecovery
FNDA:10,(anonymous_20)
FNDA:8,(anonymous_21)
FNDA:10,(anonymous_22)
FNDA:2,(anonymous_23)
FNDA:18,hrvToReadiness
FNDA:10,(anonymous_25)
FNDA:8,(anonymous_26)
FNDA:8,(anonymous_27)
FNDA:8,(anonymous_28)
FNDA:6,(anonymous_29)
FNDA:2,(anonymous_30)
FNDA:18,weightTrend
FNDA:10,(anonymous_32)
FNDA:8,(anonymous_33)
FNDA:17,getAllCorrelations
DA:16,112
DA:17,38
DA:21,55
DA:22,9
DA:23,4
DA:24,4
DA:25,4
DA:29,54
DA:30,54
DA:31,30
DA:33,54
DA:41,18
DA:42,18
DA:43,18
DA:44,18
DA:45,18
DA:63,18
DA:64,18
DA:65,18
DA:66,18
DA:84,18
DA:85,18
DA:86,18
DA:87,18
DA:88,18
DA:106,18
DA:107,18
DA:108,18
DA:111,18
DA:112,17
DA:121,1
DA:122,1
DA:123,1
DA:126,1
DA:127,0
DA:131,1
DA:132,1
DA:141,0
DA:159,18
DA:160,18
DA:161,16
DA:163,8
DA:164,8
DA:165,8
DA:168,6
DA:169,2
DA:172,2
DA:173,2
DA:182,0
DA:183,18
DA:184,18
DA:186,18
DA:204,18
DA:205,18
DA:206,16
DA:209,2
DA:210,2
DA:211,2
DA:212,8
DA:213,8
DA:214,8
DA:215,8
DA:217,2
DA:218,2
DA:219,2
DA:220,18
DA:235,17
LF:67
LH:64
BRDA:16,0,0,97
BRDA:16,0,1,15
BRDA:21,1,0,46
BRDA:21,1,1,9
BRDA:21,2,0,55
BRDA:21,2,1,46
BRDA:22,3,0,5
BRDA:22,3,1,4
BRDA:22,4,0,9
BRDA:22,4,1,9
BRDA:23,5,0,0
BRDA:23,5,1,4
BRDA:23,6,0,4
BRDA:23,6,1,0
BRDA:24,7,0,0
BRDA:24,7,1,4
BRDA:24,8,0,4
BRDA:24,8,1,4
BRDA:24,8,2,4
BRDA:31,9,0,30
BRDA:31,9,1,0
BRDA:42,10,0,10
BRDA:42,10,1,8
BRDA:43,11,0,10
BRDA:43,11,1,10
BRDA:43,11,2,2
BRDA:48,12,0,4
BRDA:48,12,1,14
BRDA:48,13,0,18
BRDA:48,13,1,4
BRDA:50,14,0,0
BRDA:50,14,1,14
BRDA:50,15,0,14
BRDA:50,15,1,0
BRDA:63,16,0,10
BRDA:63,16,1,6
BRDA:64,17,0,10
BRDA:64,17,1,8
BRDA:64,17,2,2
BRDA:69,18,0,2
BRDA:69,18,1,16
BRDA:69,19,0,18
BRDA:69,19,1,2
BRDA:71,20,0,0
BRDA:71,20,1,16
BRDA:71,21,0,16
BRDA:71,21,1,0
BRDA:85,22,0,10
BRDA:85,22,1,8
BRDA:85,22,2,6
BRDA:86,23,0,10
BRDA:86,23,1,2
BRDA:91,24,0,2
BRDA:91,24,1,16
BRDA:91,25,0,18
BRDA:91,25,1,2
BRDA:93,26,0,0
BRDA:93,26,1,16
BRDA:93,27,0,16
BRDA:93,27,1,0
BRDA:107,28,0,10
BRDA:107,28,1,8
BRDA:108,29,0,10
BRDA:108,29,1,10
BRDA:108,29,2,2
BRDA:111,30,0,17
BRDA:111,30,1,1
BRDA:111,31,0,18
BRDA:111,31,1,4
BRDA:126,32,0,0
BRDA:126,32,1,1
BRDA:126,33,0,1
BRDA:126,33,1,1
BRDA:126,33,2,0
BRDA:131,34,0,1
BRDA:131,34,1,0
BRDA:135,35,0,1
BRDA:135,35,1,0
BRDA:135,36,0,1
BRDA:135,36,1,1
BRDA:136,37,0,1
BRDA:136,37,1,0
BRDA:136,38,0,1
BRDA:136,38,1,1
BRDA:144,39,0,0
BRDA:144,39,1,0
BRDA:144,40,0,0
BRDA:144,40,1,0
BRDA:146,41,0,0
BRDA:146,41,1,0
BRDA:146,42,0,0
BRDA:146,42,1,0
BRDA:159,43,0,10
BRDA:159,43,1,10
BRDA:160,44,0,16
BRDA:160,44,1,2
BRDA:172,45,0,2
BRDA:172,45,1,0
BRDA:172,46,0,2
BRDA:172,46,1,2
BRDA:172,46,2,2
BRDA:182,47,0,0
BRDA:182,47,1,0
BRDA:183,48,0,18
BRDA:183,48,1,0
BRDA:189,49,0,0
BRDA:189,49,1,0
BRDA:189,50,0,18
BRDA:189,50,1,0
BRDA:191,51,0,0
BRDA:191,51,1,0
BRDA:191,52,0,0
BRDA:191,52,1,0
BRDA:205,53,0,16
BRDA:205,53,1,2
BRDA:219,54,0,1
BRDA:219,54,1,1
BRDA:219,55,0,0
BRDA:219,55,1,1
BRDA:223,56,0,1
BRDA:223,56,1,1
BRF:121
BRH:86
end_of_record
TN:
SF:js\core\demoData.ts
FN:10,createRNG
FN:12,(anonymous_1)
FN:21,clamp
FN:26,generateDemoData
FN:286,generateDemoDataForProfile
FN:395,hashCode
FNF:6
FNH:4
FNDA:8,createRNG
FNDA:2568,(anonymous_1)
FNDA:2328,clamp
FNDA:8,generateDemoData
FNDA:0,generateDemoDataForProfile
FNDA:0,hashCode
DA:11,8
DA:12,8
DA:13,2568
DA:14,2568
DA:15,2568
DA:16,2568
DA:22,2328
DA:27,8
DA:30,8
DA:31,8
DA:37,8
DA:38,8
DA:39,8
DA:40,8
DA:42,8
DA:43,8
DA:46,8
DA:48,8
DA:49,240
DA:50,240
DA:51,240
DA:54,240
DA:55,240
DA:56,240
DA:59,240
DA:62,240
DA:65,240
DA:68,240
DA:69,240
DA:70,240
DA:71,240
DA:72,240
DA:73,240
DA:75,240
DA:93,240
DA:96,240
DA:97,240
DA:99,240
DA:100,240
DA:102,240
DA:104,240
DA:105,168
DA:107,168
DA:119,168
DA:123,8
DA:131,8
DA:162,3
DA:287,0
DA:288,0
DA:289,0
DA:290,0
DA:291,0
DA:292,0
DA:294,0
DA:295,0
DA:297,0
DA:298,0
DA:300,0
DA:302,0
DA:303,0
DA:304,0
DA:305,0
DA:308,0
DA:309,0
DA:310,0
DA:313,0
DA:315,0
DA:316,0
DA:317,0
DA:318,0
DA:320,0
DA:321,0
DA:322,0
DA:323,0
DA:324,0
DA:325,0
DA:327,0
DA:347,0
DA:367,0
DA:368,0
DA:370,0
DA:371,0
DA:372,0
DA:374,0
DA:375,0
DA:376,0
DA:391,0
DA:396,0
DA:397,0
DA:398,0
DA:399,0
DA:400,0
DA:402,0
LF:93
LH:47
BRDA:90,0,0,80
BRDA:90,0,1,160
BRDA:90,1,0,128
BRDA:90,1,1,32
BRDA:104,2,0,168
BRDA:104,2,1,72
BRDA:112,3,0,48
BRDA:112,3,1,120
BRDA:112,4,0,96
BRDA:112,4,1,24
BRDA:114,5,0,168
BRDA:114,5,1,96
BRDA:315,6,0,0
BRDA:315,6,1,0
BRDA:332,7,0,0
BRDA:332,7,1,0
BRDA:334,8,0,0
BRDA:334,8,1,0
BRDA:334,9,0,0
BRDA:334,9,1,0
BRDA:335,10,0,0
BRDA:335,10,1,0
BRDA:335,11,0,0
BRDA:335,11,1,0
BRDA:342,12,0,0
BRDA:342,12,1,0
BRDA:342,13,0,0
BRDA:342,13,1,0
BRDA:374,14,0,0
BRDA:374,14,1,0
BRDA:374,15,0,0
BRDA:374,15,1,0
BRDA:381,16,0,0
BRDA:381,16,1,0
BRDA:381,17,0,0
BRDA:381,17,1,0
BRDA:383,18,0,0
BRDA:383,18,1,0
BRF:38
BRH:12
end_of_record
TN:
SF:js\core\exerciseDatabase.ts
FN:494,getSafeExercises
FN:498,(anonymous_1)
FN:500,(anonymous_2)
FN:505,getRehabExercises
FN:509,(anonymous_4)
FN:510,(anonymous_5)
FN:516,filterExercisesForRehab
FN:526,(anonymous_7)
FN:536,(anonymous_8)
FN:541,(anonymous_9)
FN:556,(anonymous_10)
FN:557,(anonymous_11)
FN:565,(anonymous_12)
FN:566,(anonymous_13)
FN:588,filterStretchingForRehab
FN:590,(anonymous_15)
FN:595,(anonymous_16)
FNF:17
FNH:16
FNDA:10,getSafeExercises
FNDA:500,(anonymous_1)
FNDA:339,(anonymous_2)
FNDA:10,getRehabExercises
FNDA:500,(anonymous_4)
FNDA:485,(anonymous_5)
FNDA:11,filterExercisesForRehab
FNDA:453,(anonymous_7)
FNDA:645,(anonymous_8)
FNDA:1,(anonymous_9)
FNDA:603,(anonymous_10)
FNDA:1,(anonymous_11)
FNDA:12,(anonymous_12)
FNDA:0,(anonymous_13)
FNDA:3,filterStretchingForRehab
FNDA:3,(anonymous_15)
FNDA:2,(anonymous_16)
DA:22,8
DA:495,10
DA:496,0
DA:498,10
DA:500,500
DA:506,10
DA:507,0
DA:509,10
DA:510,500
DA:521,11
DA:522,1
DA:525,10
DA:526,453
DA:527,10
DA:529,10
DA:530,10
DA:531,10
DA:533,10
DA:534,15
DA:536,15
DA:537,645
DA:540,15
DA:541,1
DA:542,1
DA:543,1
DA:544,1
DA:545,2
DA:546,2
DA:547,2
DA:548,2
DA:549,2
DA:550,2
DA:553,1
DA:556,14
DA:557,603
DA:560,15
DA:561,13
DA:563,1
DA:564,1
DA:565,1
DA:566,12
DA:569,1
DA:570,2
DA:571,2
DA:572,2
DA:574,1
DA:575,0
DA:580,10
DA:583,8
DA:589,3
DA:590,2
DA:591,3
DA:592,3
DA:593,2
DA:594,2
DA:595,2
DA:597,2
LF:57
LH:54
BRDA:495,0,0,0
BRDA:495,0,1,10
BRDA:495,1,0,10
BRDA:495,1,1,10
BRDA:506,2,0,0
BRDA:506,2,1,10
BRDA:506,3,0,10
BRDA:506,3,1,10
BRDA:521,4,0,1
BRDA:521,4,1,10
BRDA:521,5,0,11
BRDA:521,5,1,11
BRDA:540,6,0,1
BRDA:540,6,1,14
BRDA:540,7,0,15
BRDA:540,7,1,3
BRDA:540,7,2,1
BRDA:540,7,3,1
BRDA:546,8,0,2
BRDA:546,8,1,0
BRDA:546,9,0,2
BRDA:546,9,1,2
BRDA:546,9,2,0
BRDA:547,10,0,2
BRDA:547,10,1,0
BRDA:548,11,0,2
BRDA:548,11,1,0
BRDA:549,12,0,2
BRDA:549,12,1,0
BRDA:556,13,0,14
BRDA:556,13,1,13
BRDA:557,14,0,603
BRDA:557,14,1,1
BRDA:560,15,0,13
BRDA:560,15,1,1
BRDA:566,16,0,12
BRDA:566,16,1,12
BRDA:566,16,2,0
BRDA:570,17,0,2
BRDA:570,17,1,0
BRDA:571,18,0,2
BRDA:571,18,1,0
BRDA:574,19,0,0
BRDA:574,19,1,1
BRDA:589,20,0,1
BRDA:589,20,1,2
BRDA:589,21,0,3
BRDA:589,21,1,3
BRDA:592,22,0,1
BRDA:592,22,1,2
BRDA:594,23,0,0
BRDA:594,23,1,2
BRDA:597,24,0,1
BRDA:597,24,1,1
BRF:54
BRH:42
end_of_record
TN:
SF:js\core\helpers.ts
FN:7,parseLocalDate
FN:16,formatISO
FN:23,addDays
FN:32,mondayOfWeek
FN:43,weekDiff
FN:50,dateLabel
FN:57,clamp
FN:64,safeJSONParse
FN:76,setVirtualTodayOffset
FN:81,getVirtualTodayOffset
FN:89,getAppDate
FN:99,getAppDateSync
FNF:12
FNH:8
FNDA:708,parseLocalDate
FNDA:1131,formatISO
FNDA:1214,addDays
FNDA:16,mondayOfWeek
FNDA:0,weekDiff
FNDA:154,dateLabel
FNDA:0,clamp
FNDA:0,safeJSONParse
FNDA:16,setVirtualTodayOffset
FNDA:0,getVirtualTodayOffset
FNDA:4,getAppDate
FNDA:292,getAppDateSync
DA:8,708
DA:9,708
DA:10,708
DA:17,1131
DA:24,1214
DA:25,1214
DA:26,1214
DA:33,16
DA:34,16
DA:35,16
DA:36,16
DA:44,0
DA:51,154
DA:58,0
DA:65,0
DA:73,14
DA:77,16
DA:82,0
DA:90,4
DA:91,4
DA:92,4
DA:100,292
DA:101,292
DA:102,292
LF:24
LH:20
BRDA:8,0,0,0
BRDA:8,0,1,708
BRDA:35,1,0,0
BRDA:35,1,1,16
BRDA:65,2,0,0
BRDA:65,2,1,0
BRDA:99,3,0,292
BRF:7
BRH:3
end_of_record
TN:
SF:js\core\importSchemas.ts
FN:82,detectImportFormat
FN:110,validateImportData
FN:130,(anonymous_2)
FNF:3
FNH:3
FNDA:18,detectImportFormat
FNDA:10,validateImportData
FNDA:15,(anonymous_2)
DA:8,3
DA:30,3
DA:51,3
DA:56,3
DA:63,3
DA:74,3
DA:83,18
DA:84,4
DA:87,14
DA:90,14
DA:91,8
DA:95,6
DA:96,2
DA:99,4
DA:111,10
DA:113,10
DA:114,2
DA:121,8
DA:122,7
DA:124,1
DA:127,8
DA:129,8
DA:130,3
DA:131,15
DA:132,15
DA:135,3
DA:141,5
LF:27
LH:27
BRDA:83,0,0,4
BRDA:83,0,1,14
BRDA:83,1,0,18
BRDA:83,1,1,16
BRDA:90,2,0,8
BRDA:90,2,1,6
BRDA:90,3,0,14
BRDA:90,3,1,9
BRDA:95,4,0,2
BRDA:95,4,1,4
BRDA:95,5,0,6
BRDA:95,5,1,3
BRDA:95,5,2,3
BRDA:113,6,0,2
BRDA:113,6,1,8
BRDA:121,7,0,7
BRDA:121,7,1,1
BRDA:129,8,0,3
BRDA:129,8,1,5
BRDA:132,9,0,15
BRDA:132,9,1,0
BRF:21
BRH:20
end_of_record
TN:
SF:js\core\loadAdjustments.ts
FN:10,getWeeklyMultiplier
FN:35,getTestMultiplier
FN:40,(anonymous_2)
FN:41,(anonymous_3)
FN:59,(anonymous_4)
FN:69,applyMultiplierToExercises
FN:72,(anonymous_6)
FN:88,applyApreAdjustment
FN:94,(anonymous_8)
FN:122,adjustExercisesForMode
FN:125,(anonymous_10)
FN:136,(anonymous_11)
FN:147,(anonymous_12)
FNF:13
FNH:11
FNDA:9,getWeeklyMultiplier
FNDA:2,getTestMultiplier
FNDA:1,(anonymous_2)
FNDA:0,(anonymous_3)
FNDA:0,(anonymous_4)
FNDA:3,applyMultiplierToExercises
FNDA:2,(anonymous_6)
FNDA:4,applyApreAdjustment
FNDA:3,(anonymous_8)
FNDA:39,adjustExercisesForMode
FNDA:3,(anonymous_10)
FNDA:3,(anonymous_11)
FNDA:3,(anonymous_12)
DA:11,9
DA:14,8
DA:15,2
DA:18,6
DA:22,1
DA:25,5
DA:26,2
DA:29,3
DA:36,2
DA:37,2
DA:39,1
DA:40,1
DA:41,0
DA:43,1
DA:45,0
DA:46,2
DA:47,2
DA:49,0
DA:50,0
DA:51,0
DA:52,0
DA:53,0
DA:54,0
DA:55,0
DA:57,0
DA:59,0
DA:61,0
DA:62,0
DA:63,0
DA:70,3
DA:72,2
DA:73,2
DA:75,1
DA:76,1
DA:78,1
DA:79,1
DA:80,1
DA:81,1
DA:89,4
DA:91,3
DA:92,3
DA:94,3
DA:95,3
DA:97,3
DA:98,3
DA:100,3
DA:101,3
DA:103,3
DA:104,2
DA:106,3
DA:107,2
DA:108,2
DA:110,1
DA:117,7
DA:123,39
DA:124,1
DA:125,3
DA:132,1
DA:135,38
DA:136,1
DA:137,3
DA:138,3
DA:139,3
DA:140,3
DA:141,3
DA:146,37
DA:147,1
DA:148,3
DA:149,3
DA:150,3
DA:152,3
DA:153,3
DA:157,36
LF:73
LH:59
BRDA:10,0,0,9
BRDA:10,1,0,9
BRDA:11,2,0,1
BRDA:11,2,1,8
BRDA:14,3,0,2
BRDA:14,3,1,6
BRDA:18,4,0,1
BRDA:18,4,1,5
BRDA:18,5,0,6
BRDA:18,5,1,3
BRDA:18,5,2,1
BRDA:18,5,3,1
BRDA:25,6,0,2
BRDA:25,6,1,3
BRDA:25,7,0,5
BRDA:25,7,1,4
BRDA:37,8,0,1
BRDA:37,8,1,1
BRDA:41,9,0,0
BRDA:41,9,1,0
BRDA:41,10,0,0
BRDA:41,10,1,0
BRDA:43,11,0,1
BRDA:43,11,1,0
BRDA:47,12,0,0
BRDA:47,12,1,2
BRDA:47,13,0,2
BRDA:47,13,1,0
BRDA:50,14,0,0
BRDA:50,14,1,0
BRDA:50,15,0,0
BRDA:50,15,1,0
BRDA:52,16,0,0
BRDA:52,16,1,0
BRDA:52,17,0,0
BRDA:52,17,1,0
BRDA:54,18,0,0
BRDA:54,18,1,0
BRDA:54,19,0,0
BRDA:54,19,1,0
BRDA:57,20,0,0
BRDA:57,20,1,0
BRDA:61,21,0,0
BRDA:61,21,1,0
BRDA:62,22,0,0
BRDA:62,22,1,0
BRDA:70,23,0,1
BRDA:70,23,1,2
BRDA:73,24,0,1
BRDA:73,24,1,1
BRDA:73,25,0,2
BRDA:73,25,1,2
BRDA:76,26,0,0
BRDA:76,26,1,1
BRDA:89,27,0,1
BRDA:89,27,1,3
BRDA:89,28,0,4
BRDA:89,28,1,3
BRDA:92,29,0,0
BRDA:92,29,1,3
BRDA:95,30,0,0
BRDA:95,30,1,3
BRDA:95,31,0,3
BRDA:95,31,1,3
BRDA:98,32,0,0
BRDA:98,32,1,3
BRDA:103,33,0,1
BRDA:103,33,1,2
BRDA:103,34,0,3
BRDA:103,34,1,1
BRDA:104,35,0,1
BRDA:104,35,1,1
BRDA:104,36,0,2
BRDA:104,36,1,1
BRDA:106,37,0,2
BRDA:106,37,1,1
BRDA:123,38,0,1
BRDA:123,38,1,38
BRDA:125,39,0,3
BRDA:125,39,1,3
BRDA:125,39,2,3
BRDA:125,39,3,2
BRDA:125,39,4,2
BRDA:132,40,0,1
BRDA:132,40,1,0
BRDA:135,41,0,1
BRDA:135,41,1,37
BRDA:137,42,0,0
BRDA:137,42,1,3
BRDA:139,43,0,0
BRDA:139,43,1,3
BRDA:140,44,0,3
BRDA:140,44,1,0
BRDA:146,45,0,1
BRDA:146,45,1,36
BRDA:148,46,0,0
BRDA:148,46,1,3
BRDA:150,47,0,0
BRDA:150,47,1,3
BRDA:153,48,0,3
BRDA:153,48,1,3
BRF:101
BRH:66
end_of_record
TN:
SF:js\core\onboardingStorage.ts
FN:12,loadState
FN:22,saveState
FN:30,isOnboardingCompleted
FN:34,markOnboardingCompleted
FN:38,resetOnboardingStatus
FNF:5
FNH:0
FNDA:0,loadState
FNDA:0,saveState
FNDA:0,isOnboardingCompleted
FNDA:0,markOnboardingCompleted
FNDA:0,resetOnboardingStatus
DA:5,2
DA:13,0
DA:14,0
DA:15,0
DA:19,0
DA:23,0
DA:24,0
DA:31,0
DA:35,0
DA:39,0
LF:10
LH:1
BRDA:15,0,0,0
BRDA:15,0,1,0
BRF:2
BRH:0
end_of_record
TN:
SF:js\core\planning.ts
FN:33,getSetsForLevel
FN:43,getRepsForGoal
FN:54,isEquipmentAvailable
FN:84,adaptExerciseForProfile
FN:120,getActiveModules
FN:122,(anonymous_5)
FN:123,(anonymous_6)
FN:130,getCurrentPhaseAndWeek
FN:158,buildWeeklyPlan
FN:166,(anonymous_9)
FN:182,(anonymous_10)
FN:206,getSessionForDate
FN:240,getVolumeMultiplierFromAdherence
FN:250,getAdaptedSessionForDate
FN:271,applyReadinessToSession
FN:334,(anonymous_15)
FN:372,(anonymous_16)
FN:400,getWorkoutType
FN:402,(anonymous_18)
FN:412,getMonthAndDayIndex
FN:427,buildSessionFromMonth
FN:439,getLastSessionByType
FN:441,(anonymous_22)
FN:442,(anonymous_23)
FN:446,maybeAddTestExercises
FNF:25
FNH:19
FNDA:0,getSetsForLevel
FNDA:0,getRepsForGoal
FNDA:0,isEquipmentAvailable
FNDA:0,adaptExerciseForProfile
FNDA:169,getActiveModules
FNDA:51,(anonymous_5)
FNDA:51,(anonymous_6)
FNDA:289,getCurrentPhaseAndWeek
FNDA:275,buildWeeklyPlan
FNDA:1925,(anonymous_9)
FNDA:1305,(anonymous_10)
FNDA:186,getSessionForDate
FNDA:7,getVolumeMultiplierFromAdherence
FNDA:186,getAdaptedSessionForDate
FNDA:186,applyReadinessToSession
FNDA:0,(anonymous_15)
FNDA:0,(anonymous_16)
FNDA:7,getWorkoutType
FNDA:12,(anonymous_18)
FNDA:2,getMonthAndDayIndex
FNDA:2,buildSessionFromMonth
FNDA:6,getLastSessionByType
FNDA:7,(anonymous_22)
FNDA:1,(anonymous_23)
FNDA:2,maybeAddTestExercises
DA:21,6
DA:34,0
DA:35,0
DA:36,0
DA:37,0
DA:38,0
DA:44,0
DA:45,0
DA:46,0
DA:47,0
DA:48,0
DA:49,0
DA:55,0
DA:57,0
DA:58,0
DA:59,0
DA:60,0
DA:61,0
DA:64,0
DA:65,0
DA:66,0
DA:67,0
DA:70,0
DA:71,0
DA:72,0
DA:75,0
DA:76,0
DA:77,0
DA:78,0
DA:80,0
DA:91,0
DA:92,0
DA:95,0
DA:96,0
DA:97,0
DA:100,0
DA:101,0
DA:102,0
DA:103,0
DA:106,0
DA:107,0
DA:109,0
DA:121,169
DA:122,51
DA:123,51
DA:134,289
DA:135,289
DA:137,289
DA:138,289
DA:139,289
DA:141,289
DA:142,289
DA:145,289
DA:146,57
DA:150,232
DA:151,232
DA:152,289
DA:164,275
DA:166,275
DA:167,1925
DA:168,620
DA:179,620
DA:182,1305
DA:183,1305
DA:185,825
DA:186,825
DA:188,825
DA:189,825
DA:191,825
DA:192,825
DA:199,275
DA:213,186
DA:215,161
DA:216,161
DA:218,35
DA:219,35
DA:221,35
DA:222,35
DA:223,35
DA:225,35
DA:226,35
DA:228,35
DA:229,35
DA:232,35
DA:233,35
DA:241,7
DA:242,4
DA:243,2
DA:268,186
DA:269,186
DA:285,186
DA:287,35
DA:288,35
DA:289,186
DA:295,186
DA:296,0
DA:298,35
DA:299,0
DA:300,35
DA:301,0
DA:303,35
DA:304,0
DA:307,35
DA:308,186
DA:311,186
DA:312,7
DA:313,7
DA:314,7
DA:315,7
DA:316,0
DA:319,7
DA:320,7
DA:321,3
DA:322,3
DA:326,35
DA:327,0
DA:331,35
DA:332,0
DA:333,0
DA:334,0
DA:336,0
DA:337,0
DA:338,0
DA:339,0
DA:345,35
DA:346,0
DA:347,0
DA:351,35
DA:353,0
DA:354,0
DA:359,35
DA:360,35
DA:361,35
DA:362,0
DA:366,35
DA:367,186
DA:369,186
DA:370,0
DA:371,0
DA:372,0
DA:373,0
DA:374,0
DA:375,0
DA:376,0
DA:378,0
DA:382,35
DA:401,7
DA:402,12
DA:403,7
DA:404,7
DA:405,5
DA:417,2
DA:420,0
DA:436,2
DA:440,6
DA:441,7
DA:442,1
DA:443,6
DA:447,2
LF:159
LH:91
BRDA:34,0,0,0
BRDA:34,0,1,0
BRDA:34,0,2,0
BRDA:34,0,3,0
BRDA:44,1,0,0
BRDA:44,1,1,0
BRDA:44,1,2,0
BRDA:44,1,3,0
BRDA:44,1,4,0
BRDA:57,2,0,0
BRDA:57,2,1,0
BRDA:57,3,0,0
BRDA:57,3,1,0
BRDA:57,3,2,0
BRDA:57,3,3,0
BRDA:58,4,0,0
BRDA:58,4,1,0
BRDA:59,5,0,0
BRDA:59,5,1,0
BRDA:59,6,0,0
BRDA:59,6,1,0
BRDA:60,7,0,0
BRDA:60,7,1,0
BRDA:64,8,0,0
BRDA:64,8,1,0
BRDA:64,9,0,0
BRDA:64,9,1,0
BRDA:64,9,2,0
BRDA:65,10,0,0
BRDA:65,10,1,0
BRDA:66,11,0,0
BRDA:66,11,1,0
BRDA:70,12,0,0
BRDA:70,12,1,0
BRDA:70,13,0,0
BRDA:70,13,1,0
BRDA:71,14,0,0
BRDA:71,14,1,0
BRDA:75,15,0,0
BRDA:75,15,1,0
BRDA:75,16,0,0
BRDA:75,16,1,0
BRDA:76,17,0,0
BRDA:76,17,1,0
BRDA:77,18,0,0
BRDA:77,18,1,0
BRDA:91,19,0,0
BRDA:91,19,1,0
BRDA:96,20,0,0
BRDA:96,20,1,0
BRDA:100,21,0,0
BRDA:100,21,1,0
BRDA:102,22,0,0
BRDA:102,22,1,0
BRDA:107,23,0,0
BRDA:107,23,1,0
BRDA:113,24,0,0
BRDA:113,24,1,0
BRDA:132,25,0,289
BRDA:135,26,0,0
BRDA:135,26,1,289
BRDA:145,27,0,57
BRDA:145,27,1,232
BRDA:151,28,0,232
BRDA:151,28,1,0
BRDA:167,29,0,620
BRDA:167,29,1,1305
BRDA:183,30,0,480
BRDA:183,30,1,825
BRDA:186,31,0,0
BRDA:186,31,1,825
BRDA:191,32,0,825
BRDA:191,32,1,0
BRDA:211,33,0,186
BRDA:213,34,0,25
BRDA:213,34,1,161
BRDA:216,35,0,126
BRDA:216,35,1,35
BRDA:223,36,0,0
BRDA:223,36,1,35
BRDA:223,37,0,35
BRDA:223,37,1,35
BRDA:229,38,0,0
BRDA:229,38,1,35
BRDA:241,39,0,3
BRDA:241,39,1,4
BRDA:242,40,0,2
BRDA:242,40,1,2
BRDA:258,41,0,186
BRDA:259,42,0,186
BRDA:260,43,0,186
BRDA:261,44,0,186
BRDA:262,45,0,186
BRDA:263,46,0,186
BRDA:264,47,0,186
BRDA:265,48,0,186
BRDA:266,49,0,186
BRDA:275,50,0,186
BRDA:276,51,0,186
BRDA:277,52,0,186
BRDA:278,53,0,186
BRDA:279,54,0,186
BRDA:280,55,0,186
BRDA:281,56,0,186
BRDA:282,57,0,186
BRDA:283,58,0,186
BRDA:285,59,0,151
BRDA:285,59,1,35
BRDA:288,60,0,35
BRDA:288,60,1,35
BRDA:289,61,0,0
BRDA:289,61,1,35
BRDA:291,62,0,0
BRDA:291,62,1,35
BRDA:293,63,0,0
BRDA:293,63,1,35
BRDA:293,64,0,35
BRDA:293,64,1,35
BRDA:295,65,0,0
BRDA:295,65,1,186
BRDA:298,66,0,0
BRDA:298,66,1,35
BRDA:300,67,0,0
BRDA:300,67,1,35
BRDA:303,68,0,0
BRDA:303,68,1,35
BRDA:303,69,0,35
BRDA:303,69,1,0
BRDA:307,70,0,35
BRDA:307,70,1,0
BRDA:311,71,0,7
BRDA:311,71,1,179
BRDA:315,72,0,0
BRDA:315,72,1,7
BRDA:320,73,0,3
BRDA:320,73,1,4
BRDA:320,74,0,7
BRDA:320,74,1,7
BRDA:326,75,0,0
BRDA:326,75,1,35
BRDA:326,76,0,35
BRDA:326,76,1,0
BRDA:331,77,0,0
BRDA:331,77,1,35
BRDA:331,78,0,35
BRDA:331,78,1,15
BRDA:331,78,2,15
BRDA:336,79,0,0
BRDA:336,79,1,0
BRDA:338,80,0,0
BRDA:338,80,1,0
BRDA:345,81,0,0
BRDA:345,81,1,35
BRDA:351,82,0,0
BRDA:351,82,1,35
BRDA:351,83,0,35
BRDA:351,83,1,0
BRDA:351,83,2,0
BRDA:353,84,0,0
BRDA:353,84,1,0
BRDA:361,85,0,0
BRDA:361,85,1,35
BRDA:361,86,0,35
BRDA:361,86,1,0
BRDA:366,87,0,35
BRDA:366,87,1,35
BRDA:369,88,0,0
BRDA:369,88,1,186
BRDA:371,89,0,0
BRDA:371,89,1,0
BRDA:374,90,0,0
BRDA:374,90,1,0
BRDA:388,91,0,0
BRDA:388,91,1,35
BRDA:404,92,0,2
BRDA:404,92,1,5
BRDA:417,93,0,2
BRDA:417,93,1,0
BRDA:417,94,0,2
BRDA:417,94,1,1
BRDA:432,95,0,2
BRDA:433,96,0,2
BRDA:434,97,0,2
BRDA:441,98,0,7
BRDA:441,98,1,4
BRDA:442,99,0,1
BRDA:442,99,1,0
BRDA:442,100,0,1
BRDA:442,100,1,0
BRDA:443,101,0,2
BRDA:443,101,1,4
BRF:191
BRH:93
end_of_record
TN:
SF:js\core\readiness.ts
FN:11,calcReadiness
FN:57,getEffectiveReadiness
FN:65,detectRecoveryDebt
FNF:3
FNH:3
FNDA:12,calcReadiness
FNDA:21,getEffectiveReadiness
FNDA:21,detectRecoveryDebt
DA:12,12
DA:13,12
DA:14,12
DA:15,12
DA:16,12
DA:17,12
DA:19,12
DA:20,12
DA:21,12
DA:22,12
DA:23,12
DA:26,12
DA:38,12
DA:49,12
DA:50,7
DA:51,4
DA:58,21
DA:59,3
DA:66,21
DA:67,21
DA:68,6
DA:70,6
DA:71,12
DA:72,11
DA:73,12
DA:74,12
DA:75,12
DA:76,12
DA:77,12
DA:79,12
DA:80,12
DA:81,12
DA:82,12
DA:83,12
DA:85,12
DA:86,7
DA:88,11
DA:89,10
DA:91,11
DA:92,11
DA:94,11
DA:95,11
DA:97,11
DA:98,11
DA:100,11
DA:101,11
DA:103,11
DA:104,11
DA:106,11
DA:107,11
DA:109,11
DA:110,11
DA:112,11
DA:113,11
DA:116,6
LF:55
LH:55
BRDA:12,0,0,12
BRDA:12,0,1,1
BRDA:13,1,0,12
BRDA:13,1,1,1
BRDA:14,2,0,12
BRDA:14,2,1,1
BRDA:15,3,0,12
BRDA:15,3,1,11
BRDA:16,4,0,12
BRDA:16,4,1,12
BRDA:17,5,0,12
BRDA:17,5,1,0
BRDA:19,6,0,12
BRDA:19,6,1,0
BRDA:20,7,0,12
BRDA:20,7,1,0
BRDA:21,8,0,12
BRDA:21,8,1,0
BRDA:22,9,0,12
BRDA:22,9,1,2
BRDA:23,10,0,12
BRDA:23,10,1,2
BRDA:26,11,0,12
BRDA:26,11,1,11
BRDA:26,11,2,11
BRDA:26,11,3,10
BRDA:26,11,4,10
BRDA:26,11,5,9
BRDA:26,11,6,9
BRDA:26,11,7,8
BRDA:26,11,8,8
BRDA:26,11,9,7
BRDA:26,11,10,7
BRDA:26,11,11,7
BRDA:26,11,12,7
BRDA:26,11,13,7
BRDA:26,11,14,7
BRDA:26,11,15,5
BRDA:26,11,16,7
BRDA:38,12,0,12
BRDA:38,12,1,11
BRDA:38,12,2,10
BRDA:38,12,3,9
BRDA:38,12,4,9
BRDA:38,12,5,8
BRDA:38,12,6,7
BRDA:38,12,7,6
BRDA:38,12,8,6
BRDA:38,12,9,4
BRDA:38,12,10,4
BRDA:38,12,11,4
BRDA:38,12,12,4
BRDA:38,12,13,4
BRDA:38,12,14,4
BRDA:38,12,15,2
BRDA:38,12,16,4
BRDA:49,13,0,5
BRDA:49,13,1,7
BRDA:50,14,0,3
BRDA:50,14,1,4
BRDA:58,15,0,18
BRDA:58,15,1,3
BRDA:67,16,0,15
BRDA:67,16,1,6
BRDA:71,17,0,1
BRDA:71,17,1,11
BRDA:72,18,0,11
BRDA:72,18,1,0
BRDA:73,19,0,12
BRDA:73,19,1,0
BRDA:74,20,0,12
BRDA:74,20,1,0
BRDA:75,21,0,12
BRDA:75,21,1,11
BRDA:76,22,0,12
BRDA:76,22,1,11
BRDA:77,23,0,12
BRDA:77,23,1,0
BRDA:79,24,0,12
BRDA:79,24,1,0
BRDA:80,25,0,12
BRDA:80,25,1,0
BRDA:81,26,0,12
BRDA:81,26,1,0
BRDA:82,27,0,12
BRDA:82,27,1,2
BRDA:83,28,0,12
BRDA:83,28,1,2
BRDA:85,29,0,4
BRDA:85,29,1,7
BRDA:85,30,0,12
BRDA:85,30,1,11
BRDA:86,31,0,0
BRDA:86,31,1,7
BRDA:86,32,0,7
BRDA:86,32,1,7
BRDA:88,33,0,1
BRDA:88,33,1,10
BRDA:88,34,0,11
BRDA:88,34,1,11
BRDA:89,35,0,0
BRDA:89,35,1,10
BRDA:89,36,0,10
BRDA:89,36,1,10
BRDA:91,37,0,0
BRDA:91,37,1,11
BRDA:91,38,0,11
BRDA:91,38,1,11
BRDA:92,39,0,0
BRDA:92,39,1,11
BRDA:92,40,0,11
BRDA:92,40,1,11
BRDA:94,41,0,0
BRDA:94,41,1,11
BRDA:94,42,0,11
BRDA:94,42,1,11
BRDA:95,43,0,0
BRDA:95,43,1,11
BRDA:95,44,0,11
BRDA:95,44,1,11
BRDA:97,45,0,0
BRDA:97,45,1,11
BRDA:98,46,0,0
BRDA:98,46,1,11
BRDA:100,47,0,0
BRDA:100,47,1,11
BRDA:101,48,0,0
BRDA:101,48,1,11
BRDA:103,49,0,0
BRDA:103,49,1,11
BRDA:103,50,0,11
BRDA:103,50,1,11
BRDA:104,51,0,0
BRDA:104,51,1,11
BRDA:104,52,0,11
BRDA:104,52,1,11
BRDA:106,53,0,0
BRDA:106,53,1,11
BRDA:106,54,0,11
BRDA:106,54,1,11
BRDA:107,55,0,0
BRDA:107,55,1,11
BRDA:107,56,0,11
BRDA:107,56,1,11
BRDA:109,57,0,0
BRDA:109,57,1,11
BRDA:109,58,0,11
BRDA:109,58,1,9
BRDA:110,59,0,0
BRDA:110,59,1,11
BRDA:110,60,0,11
BRDA:110,60,1,9
BRDA:112,61,0,0
BRDA:112,61,1,11
BRDA:113,62,0,0
BRDA:113,62,1,11
BRF:156
BRH:127
end_of_record
TN:
SF:js\core\recoveryScore.ts
FN:21,getWeightsForTier
FN:35,calculateRecoveryScore
FN:63,(anonymous_2)
FN:69,getBaseline
FN:72,(anonymous_4)
FN:73,(anonymous_5)
FN:78,zScoreToScore
FN:87,(anonymous_7)
FN:87,(anonymous_8)
FN:109,(anonymous_9)
FN:109,(anonymous_10)
FN:141,detectOptimalTier
FN:151,(anonymous_12)
FN:152,(anonymous_13)
FN:157,(anonymous_14)
FN:158,(anonymous_15)
FNF:16
FNH:16
FNDA:51,getWeightsForTier
FNDA:48,calculateRecoveryScore
FNDA:193,(anonymous_2)
FNDA:80,getBaseline
FNDA:175,(anonymous_4)
FNDA:175,(anonymous_5)
FNDA:31,zScoreToScore
FNDA:97,(anonymous_7)
FNDA:97,(anonymous_8)
FNDA:138,(anonymous_9)
FNDA:138,(anonymous_10)
FNDA:6,detectOptimalTier
FNDA:28,(anonymous_12)
FNDA:42,(anonymous_13)
FNDA:28,(anonymous_14)
FNDA:28,(anonymous_15)
DA:12,6
DA:15,6
DA:18,6
DA:22,51
DA:23,12
DA:24,5
DA:40,48
DA:42,48
DA:43,48
DA:44,48
DA:46,48
DA:47,48
DA:48,48
DA:51,48
DA:52,48
DA:55,48
DA:56,4
DA:59,44
DA:60,48
DA:61,48
DA:63,48
DA:64,193
DA:65,193
DA:66,193
DA:70,80
DA:71,80
DA:72,175
DA:73,175
DA:74,31
DA:75,80
DA:79,31
DA:80,31
DA:81,31
DA:85,48
DA:86,48
DA:87,97
DA:88,37
DA:89,37
DA:90,14
DA:91,14
DA:93,23
DA:98,44
DA:99,44
DA:100,44
DA:101,0
DA:102,0
DA:103,0
DA:107,44
DA:108,44
DA:109,138
DA:110,43
DA:111,43
DA:112,17
DA:113,17
DA:115,26
DA:117,1
DA:118,1
DA:119,1
DA:123,44
DA:124,44
DA:131,44
DA:142,6
DA:145,4
DA:146,4
DA:147,4
DA:148,4
DA:150,4
DA:151,28
DA:152,42
DA:154,4
DA:157,28
DA:158,28
DA:159,4
DA:161,4
DA:162,4
DA:165,4
DA:166,2
DA:167,1
LF:78
LH:75
BRDA:22,0,0,39
BRDA:22,0,1,12
BRDA:23,1,0,7
BRDA:23,1,1,5
BRDA:38,2,0,48
BRDA:42,3,0,48
BRDA:42,3,1,0
BRDA:43,4,0,48
BRDA:43,4,1,1
BRDA:44,5,0,48
BRDA:44,5,1,1
BRDA:46,6,0,48
BRDA:46,6,1,0
BRDA:47,7,0,48
BRDA:47,7,1,0
BRDA:48,8,0,48
BRDA:48,8,1,0
BRDA:55,9,0,4
BRDA:55,9,1,44
BRDA:59,10,0,44
BRDA:59,10,1,0
BRDA:60,11,0,48
BRDA:60,11,1,0
BRDA:64,12,0,0
BRDA:64,12,1,193
BRDA:64,13,0,193
BRDA:64,13,1,193
BRDA:66,14,0,193
BRDA:66,14,1,193
BRDA:66,14,2,187
BRDA:71,15,0,49
BRDA:71,15,1,31
BRDA:74,16,0,31
BRDA:74,16,1,23
BRDA:78,17,0,31
BRDA:79,18,0,17
BRDA:79,18,1,14
BRDA:86,19,0,37
BRDA:86,19,1,11
BRDA:86,20,0,48
BRDA:86,20,1,38
BRDA:86,20,2,38
BRDA:89,21,0,14
BRDA:89,21,1,23
BRDA:93,22,0,18
BRDA:93,22,1,5
BRDA:93,23,0,3
BRDA:93,23,1,2
BRDA:93,24,0,2
BRDA:93,24,1,0
BRDA:99,25,0,44
BRDA:99,25,1,0
BRDA:99,26,0,44
BRDA:99,26,1,44
BRDA:101,27,0,0
BRDA:101,27,1,0
BRDA:108,28,0,43
BRDA:108,28,1,1
BRDA:108,29,0,44
BRDA:108,29,1,44
BRDA:111,30,0,17
BRDA:111,30,1,26
BRDA:115,31,0,10
BRDA:115,31,1,16
BRDA:115,32,0,16
BRDA:115,32,1,0
BRDA:115,33,0,0
BRDA:115,33,1,0
BRDA:117,34,0,1
BRDA:117,34,1,0
BRDA:142,35,0,2
BRDA:142,35,1,4
BRDA:142,36,0,6
BRDA:142,36,1,6
BRDA:154,37,0,0
BRDA:154,37,1,4
BRDA:165,38,0,2
BRDA:165,38,1,2
BRDA:165,39,0,4
BRDA:165,39,1,2
BRDA:166,40,0,1
BRDA:166,40,1,1
BRF:82
BRH:66
end_of_record
TN:
SF:js\core\rehabProtocol.ts
FN:77,getProtocolsForIssues
FN:92,buildRehabSession
FN:141,(anonymous_2)
FN:150,getRehabDailySession
FN:159,getRehabPreWorkoutExercises
FNF:5
FNH:5
FNDA:176,getProtocolsForIssues
FNDA:6,buildRehabSession
FNDA:4,(anonymous_2)
FNDA:2,getRehabDailySession
FNDA:164,getRehabPreWorkoutExercises
DA:26,7
DA:39,7
DA:51,7
DA:64,7
DA:70,7
DA:78,176
DA:79,40
DA:80,40
DA:81,40
DA:82,70
DA:83,70
DA:84,68
DA:85,68
DA:86,68
DA:89,40
DA:96,6
DA:98,4
DA:100,4
DA:101,4
DA:103,19
DA:107,19
DA:109,19
DA:110,19
DA:112,19
DA:116,19
DA:117,19
DA:118,19
DA:120,19
DA:121,0
DA:124,19
DA:133,4
DA:135,4
DA:141,4
DA:151,2
DA:152,2
DA:160,164
DA:161,164
DA:162,164
DA:163,58
DA:164,275
DA:165,29
DA:166,29
DA:167,29
DA:175,164
LF:44
LH:43
BRDA:78,0,0,136
BRDA:78,0,1,40
BRDA:78,1,0,176
BRDA:78,1,1,176
BRDA:83,2,0,68
BRDA:83,2,1,2
BRDA:83,3,0,70
BRDA:83,3,1,69
BRDA:86,4,0,68
BRDA:86,4,1,0
BRDA:96,5,0,2
BRDA:96,5,1,4
BRDA:96,6,0,6
BRDA:96,6,1,6
BRDA:103,7,0,19
BRDA:103,7,1,0
BRDA:103,7,2,0
BRDA:103,7,3,0
BRDA:103,7,4,0
BRDA:107,8,0,0
BRDA:107,8,1,19
BRDA:110,9,0,0
BRDA:110,9,1,19
BRDA:112,10,0,12
BRDA:112,10,1,7
BRDA:117,11,0,19
BRDA:117,11,1,0
BRDA:120,12,0,0
BRDA:120,12,1,19
BRDA:128,13,0,19
BRDA:128,13,1,0
BRDA:133,14,0,0
BRDA:133,14,1,4
BRDA:164,15,0,246
BRDA:164,15,1,29
BRDA:166,16,0,0
BRDA:166,16,1,29
BRDA:168,17,0,29
BRDA:168,17,1,0
BRDA:171,18,0,275
BRDA:171,18,1,0
BRF:41
BRH:27
end_of_record
TN:
SF:js\core\sessionLoad.ts
FN:8,calculateSessionLoad
FNF:1
FNH:1
FNDA:11,calculateSessionLoad
DA:9,11
LF:1
LH:1
BRDA:8,0,0,11
BRDA:9,1,0,11
BRDA:9,1,1,4
BRDA:9,2,0,11
BRDA:9,2,1,1
BRF:5
BRH:5
end_of_record
TN:
SF:js\core\stats.ts
FN:11,getStreak
FN:15,(anonymous_1)
FN:33,getWeeklySummary
FN:76,getMonthStats
FNF:4
FNH:4
FNDA:16,getStreak
FNDA:2,(anonymous_1)
FNDA:24,getWeeklySummary
FNDA:20,getMonthStats
DA:12,16
DA:14,2
DA:15,2
DA:16,2
DA:18,2
DA:19,2
DA:20,2
DA:21,2
DA:22,0
DA:24,2
DA:27,2
DA:34,24
DA:35,24
DA:37,24
DA:38,24
DA:40,24
DA:41,24
DA:42,24
DA:43,24
DA:44,24
DA:45,24
DA:47,24
DA:48,18
DA:49,18
DA:51,10
DA:52,10
DA:53,4
DA:54,3
DA:55,10
DA:59,24
DA:60,24
DA:61,23
DA:63,24
DA:77,20
DA:78,20
DA:79,20
DA:80,20
DA:82,20
DA:83,8
DA:84,8
DA:86,1
DA:87,1
DA:88,0
DA:89,0
DA:93,20
LF:45
LH:42
BRDA:12,0,0,14
BRDA:12,0,1,2
BRDA:12,1,0,16
BRDA:12,1,1,16
BRDA:21,2,0,0
BRDA:21,2,1,2
BRDA:34,3,0,24
BRDA:34,3,1,0
BRDA:34,4,0,24
BRDA:34,4,1,0
BRDA:48,5,0,0
BRDA:48,5,1,18
BRDA:48,6,0,18
BRDA:48,6,1,18
BRDA:49,7,0,10
BRDA:49,7,1,8
BRDA:49,8,0,18
BRDA:49,8,1,17
BRDA:49,8,2,17
BRDA:49,8,3,16
BRDA:49,8,4,16
BRDA:49,8,5,13
BRDA:52,9,0,6
BRDA:52,9,1,4
BRDA:53,10,0,1
BRDA:53,10,1,3
BRDA:54,11,0,3
BRDA:54,11,1,0
BRDA:55,12,0,10
BRDA:55,12,1,0
BRDA:60,13,0,1
BRDA:60,13,1,23
BRDA:60,14,0,24
BRDA:60,14,1,1
BRDA:61,15,0,0
BRDA:61,15,1,23
BRDA:65,16,0,4
BRDA:65,16,1,20
BRDA:83,17,0,0
BRDA:83,17,1,8
BRDA:83,18,0,8
BRDA:83,18,1,8
BRDA:84,19,0,1
BRDA:84,19,1,7
BRDA:84,20,0,8
BRDA:84,20,1,7
BRDA:84,20,2,6
BRDA:84,20,3,6
BRDA:84,20,4,3
BRDA:87,21,0,1
BRDA:87,21,1,0
BRDA:88,22,0,0
BRDA:88,22,1,0
BRDA:89,23,0,0
BRDA:89,23,1,0
BRF:55
BRH:42
end_of_record
TN:
SF:js\core\storage.ts
FN:72,init
FN:87,saveSession
FN:104,deleteSession
FN:119,getAllSessions
FN:130,getLatestTestResults
FN:133,(anonymous_5)
FN:136,(anonymous_6)
FN:150,saveCheckin
FN:167,getCheckin
FN:178,getAllCheckins
FN:189,getCheckinsForLastDays
FN:215,saveSetting
FN:229,getSetting
FN:243,saveSettings
FN:282,getSettings
FN:305,saveManualStatus
FN:314,getManualStatus
FN:326,exportAllData
FN:350,importAllData
FN:389,(anonymous_19)
FN:406,(anonymous_20)
FN:421,(anonymous_21)
FN:441,clearAllData
FN:448,(anonymous_23)
FN:475,getActiveDb
FN:481,isDemoMode
FN:486,getActiveDatabase
FN:494,activateDemoData
FN:506,(anonymous_28)
FN:520,deactivateDemoData
FN:522,(anonymous_30)
FN:533,loadDemoModeState
FN:538,saveWaitlistEntry
FN:541,getWaitlistEntries
FN:546,_db
FNF:35
FNH:27
FNDA:1,init
FNDA:7,saveSession
FNDA:1,deleteSession
FNDA:3,getAllSessions
FNDA:1,getLatestTestResults
FNDA:1,(anonymous_5)
FNDA:0,(anonymous_6)
FNDA:6,saveCheckin
FNDA:2,getCheckin
FNDA:2,getAllCheckins
FNDA:0,getCheckinsForLastDays
FNDA:5,saveSetting
FNDA:15,getSetting
FNDA:1,saveSettings
FNDA:1,getSettings
FNDA:1,saveManualStatus
FNDA:2,getManualStatus
FNDA:1,exportAllData
FNDA:2,importAllData
FNDA:0,(anonymous_19)
FNDA:0,(anonymous_20)
FNDA:0,(anonymous_21)
FNDA:26,clearAllData
FNDA:26,(anonymous_23)
FNDA:279,getActiveDb
FNDA:7,isDemoMode
FNDA:0,getActiveDatabase
FNDA:4,activateDemoData
FNDA:4,(anonymous_28)
FNDA:10,deactivateDemoData
FNDA:4,(anonymous_30)
FNDA:4,loadDemoModeState
FNDA:0,saveWaitlistEntry
FNDA:0,getWaitlistEntries
FNDA:279,_db
DA:30,2
DA:57,2
DA:73,1
DA:74,1
DA:76,0
DA:88,7
DA:89,7
DA:90,1
DA:92,6
DA:93,6
DA:95,1
DA:105,1
DA:106,1
DA:108,0
DA:120,3
DA:121,3
DA:123,0
DA:131,1
DA:132,1
DA:133,1
DA:135,1
DA:136,0
DA:137,0
DA:139,0
DA:151,6
DA:152,6
DA:153,1
DA:155,5
DA:156,5
DA:158,1
DA:168,2
DA:169,2
DA:171,0
DA:179,2
DA:180,2
DA:182,0
DA:190,0
DA:191,0
DA:192,0
DA:193,0
DA:194,0
DA:195,0
DA:196,0
DA:201,0
DA:216,5
DA:217,5
DA:218,5
DA:220,0
DA:230,15
DA:231,15
DA:232,15
DA:234,5
DA:236,0
DA:244,1
DA:245,1
DA:246,1
DA:248,1
DA:249,1
DA:251,1
DA:252,0
DA:254,1
DA:255,0
DA:257,1
DA:258,0
DA:260,1
DA:261,0
DA:263,1
DA:264,0
DA:266,1
DA:267,0
DA:269,1
DA:270,0
DA:272,1
DA:273,0
DA:275,1
DA:283,1
DA:295,1
DA:306,1
DA:315,2
DA:327,1
DA:333,1
DA:351,2
DA:352,2
DA:356,0
DA:357,0
DA:359,0
DA:362,0
DA:363,0
DA:364,0
DA:367,0
DA:371,0
DA:372,0
DA:375,0
DA:376,0
DA:381,0
DA:382,2
DA:385,2
DA:387,2
DA:389,0
DA:390,0
DA:392,0
DA:394,0
DA:395,0
DA:396,0
DA:400,0
DA:408,0
DA:416,0
DA:417,0
DA:418,0
DA:419,0
DA:421,0
DA:425,0
DA:428,0
DA:429,0
DA:430,0
DA:433,0
DA:442,26
DA:449,26
DA:466,2
DA:473,2
DA:476,279
DA:477,279
DA:482,7
DA:487,0
DA:496,4
DA:497,4
DA:503,4
DA:506,4
DA:507,4
DA:508,4
DA:509,4
DA:510,4
DA:511,4
DA:512,4
DA:515,4
DA:516,4
DA:521,10
DA:522,4
DA:523,4
DA:525,4
DA:526,4
DA:528,10
DA:529,10
DA:534,4
DA:539,0
DA:542,0
DA:546,279
LF:147
LH:88
BRDA:89,0,0,1
BRDA:89,0,1,6
BRDA:89,1,0,7
BRDA:89,1,1,6
BRDA:135,2,0,1
BRDA:135,2,1,0
BRDA:136,3,0,0
BRDA:136,3,1,0
BRDA:136,4,0,0
BRDA:136,4,1,0
BRDA:137,5,0,0
BRDA:137,5,1,0
BRDA:152,6,0,1
BRDA:152,6,1,5
BRDA:152,7,0,6
BRDA:152,7,1,5
BRDA:169,8,0,2
BRDA:169,8,1,1
BRDA:232,9,0,10
BRDA:232,9,1,5
BRDA:245,10,0,1
BRDA:245,10,1,0
BRDA:248,11,0,1
BRDA:248,11,1,0
BRDA:251,12,0,0
BRDA:251,12,1,1
BRDA:254,13,0,0
BRDA:254,13,1,1
BRDA:257,14,0,0
BRDA:257,14,1,1
BRDA:260,15,0,0
BRDA:260,15,1,1
BRDA:263,16,0,0
BRDA:263,16,1,1
BRDA:266,17,0,0
BRDA:266,17,1,1
BRDA:269,18,0,0
BRDA:269,18,1,1
BRDA:272,19,0,0
BRDA:272,19,1,1
BRDA:351,20,0,2
BRDA:351,20,1,0
BRDA:351,21,0,2
BRDA:351,21,1,2
BRDA:351,21,2,1
BRDA:357,22,0,0
BRDA:357,22,1,0
BRDA:364,23,0,0
BRDA:364,23,1,0
BRDA:375,24,0,0
BRDA:375,24,1,0
BRDA:381,25,0,0
BRDA:381,25,1,0
BRDA:382,26,0,2
BRDA:382,26,1,0
BRDA:387,27,0,0
BRDA:387,27,1,0
BRDA:387,28,0,2
BRDA:387,28,1,0
BRDA:392,29,0,0
BRDA:392,29,1,0
BRDA:392,30,0,0
BRDA:392,30,1,0
BRDA:392,30,2,0
BRDA:395,31,0,0
BRDA:395,31,1,0
BRDA:396,32,0,0
BRDA:396,32,1,0
BRDA:417,33,0,0
BRDA:417,33,1,0
BRDA:418,34,0,0
BRDA:418,34,1,0
BRDA:419,35,0,0
BRDA:419,35,1,0
BRDA:419,36,0,0
BRDA:419,36,1,0
BRDA:421,37,0,0
BRDA:421,37,1,0
BRDA:422,38,0,0
BRDA:422,38,1,0
BRDA:423,39,0,0
BRDA:423,39,1,0
BRDA:429,40,0,0
BRDA:429,40,1,0
BRDA:476,41,0,0
BRDA:476,41,1,279
BRDA:476,42,0,279
BRDA:476,42,1,0
BRDA:487,43,0,0
BRDA:487,43,1,0
BRDA:487,44,0,0
BRDA:487,44,1,0
BRDA:507,45,0,1
BRDA:507,45,1,3
BRDA:508,46,0,0
BRDA:508,46,1,4
BRDA:510,47,0,1
BRDA:510,47,1,3
BRDA:511,48,0,1
BRDA:511,48,1,3
BRDA:512,49,0,1
BRDA:512,49,1,3
BRDA:521,50,0,4
BRDA:521,50,1,6
BRDA:542,51,0,0
BRDA:542,51,1,0
BRF:106
BRH:42
end_of_record
TN:
SF:js\core\streak.ts
FN:17,getCheckinStreak
FN:20,(anonymous_1)
FN:41,getTrainingStreak
FN:52,(anonymous_3)
FN:53,(anonymous_4)
FN:82,getGreenStreak
FN:111,getAllStreaks
FN:129,getStreakBonus
FN:137,getLongestStreak
FN:140,(anonymous_9)
FNF:10
FNH:7
FNDA:11,getCheckinStreak
FNDA:13,(anonymous_1)
FNDA:11,getTrainingStreak
FNDA:11,(anonymous_3)
FNDA:8,(anonymous_4)
FNDA:10,getGreenStreak
FNDA:7,getAllStreaks
FNDA:0,getStreakBonus
FNDA:0,getLongestStreak
FNDA:0,(anonymous_9)
DA:18,11
DA:20,13
DA:21,7
DA:22,11
DA:24,11
DA:25,16
DA:26,16
DA:27,16
DA:28,9
DA:30,7
DA:33,7
DA:47,11
DA:49,6
DA:50,11
DA:52,11
DA:53,8
DA:56,11
DA:59,11
DA:60,745
DA:61,745
DA:62,745
DA:65,745
DA:66,9
DA:67,5
DA:70,4
DA:75,6
DA:83,10
DA:86,6
DA:87,6
DA:88,12
DA:91,6
DA:92,10
DA:94,10
DA:95,11
DA:96,11
DA:98,11
DA:99,5
DA:101,6
DA:105,6
DA:118,7
DA:130,0
DA:138,0
DA:140,0
DA:141,0
DA:143,0
DA:144,0
DA:145,0
DA:147,0
DA:148,0
DA:149,0
DA:151,0
DA:152,0
DA:153,0
DA:154,0
DA:156,0
DA:157,0
DA:160,0
DA:162,0
DA:165,0
LF:59
LH:40
BRDA:18,0,0,4
BRDA:18,0,1,7
BRDA:18,1,0,11
BRDA:18,1,1,11
BRDA:21,2,0,7
BRDA:21,2,1,3
BRDA:27,3,0,9
BRDA:27,3,1,7
BRDA:47,4,0,5
BRDA:47,4,1,6
BRDA:47,5,0,11
BRDA:47,5,1,11
BRDA:49,6,0,6
BRDA:49,6,1,2
BRDA:52,7,0,11
BRDA:52,7,1,11
BRDA:52,7,2,9
BRDA:52,7,3,8
BRDA:62,8,0,745
BRDA:62,8,1,105
BRDA:65,9,0,9
BRDA:65,9,1,736
BRDA:66,10,0,5
BRDA:66,10,1,4
BRDA:83,11,0,4
BRDA:83,11,1,6
BRDA:83,12,0,10
BRDA:83,12,1,10
BRDA:88,13,0,12
BRDA:88,13,1,0
BRDA:91,14,0,6
BRDA:91,14,1,3
BRDA:98,15,0,5
BRDA:98,15,1,6
BRDA:138,16,0,0
BRDA:138,16,1,0
BRDA:138,17,0,0
BRDA:138,17,1,0
BRDA:149,18,0,0
BRDA:149,18,1,0
BRDA:151,19,0,0
BRDA:151,19,1,0
BRDA:153,20,0,0
BRDA:153,20,1,0
BRF:44
BRH:33
end_of_record
TN:
SF:js\core\types.ts
FNF:0
FNH:0
LF:0
LH:0
BRF:0
BRH:0
end_of_record
TN:
SF:js\core\validation.ts
FN:20,validate
FNF:1
FNH:1
FNDA:29,validate
DA:21,29
DA:22,29
DA:24,29
DA:25,27
DA:26,25
DA:27,23
DA:28,21
DA:29,20
DA:30,18
DA:31,17
DA:32,16
DA:33,15
DA:34,14
DA:35,13
LF:14
LH:14
BRDA:22,0,0,29
BRDA:22,0,1,22
BRDA:22,0,2,19
BRDA:22,0,3,14
BRDA:22,0,4,9
BRDA:22,0,5,7
BRDA:22,0,6,5
BRDA:22,0,7,4
BRDA:22,0,8,3
BRDA:24,1,0,2
BRDA:24,1,1,27
BRDA:25,2,0,2
BRDA:25,2,1,25
BRDA:25,3,0,27
BRDA:25,3,1,7
BRDA:25,3,2,6
BRDA:26,4,0,2
BRDA:26,4,1,23
BRDA:26,5,0,25
BRDA:26,5,1,3
BRDA:26,5,2,2
BRDA:27,6,0,2
BRDA:27,6,1,21
BRDA:27,7,0,23
BRDA:27,7,1,5
BRDA:27,7,2,4
BRDA:28,8,0,1
BRDA:28,8,1,20
BRDA:28,9,0,21
BRDA:28,9,1,3
BRDA:29,10,0,2
BRDA:29,10,1,18
BRDA:29,11,0,20
BRDA:29,11,1,5
BRDA:29,11,2,4
BRDA:30,12,0,1
BRDA:30,12,1,17
BRDA:30,13,0,18
BRDA:30,13,1,2
BRDA:30,13,2,2
BRDA:31,14,0,1
BRDA:31,14,1,16
BRDA:31,15,0,17
BRDA:31,15,1,3
BRDA:31,15,2,3
BRDA:32,16,0,1
BRDA:32,16,1,15
BRDA:32,17,0,16
BRDA:32,17,1,2
BRDA:32,17,2,2
BRDA:33,18,0,1
BRDA:33,18,1,14
BRDA:33,19,0,15
BRDA:33,19,1,2
BRDA:33,19,2,2
BRDA:34,20,0,1
BRDA:34,20,1,13
BRDA:34,21,0,14
BRDA:34,21,1,2
BRDA:34,21,2,2
BRF:60
BRH:60
end_of_record
TN:
SF:js\core\weeklyPlan.ts
FN:24,buildWeeklyPlanDays
FN:97,getThisWeekPlan
FNF:2
FNH:1
FNDA:22,buildWeeklyPlanDays
FNDA:0,getThisWeekPlan
DA:42,22
DA:43,22
DA:44,0
DA:47,22
DA:48,22
DA:50,22
DA:51,22
DA:52,154
DA:53,154
DA:56,22
DA:57,22
DA:58,154
DA:59,154
DA:60,154
DA:62,154
DA:69,154
DA:70,154
DA:72,154
DA:74,154
DA:78,154
DA:90,22
DA:104,0
DA:105,0
DA:108,0
DA:109,0
DA:110,0
DA:112,0
LF:27
LH:20
BRDA:29,0,0,22
BRDA:30,1,0,22
BRDA:31,2,0,22
BRDA:32,3,0,22
BRDA:33,4,0,22
BRDA:34,5,0,22
BRDA:35,6,0,22
BRDA:36,7,0,22
BRDA:37,8,0,22
BRDA:38,9,0,22
BRDA:39,10,0,22
BRDA:40,11,0,22
BRDA:43,12,0,0
BRDA:43,12,1,22
BRDA:69,13,0,154
BRDA:69,13,1,119
BRDA:70,14,0,154
BRDA:70,14,1,119
BRDA:74,15,0,35
BRDA:74,15,1,119
BRDA:75,16,0,35
BRDA:75,16,1,20
BRDA:101,17,0,0
BRDA:102,18,0,0
BRDA:104,19,0,0
BRDA:104,19,1,0
BRF:26
BRH:21
end_of_record
TN:
SF:js\core\import\csvParser.ts
FN:12,normalizeHeader
FN:21,parseHealthSyncCSV
FN:23,(anonymous_2)
FN:29,(anonymous_3)
FN:53,mergeImportedBiometrics
FN:58,(anonymous_5)
FN:60,(anonymous_6)
FNF:7
FNH:7
FNDA:16,normalizeHeader
FNDA:6,parseHealthSyncCSV
FNDA:12,(anonymous_2)
FNDA:32,(anonymous_3)
FNDA:3,mergeImportedBiometrics
FNDA:2,(anonymous_5)
FNDA:2,(anonymous_6)
DA:10,1
DA:13,16
DA:14,16
DA:15,12
DA:16,8
DA:17,4
DA:18,0
DA:22,6
DA:23,12
DA:24,4
DA:25,4
DA:26,6
DA:27,6
DA:28,6
DA:29,32
DA:30,8
DA:31,8
DA:32,7
DA:33,7
DA:34,7
DA:35,7
DA:36,7
DA:37,6
DA:38,6
DA:40,7
DA:41,6
DA:42,6
DA:44,7
DA:45,6
DA:46,6
DA:48,7
DA:50,8
DA:57,3
DA:58,3
DA:59,3
DA:60,2
DA:61,2
DA:62,2
DA:63,2
DA:64,2
DA:65,2
DA:67,3
LF:42
LH:41
BRDA:14,0,0,4
BRDA:14,0,1,12
BRDA:14,1,0,16
BRDA:14,1,1,12
BRDA:15,2,0,4
BRDA:15,2,1,8
BRDA:16,3,0,4
BRDA:16,3,1,4
BRDA:16,4,0,8
BRDA:16,4,1,4
BRDA:16,4,2,4
BRDA:16,4,3,0
BRDA:17,5,0,4
BRDA:17,5,1,0
BRDA:22,6,0,2
BRDA:22,6,1,4
BRDA:22,7,0,6
BRDA:22,7,1,5
BRDA:24,8,0,0
BRDA:24,8,1,4
BRDA:25,9,0,4
BRDA:25,9,1,0
BRDA:30,10,0,8
BRDA:30,10,1,0
BRDA:31,11,0,1
BRDA:31,11,1,7
BRDA:36,12,0,6
BRDA:36,12,1,1
BRDA:36,13,0,7
BRDA:36,13,1,7
BRDA:38,14,0,6
BRDA:38,14,1,0
BRDA:38,15,0,6
BRDA:38,15,1,6
BRDA:40,16,0,6
BRDA:40,16,1,1
BRDA:40,17,0,7
BRDA:40,17,1,7
BRDA:42,18,0,6
BRDA:42,18,1,0
BRDA:42,19,0,6
BRDA:42,19,1,6
BRDA:44,20,0,6
BRDA:44,20,1,1
BRDA:44,21,0,7
BRDA:44,21,1,7
BRDA:46,22,0,6
BRDA:46,22,1,0
BRDA:46,23,0,6
BRDA:46,23,1,6
BRDA:61,24,0,0
BRDA:61,24,1,2
BRDA:63,25,0,1
BRDA:63,25,1,1
BRDA:63,26,0,2
BRDA:63,26,1,2
BRDA:63,26,2,1
BRDA:63,27,0,1
BRDA:63,27,1,0
BRDA:64,28,0,2
BRDA:64,28,1,0
BRDA:64,29,0,2
BRDA:64,29,1,2
BRDA:64,29,2,0
BRDA:64,30,0,0
BRDA:64,30,1,0
BRDA:65,31,0,2
BRDA:65,31,1,0
BRDA:65,32,0,2
BRDA:65,32,1,2
BRDA:65,32,2,0
BRDA:65,33,0,0
BRDA:65,33,1,0
BRF:73
BRH:55
end_of_record
TN:
SF:js\stores\useAppStore.ts
FN:79,makeTodayISO
FN:83,makeTomorrowDate
FN:95,saveGuestSessions
FN:99,getGuestSessions
FN:103,saveGuestCheckins
FN:107,getGuestCheckins
FN:111,saveGuestSettings
FN:115,clearGuestData
FN:123,computeDerived
FN:144,(anonymous_9)
FN:184,(anonymous_10)
FN:185,(anonymous_11)
FN:187,(anonymous_12)
FN:188,(anonymous_13)
FN:190,(anonymous_14)
FN:438,(anonymous_15)
FN:464,(anonymous_16)
FN:487,(anonymous_17)
FN:599,(anonymous_18)
FN:605,(anonymous_19)
FN:612,(anonymous_20)
FN:616,(anonymous_21)
FN:620,(anonymous_22)
FN:624,(anonymous_23)
FN:628,(anonymous_24)
FN:632,(anonymous_25)
FN:636,(anonymous_26)
FN:642,(anonymous_27)
FN:644,(anonymous_28)
FN:648,(anonymous_29)
FN:651,(anonymous_30)
FN:656,(anonymous_31)
FN:660,(anonymous_32)
FN:661,(anonymous_33)
FN:666,(anonymous_34)
FN:686,(anonymous_35)
FN:707,(anonymous_36)
FN:752,(anonymous_37)
FN:759,(anonymous_38)
FN:762,(anonymous_39)
FN:766,(anonymous_40)
FN:770,(anonymous_41)
FN:777,(anonymous_42)
FN:780,(anonymous_43)
FN:784,(anonymous_44)
FN:788,(anonymous_45)
FN:795,(anonymous_46)
FN:798,(anonymous_47)
FN:802,(anonymous_48)
FN:816,(anonymous_49)
FN:845,(anonymous_50)
FN:889,(anonymous_51)
FN:907,(anonymous_52)
FN:950,(anonymous_53)
FN:972,(anonymous_54)
FN:976,(anonymous_55)
FN:1001,(anonymous_56)
FN:1012,(anonymous_57)
FN:1042,(anonymous_58)
FN:1049,(anonymous_59)
FN:1059,(anonymous_60)
FN:1116,(anonymous_61)
FN:1180,(anonymous_62)
FN:1182,(anonymous_63)
FN:1198,(anonymous_64)
FNF:65
FNH:17
FNDA:2,makeTodayISO
FNDA:32,makeTomorrowDate
FNDA:0,saveGuestSessions
FNDA:0,getGuestSessions
FNDA:0,saveGuestCheckins
FNDA:0,getGuestCheckins
FNDA:0,saveGuestSettings
FNDA:0,clearGuestData
FNDA:16,computeDerived
FNDA:0,(anonymous_9)
FNDA:4,(anonymous_10)
FNDA:0,(anonymous_11)
FNDA:4,(anonymous_12)
FNDA:4,(anonymous_13)
FNDA:0,(anonymous_14)
FNDA:2,(anonymous_15)
FNDA:0,(anonymous_16)
FNDA:0,(anonymous_17)
FNDA:0,(anonymous_18)
FNDA:5,(anonymous_19)
FNDA:0,(anonymous_20)
FNDA:0,(anonymous_21)
FNDA:0,(anonymous_22)
FNDA:0,(anonymous_23)
FNDA:0,(anonymous_24)
FNDA:0,(anonymous_25)
FNDA:0,(anonymous_26)
FNDA:3,(anonymous_27)
FNDA:0,(anonymous_28)
FNDA:0,(anonymous_29)
FNDA:0,(anonymous_30)
FNDA:0,(anonymous_31)
FNDA:0,(anonymous_32)
FNDA:0,(anonymous_33)
FNDA:1,(anonymous_34)
FNDA:2,(anonymous_35)
FNDA:0,(anonymous_36)
FNDA:0,(anonymous_37)
FNDA:3,(anonymous_38)
FNDA:1,(anonymous_39)
FNDA:1,(anonymous_40)
FNDA:0,(anonymous_41)
FNDA:3,(anonymous_42)
FNDA:1,(anonymous_43)
FNDA:1,(anonymous_44)
FNDA:0,(anonymous_45)
FNDA:0,(anonymous_46)
FNDA:0,(anonymous_47)
FNDA:0,(anonymous_48)
FNDA:0,(anonymous_49)
FNDA:0,(anonymous_50)
FNDA:0,(anonymous_51)
FNDA:0,(anonymous_52)
FNDA:0,(anonymous_53)
FNDA:0,(anonymous_54)
FNDA:0,(anonymous_55)
FNDA:0,(anonymous_56)
FNDA:0,(anonymous_57)
FNDA:0,(anonymous_58)
FNDA:0,(anonymous_59)
FNDA:0,(anonymous_60)
FNDA:0,(anonymous_61)
FNDA:0,(anonymous_62)
FNDA:0,(anonymous_63)
FNDA:0,(anonymous_64)
DA:80,2
DA:84,32
DA:85,32
DA:86,32
DA:91,2
DA:92,2
DA:93,2
DA:96,0
DA:100,0
DA:104,0
DA:108,0
DA:112,0
DA:116,0
DA:117,0
DA:118,0
DA:140,16
DA:141,16
DA:144,16
DA:145,16
DA:146,16
DA:147,16
DA:148,16
DA:149,16
DA:152,16
DA:157,16
DA:163,16
DA:169,16
DA:170,16
DA:173,16
DA:174,16
DA:179,16
DA:182,16
DA:183,16
DA:184,4
DA:185,0
DA:186,16
DA:187,16
DA:188,16
DA:189,16
DA:190,0
DA:192,16
DA:193,16
DA:194,16
DA:197,16
DA:198,16
DA:199,16
DA:200,16
DA:201,16
DA:202,16
DA:203,16
DA:206,16
DA:214,16
DA:430,2
DA:431,2
DA:438,2
DA:440,2
DA:441,2
DA:442,2
DA:443,2
DA:444,2
DA:446,2
DA:465,0
DA:466,0
DA:483,0
DA:488,0
DA:489,0
DA:490,0
DA:491,0
DA:497,0
DA:498,0
DA:499,0
DA:500,0
DA:501,0
DA:502,0
DA:503,0
DA:504,0
DA:506,0
DA:507,0
DA:510,0
DA:511,0
DA:512,0
DA:514,0
DA:515,0
DA:516,0
DA:520,0
DA:522,0
DA:523,0
DA:525,0
DA:526,0
DA:527,0
DA:530,0
DA:531,0
DA:533,0
DA:534,0
DA:536,0
DA:538,0
DA:539,0
DA:542,0
DA:543,0
DA:544,0
DA:546,0
DA:547,0
DA:548,0
DA:552,0
DA:554,0
DA:591,0
DA:593,0
DA:594,0
DA:600,0
DA:601,0
DA:602,0
DA:603,0
DA:606,5
DA:607,5
DA:608,5
DA:609,5
DA:610,5
DA:613,0
DA:614,0
DA:617,0
DA:618,0
DA:621,0
DA:622,0
DA:625,0
DA:626,0
DA:629,0
DA:630,0
DA:633,0
DA:634,0
DA:637,0
DA:638,0
DA:643,3
DA:644,3
DA:648,0
DA:652,0
DA:653,0
DA:657,0
DA:658,0
DA:660,0
DA:661,0
DA:667,1
DA:668,1
DA:669,1
DA:670,0
DA:671,0
DA:672,0
DA:673,0
DA:674,0
DA:676,1
DA:677,1
DA:678,1
DA:679,1
DA:681,0
DA:682,0
DA:687,2
DA:688,2
DA:706,2
DA:707,2
DA:709,2
DA:710,0
DA:711,0
DA:712,0
DA:713,0
DA:714,0
DA:717,2
DA:720,2
DA:727,2
DA:730,2
DA:731,0
DA:742,2
DA:745,2
DA:747,0
DA:748,0
DA:753,0
DA:754,0
DA:755,0
DA:756,0
DA:760,3
DA:761,3
DA:762,3
DA:764,3
DA:765,1
DA:766,1
DA:768,2
DA:769,2
DA:770,2
DA:772,3
DA:773,3
DA:774,3
DA:778,3
DA:779,3
DA:780,3
DA:782,3
DA:783,1
DA:784,1
DA:786,2
DA:787,2
DA:788,2
DA:790,3
DA:791,3
DA:792,3
DA:796,0
DA:797,0
DA:798,0
DA:800,0
DA:801,0
DA:802,0
DA:803,0
DA:805,0
DA:806,0
DA:807,0
DA:808,0
DA:809,0
DA:810,0
DA:811,0
DA:812,0
DA:813,0
DA:816,0
DA:824,0
DA:844,0
DA:845,0
DA:846,0
DA:849,0
DA:850,0
DA:851,0
DA:852,0
DA:853,0
DA:857,0
DA:864,0
DA:866,0
DA:867,0
DA:885,0
DA:890,0
DA:891,0
DA:892,0
DA:893,0
DA:894,0
DA:895,0
DA:896,0
DA:897,0
DA:898,0
DA:899,0
DA:900,0
DA:902,0
DA:903,0
DA:908,0
DA:909,0
DA:911,0
DA:912,0
DA:915,0
DA:916,0
DA:919,0
DA:920,0
DA:921,0
DA:925,0
DA:926,0
DA:928,0
DA:932,0
DA:933,0
DA:937,0
DA:938,0
DA:942,0
DA:943,0
DA:945,0
DA:946,0
DA:947,0
DA:948,0
DA:950,0
DA:951,0
DA:952,0
DA:955,0
DA:959,0
DA:960,0
DA:961,0
DA:962,0
DA:963,0
DA:965,0
DA:966,0
DA:967,0
DA:968,0
DA:973,0
DA:977,0
DA:978,0
DA:979,0
DA:980,0
DA:981,0
DA:982,0
DA:993,0
DA:995,0
DA:996,0
DA:1002,0
DA:1005,0
DA:1006,0
DA:1007,0
DA:1008,0
DA:1009,0
DA:1010,0
DA:1012,0
DA:1013,0
DA:1014,0
DA:1016,0
DA:1018,0
DA:1022,0
DA:1023,0
DA:1024,0
DA:1026,0
DA:1031,0
DA:1033,0
DA:1034,0
DA:1038,0
DA:1039,0
DA:1043,0
DA:1044,0
DA:1045,0
DA:1050,0
DA:1053,0
DA:1054,0
DA:1055,0
DA:1056,0
DA:1057,0
DA:1058,0
DA:1059,0
DA:1060,0
DA:1061,0
DA:1064,0
DA:1068,0
DA:1069,0
DA:1070,0
DA:1071,0
DA:1073,0
DA:1078,0
DA:1079,0
DA:1080,0
DA:1081,0
DA:1082,0
DA:1084,0
DA:1097,0
DA:1098,0
DA:1112,0
DA:1117,0
DA:1118,0
DA:1120,0
DA:1121,0
DA:1130,0
DA:1131,0
DA:1133,0
DA:1134,0
DA:1138,0
DA:1139,0
DA:1157,0
DA:1170,0
DA:1172,0
DA:1174,0
DA:1175,0
DA:1180,0
DA:1183,0
DA:1184,0
DA:1199,0
DA:1200,0
DA:1201,0
DA:1203,0
DA:1204,0
DA:1207,0
DA:1208,0
DA:1211,0
DA:1212,0
DA:1215,0
DA:1223,0
DA:1224,0
DA:1226,0
DA:1227,0
DA:1231,0
DA:1235,0
DA:1253,0
DA:1255,0
DA:1270,0
DA:1271,0
DA:1273,0
DA:1274,0
LF:379
LH:100
BRDA:79,0,0,2
BRDA:83,1,0,32
BRDA:84,2,0,32
BRDA:84,2,1,0
BRDA:100,3,0,0
BRDA:100,3,1,0
BRDA:108,4,0,0
BRDA:108,4,1,0
BRDA:130,5,0,16
BRDA:131,6,0,16
BRDA:132,7,0,16
BRDA:134,8,0,16
BRDA:135,9,0,16
BRDA:136,10,0,16
BRDA:137,11,0,16
BRDA:138,12,0,16
BRDA:140,13,0,16
BRDA:140,13,1,0
BRDA:144,14,0,0
BRDA:144,14,1,0
BRDA:144,15,0,0
BRDA:144,15,1,0
BRDA:145,16,0,16
BRDA:145,16,1,14
BRDA:146,17,0,2
BRDA:146,17,1,14
BRDA:149,18,0,2
BRDA:149,18,1,14
BRDA:152,19,0,14
BRDA:152,19,1,2
BRDA:157,20,0,16
BRDA:157,20,1,0
BRDA:159,21,0,0
BRDA:159,21,1,0
BRDA:169,22,0,16
BRDA:169,22,1,16
BRDA:170,23,0,16
BRDA:170,23,1,16
BRDA:179,24,0,16
BRDA:179,24,1,16
BRDA:187,25,0,4
BRDA:187,25,1,4
BRDA:187,25,2,2
BRDA:188,26,0,4
BRDA:188,26,1,4
BRDA:188,26,2,2
BRDA:189,27,0,0
BRDA:189,27,1,16
BRDA:190,28,0,0
BRDA:190,28,1,0
BRDA:190,28,2,0
BRDA:190,28,3,0
BRDA:193,29,0,16
BRDA:193,29,1,14
BRDA:207,30,0,16
BRDA:207,30,1,0
BRDA:498,31,0,0
BRDA:498,31,1,0
BRDA:499,32,0,0
BRDA:499,32,1,0
BRDA:500,33,0,0
BRDA:500,33,1,0
BRDA:501,34,0,0
BRDA:501,34,1,0
BRDA:502,35,0,0
BRDA:502,35,1,0
BRDA:503,36,0,0
BRDA:503,36,1,0
BRDA:504,37,0,0
BRDA:504,37,1,0
BRDA:506,38,0,0
BRDA:506,38,1,0
BRDA:506,39,0,0
BRDA:506,39,1,0
BRDA:514,40,0,0
BRDA:514,40,1,0
BRDA:516,41,0,0
BRDA:516,41,1,0
BRDA:520,42,0,0
BRDA:520,42,1,0
BRDA:522,43,0,0
BRDA:522,43,1,0
BRDA:530,44,0,0
BRDA:530,44,1,0
BRDA:530,45,0,0
BRDA:530,45,1,0
BRDA:536,46,0,0
BRDA:536,46,1,0
BRDA:536,47,0,0
BRDA:536,47,1,0
BRDA:552,48,0,0
BRDA:552,48,1,0
BRDA:552,49,0,0
BRDA:552,49,1,0
BRDA:552,50,0,0
BRDA:552,50,1,0
BRDA:565,51,0,0
BRDA:565,51,1,0
BRDA:566,52,0,0
BRDA:566,52,1,0
BRDA:567,53,0,0
BRDA:567,53,1,0
BRDA:570,54,0,0
BRDA:570,54,1,0
BRDA:571,55,0,0
BRDA:571,55,1,0
BRDA:572,56,0,0
BRDA:572,56,1,0
BRDA:573,57,0,0
BRDA:573,57,1,0
BRDA:574,58,0,0
BRDA:574,58,1,0
BRDA:575,59,0,0
BRDA:575,59,1,0
BRDA:576,60,0,0
BRDA:576,60,1,0
BRDA:577,61,0,0
BRDA:577,61,1,0
BRDA:578,62,0,0
BRDA:578,62,1,0
BRDA:579,63,0,0
BRDA:579,63,1,0
BRDA:580,64,0,0
BRDA:580,64,1,0
BRDA:581,65,0,0
BRDA:581,65,1,0
BRDA:582,66,0,0
BRDA:582,66,1,0
BRDA:583,67,0,0
BRDA:583,67,1,0
BRDA:584,68,0,0
BRDA:584,68,1,0
BRDA:585,69,0,0
BRDA:585,69,1,0
BRDA:642,70,0,3
BRDA:642,71,0,3
BRDA:653,72,0,0
BRDA:653,72,1,0
BRDA:659,73,0,0
BRDA:659,73,1,0
BRDA:669,74,0,0
BRDA:669,74,1,1
BRDA:709,75,0,0
BRDA:709,75,1,2
BRDA:730,76,0,0
BRDA:730,76,1,2
BRDA:764,77,0,1
BRDA:764,77,1,2
BRDA:765,78,0,1
BRDA:765,78,1,0
BRDA:769,79,0,2
BRDA:769,79,1,0
BRDA:772,80,0,0
BRDA:772,80,1,3
BRDA:774,81,0,0
BRDA:774,81,1,3
BRDA:782,82,0,1
BRDA:782,82,1,2
BRDA:783,83,0,1
BRDA:783,83,1,0
BRDA:787,84,0,2
BRDA:787,84,1,0
BRDA:790,85,0,0
BRDA:790,85,1,3
BRDA:792,86,0,0
BRDA:792,86,1,3
BRDA:797,87,0,0
BRDA:797,87,1,0
BRDA:797,87,2,0
BRDA:800,88,0,0
BRDA:800,88,1,0
BRDA:800,89,0,0
BRDA:800,89,1,0
BRDA:801,90,0,0
BRDA:801,90,1,0
BRDA:808,91,0,0
BRDA:808,91,1,0
BRDA:809,92,0,0
BRDA:809,92,1,0
BRDA:810,93,0,0
BRDA:810,93,1,0
BRDA:813,94,0,0
BRDA:813,94,1,0
BRDA:827,95,0,0
BRDA:827,95,1,0
BRDA:827,95,2,0
BRDA:837,96,0,0
BRDA:837,96,1,0
BRDA:839,97,0,0
BRDA:839,97,1,0
BRDA:840,98,0,0
BRDA:840,98,1,0
BRDA:841,99,0,0
BRDA:841,99,1,0
BRDA:842,100,0,0
BRDA:842,100,1,0
BRDA:844,101,0,0
BRDA:844,101,1,0
BRDA:849,102,0,0
BRDA:849,102,1,0
BRDA:866,103,0,0
BRDA:866,103,1,0
BRDA:911,104,0,0
BRDA:911,104,1,0
BRDA:915,105,0,0
BRDA:915,105,1,0
BRDA:915,106,0,0
BRDA:915,106,1,0
BRDA:920,107,0,0
BRDA:920,107,1,0
BRDA:932,108,0,0
BRDA:932,108,1,0
BRDA:932,109,0,0
BRDA:932,109,1,0
BRDA:932,109,2,0
BRDA:937,110,0,0
BRDA:937,110,1,0
BRDA:937,111,0,0
BRDA:937,111,1,0
BRDA:937,111,2,0
BRDA:942,112,0,0
BRDA:942,112,1,0
BRDA:942,112,2,0
BRDA:942,112,3,0
BRDA:943,113,0,0
BRDA:943,113,1,0
BRDA:966,114,0,0
BRDA:966,114,1,0
BRDA:1005,115,0,0
BRDA:1005,115,1,0
BRDA:1005,115,2,0
BRDA:1005,115,3,0
BRDA:1006,116,0,0
BRDA:1006,116,1,0
BRDA:1034,117,0,0
BRDA:1034,117,1,0
BRDA:1034,118,0,0
BRDA:1034,118,1,0
BRDA:1039,119,0,0
BRDA:1039,119,1,0
BRDA:1053,120,0,0
BRDA:1053,120,1,0
BRDA:1053,120,2,0
BRDA:1053,120,3,0
BRDA:1054,121,0,0
BRDA:1054,121,1,0
BRDA:1079,122,0,0
BRDA:1079,122,1,0
BRDA:1080,123,0,0
BRDA:1080,123,1,0
BRDA:1081,124,0,0
BRDA:1081,124,1,0
BRDA:1082,125,0,0
BRDA:1082,125,1,0
BRDA:1086,126,0,0
BRDA:1086,126,1,0
BRDA:1087,127,0,0
BRDA:1087,127,1,0
BRDA:1089,128,0,0
BRDA:1089,128,1,0
BRDA:1094,129,0,0
BRDA:1094,129,1,0
BRDA:1102,130,0,0
BRDA:1102,130,1,0
BRDA:1104,131,0,0
BRDA:1104,131,1,0
BRDA:1107,132,0,0
BRDA:1107,132,1,0
BRDA:1120,133,0,0
BRDA:1120,133,1,0
BRDA:1125,134,0,0
BRDA:1125,134,1,0
BRDA:1126,135,0,0
BRDA:1126,135,1,0
BRDA:1130,136,0,0
BRDA:1130,136,1,0
BRDA:1133,137,0,0
BRDA:1133,137,1,0
BRDA:1148,138,0,0
BRDA:1148,138,1,0
BRDA:1163,139,0,0
BRDA:1163,139,1,0
BRDA:1164,140,0,0
BRDA:1164,140,1,0
BRDA:1201,141,0,0
BRDA:1201,141,1,0
BRDA:1219,142,0,0
BRDA:1219,142,1,0
BRDA:1220,143,0,0
BRDA:1220,143,1,0
BRDA:1223,144,0,0
BRDA:1223,144,1,0
BRDA:1226,145,0,0
BRDA:1226,145,1,0
BRDA:1244,146,0,0
BRDA:1244,146,1,0
BRDA:1263,147,0,0
BRDA:1263,147,1,0
BRDA:1264,148,0,0
BRDA:1264,148,1,0
BRF:300
BRH:54
end_of_record
TN:
SF:js\stores\useTourStore.ts
FN:30,loadTourState
FN:43,saveTourState
FN:51,(anonymous_2)
FN:63,(anonymous_3)
FN:68,(anonymous_4)
FN:74,(anonymous_5)
FN:84,(anonymous_6)
FN:92,(anonymous_7)
FN:100,(anonymous_8)
FN:106,(anonymous_9)
FN:117,(anonymous_10)
FNF:11
FNH:0
FNDA:0,loadTourState
FNDA:0,saveTourState
FNDA:0,(anonymous_2)
FNDA:0,(anonymous_3)
FNDA:0,(anonymous_4)
FNDA:0,(anonymous_5)
FNDA:0,(anonymous_6)
FNDA:0,(anonymous_7)
FNDA:0,(anonymous_8)
FNDA:0,(anonymous_9)
FNDA:0,(anonymous_10)
DA:27,0
DA:31,0
DA:32,0
DA:33,0
DA:34,0
DA:37,0
DA:39,0
DA:44,0
DA:45,0
DA:47,0
DA:51,0
DA:52,0
DA:54,0
DA:64,0
DA:69,0
DA:70,0
DA:75,0
DA:76,0
DA:77,0
DA:79,0
DA:85,0
DA:86,0
DA:87,0
DA:93,0
DA:94,0
DA:95,0
DA:101,0
DA:107,0
DA:108,0
DA:112,0
DA:113,0
DA:118,0
DA:122,0
DA:123,0
LF:34
LH:0
BRDA:33,0,0,0
BRDA:33,0,1,0
BRDA:59,1,0,0
BRDA:59,1,1,0
BRDA:60,2,0,0
BRDA:60,2,1,0
BRDA:76,3,0,0
BRDA:76,3,1,0
BRDA:86,4,0,0
BRDA:86,4,1,0
BRDA:94,5,0,0
BRDA:94,5,1,0
BRDA:94,6,0,0
BRDA:94,6,1,0
BRF:14
BRH:0
end_of_record
TN:
SF:js\stores\slices\checkinSlice.ts
FN:35,createCheckinSlice
FN:54,(anonymous_1)
FN:55,(anonymous_2)
FN:56,(anonymous_3)
FN:57,(anonymous_4)
FN:58,(anonymous_5)
FN:59,(anonymous_6)
FN:60,(anonymous_7)
FN:61,(anonymous_8)
FN:62,(anonymous_9)
FN:63,(anonymous_10)
FN:64,(anonymous_11)
FN:65,(anonymous_12)
FN:66,(anonymous_13)
FNF:14
FNH:14
FNDA:15,createCheckinSlice
FNDA:1,(anonymous_1)
FNDA:1,(anonymous_2)
FNDA:1,(anonymous_3)
FNDA:1,(anonymous_4)
FNDA:1,(anonymous_5)
FNDA:1,(anonymous_6)
FNDA:1,(anonymous_7)
FNDA:1,(anonymous_8)
FNDA:1,(anonymous_9)
FNDA:1,(anonymous_10)
FNDA:1,(anonymous_11)
FNDA:1,(anonymous_12)
FNDA:1,(anonymous_13)
DA:39,15
DA:54,1
DA:55,1
DA:56,1
DA:57,1
DA:58,1
DA:59,1
DA:60,1
DA:61,1
DA:62,1
DA:63,1
DA:64,1
DA:65,1
DA:66,1
LF:14
LH:14
BRF:0
BRH:0
end_of_record
TN:
SF:js\stores\slices\dataSlice.ts
FN:30,createDataSlice
FNF:1
FNH:1
FNDA:2,createDataSlice
DA:31,2
LF:1
LH:1
BRF:0
BRH:0
end_of_record
TN:
SF:js\stores\slices\demoSlice.ts
FN:10,createDemoSlice
FNF:1
FNH:1
FNDA:2,createDemoSlice
DA:11,2
LF:1
LH:1
BRF:0
BRH:0
end_of_record
TN:
SF:js\stores\slices\sessionSlice.ts
FN:29,createSessionSlice
FN:42,(anonymous_1)
FN:43,(anonymous_2)
FN:44,(anonymous_3)
FN:45,(anonymous_4)
FN:46,(anonymous_5)
FN:47,(anonymous_6)
FN:49,(anonymous_7)
FN:52,(anonymous_8)
FN:58,(anonymous_9)
FN:60,(anonymous_10)
FN:77,(anonymous_11)
FN:78,(anonymous_12)
FNF:13
FNH:9
FNDA:2,createSessionSlice
FNDA:1,(anonymous_1)
FNDA:1,(anonymous_2)
FNDA:1,(anonymous_3)
FNDA:1,(anonymous_4)
FNDA:1,(anonymous_5)
FNDA:1,(anonymous_6)
FNDA:5,(anonymous_7)
FNDA:2,(anonymous_8)
FNDA:0,(anonymous_9)
FNDA:0,(anonymous_10)
FNDA:0,(anonymous_11)
FNDA:0,(anonymous_12)
DA:30,2
DA:42,1
DA:43,1
DA:44,1
DA:45,1
DA:46,1
DA:47,1
DA:50,5
DA:51,5
DA:52,2
DA:55,5
DA:59,0
DA:60,0
DA:61,0
DA:63,0
DA:64,0
DA:66,0
DA:67,0
DA:69,0
DA:71,0
DA:73,0
DA:77,0
DA:78,0
LF:23
LH:11
BRDA:61,0,0,0
BRDA:61,0,1,0
BRDA:63,1,0,0
BRDA:63,1,1,0
BRDA:66,2,0,0
BRDA:66,2,1,0
BRDA:66,3,0,0
BRDA:66,3,1,0
BRF:8
BRH:0
end_of_record
TN:
SF:js\stores\slices\uiSlice.ts
FN:24,createUiSlice
FN:39,(anonymous_1)
FN:40,(anonymous_2)
FN:41,(anonymous_3)
FN:42,(anonymous_4)
FN:43,(anonymous_5)
FN:44,(anonymous_6)
FNF:7
FNH:3
FNDA:2,createUiSlice
FNDA:0,(anonymous_1)
FNDA:0,(anonymous_2)
FNDA:0,(anonymous_3)
FNDA:0,(anonymous_4)
FNDA:1,(anonymous_5)
FNDA:1,(anonymous_6)
DA:25,2
DA:39,0
DA:40,0
DA:41,0
DA:42,0
DA:43,1
DA:44,1
LF:7
LH:3
BRF:0
BRH:0
end_of_record
