TN:
SF:js\core\achievements.ts
FN:28,getUnlockedAchievements
FN:39,checkAchievements
FN:46,(anonymous_2)
FN:75,saveUnlockedAchievements
FN:77,(anonymous_4)
FN:90,getAchievementStatus
FN:97,(anonymous_6)
FN:98,(anonymous_7)
FN:102,(anonymous_8)
FN:117,resetAchievements
FN:124,groupByTier
FN:125,(anonymous_11)
FN:135,groupByCategory
FN:136,(anonymous_13)
FNF:14
FNH:13
FNDA:6,getUnlockedAchievements
FNDA:4,checkAchievements
FNDA:1,(anonymous_2)
FNDA:2,saveUnlockedAchievements
FNDA:2,(anonymous_4)
FNDA:2,getAchievementStatus
FNDA:1,(anonymous_6)
FNDA:1,(anonymous_7)
FNDA:38,(anonymous_8)
FNDA:0,resetAchievements
FNDA:1,groupByTier
FNDA:3,(anonymous_11)
FNDA:1,groupByCategory
FNDA:3,(anonymous_13)
DA:29,6
DA:30,6
DA:32,0
DA:45,4
DA:46,4
DA:48,4
DA:49,4
DA:51,4
DA:53,76
DA:56,75
DA:57,2
DA:65,4
DA:66,2
DA:69,4
DA:76,2
DA:77,2
DA:81,2
DA:83,0
DA:96,2
DA:97,2
DA:98,2
DA:100,2
DA:102,2
DA:103,38
DA:104,38
DA:118,0
DA:125,1
DA:126,3
DA:127,3
DA:128,3
DA:136,1
DA:137,3
DA:138,3
DA:139,3
LF:34
LH:31
BRDA:53,0,0,1
BRDA:53,0,1,75
BRDA:56,1,0,2
BRDA:56,1,1,73
BRDA:65,2,0,2
BRDA:65,2,1,2
BRDA:79,3,0,2
BRDA:79,3,1,0
BRDA:106,4,0,1
BRDA:106,4,1,37
BRDA:107,5,0,28
BRDA:107,5,1,10
BRDA:126,6,0,2
BRDA:126,6,1,1
BRDA:137,7,0,2
BRDA:137,7,1,1
BRF:16
BRH:15
end_of_record
TN:
SF:js\core\advice.ts
FN:9,getCoachAdvice
FN:81,getApreExplanation
FN:119,getExplanation
FN:148,(anonymous_3)
FNF:4
FNH:2
FNDA:0,getCoachAdvice
FNDA:0,getApreExplanation
FNDA:6,getExplanation
FNDA:5,(anonymous_3)
DA:10,0
DA:11,0
DA:13,0
DA:14,0
DA:15,0
DA:16,0
DA:18,0
DA:21,0
DA:22,0
DA:23,0
DA:26,0
DA:27,0
DA:28,0
DA:31,0
DA:32,0
DA:33,0
DA:36,0
DA:37,0
DA:38,0
DA:39,0
DA:42,0
DA:43,0
DA:44,0
DA:45,0
DA:46,0
DA:49,0
DA:50,0
DA:51,0
DA:52,0
DA:53,0
DA:56,0
DA:57,0
DA:58,0
DA:61,0
DA:62,0
DA:63,0
DA:66,0
DA:67,0
DA:68,0
DA:71,0
DA:72,0
DA:75,0
DA:82,0
DA:84,0
DA:85,0
DA:86,0
DA:87,0
DA:90,0
DA:92,0
DA:95,0
DA:96,0
DA:97,0
DA:98,0
DA:101,0
DA:102,0
DA:103,0
DA:104,0
DA:105,0
DA:106,0
DA:107,0
DA:108,0
DA:112,0
DA:129,6
DA:131,6
DA:132,1
DA:133,1
DA:137,5
DA:138,1
DA:139,4
DA:140,2
DA:142,2
DA:146,5
DA:147,2
DA:148,5
DA:149,2
DA:150,2
DA:151,2
DA:152,2
DA:158,5
DA:159,2
DA:163,5
DA:164,2
DA:168,5
DA:169,2
DA:173,5
DA:174,7
DA:175,7
DA:179,5
LF:88
LH:26
BRDA:9,0,0,0
BRDA:9,1,0,0
BRDA:9,2,0,0
BRDA:11,3,0,0
BRDA:11,3,1,0
BRDA:13,4,0,0
BRDA:13,4,1,0
BRDA:15,5,0,0
BRDA:15,5,1,0
BRDA:22,6,0,0
BRDA:22,6,1,0
BRDA:22,7,0,0
BRDA:22,7,1,0
BRDA:22,7,2,0
BRDA:27,8,0,0
BRDA:27,8,1,0
BRDA:27,9,0,0
BRDA:27,9,1,0
BRDA:27,9,2,0
BRDA:32,10,0,0
BRDA:32,10,1,0
BRDA:32,11,0,0
BRDA:32,11,1,0
BRDA:38,12,0,0
BRDA:38,12,1,0
BRDA:38,13,0,0
BRDA:38,13,1,0
BRDA:38,13,2,0
BRDA:38,13,3,0
BRDA:43,14,0,0
BRDA:43,14,1,0
BRDA:43,15,0,0
BRDA:43,15,1,0
BRDA:45,16,0,0
BRDA:45,16,1,0
BRDA:45,17,0,0
BRDA:45,17,1,0
BRDA:50,18,0,0
BRDA:50,18,1,0
BRDA:50,19,0,0
BRDA:50,19,1,0
BRDA:50,19,2,0
BRDA:52,20,0,0
BRDA:52,20,1,0
BRDA:52,21,0,0
BRDA:52,21,1,0
BRDA:57,22,0,0
BRDA:57,22,1,0
BRDA:57,23,0,0
BRDA:57,23,1,0
BRDA:57,23,2,0
BRDA:62,24,0,0
BRDA:62,24,1,0
BRDA:62,25,0,0
BRDA:62,25,1,0
BRDA:62,25,2,0
BRDA:67,26,0,0
BRDA:67,26,1,0
BRDA:67,27,0,0
BRDA:67,27,1,0
BRDA:71,28,0,0
BRDA:71,28,1,0
BRDA:71,29,0,0
BRDA:71,29,1,0
BRDA:71,30,0,0
BRDA:71,30,1,0
BRDA:71,31,0,0
BRDA:71,31,1,0
BRDA:81,32,0,0
BRDA:81,33,0,0
BRDA:84,34,0,0
BRDA:84,34,1,0
BRDA:86,35,0,0
BRDA:86,35,1,0
BRDA:87,36,0,0
BRDA:87,36,1,0
BRDA:95,37,0,0
BRDA:95,37,1,0
BRDA:97,38,0,0
BRDA:97,38,1,0
BRDA:101,39,0,0
BRDA:101,39,1,0
BRDA:101,40,0,0
BRDA:101,40,1,0
BRDA:103,41,0,0
BRDA:103,41,1,0
BRDA:103,42,0,0
BRDA:103,42,1,0
BRDA:105,43,0,0
BRDA:105,43,1,0
BRDA:107,44,0,0
BRDA:107,44,1,0
BRDA:131,45,0,1
BRDA:131,45,1,5
BRDA:131,46,0,6
BRDA:131,46,1,6
BRDA:137,47,0,1
BRDA:137,47,1,4
BRDA:139,48,0,2
BRDA:139,48,1,2
BRDA:146,49,0,2
BRDA:146,49,1,3
BRDA:146,50,0,5
BRDA:146,50,1,2
BRDA:146,50,2,2
BRDA:148,51,0,5
BRDA:148,51,1,0
BRDA:149,52,0,2
BRDA:149,52,1,0
BRDA:151,53,0,2
BRDA:151,53,1,0
BRDA:158,54,0,2
BRDA:158,54,1,3
BRDA:158,55,0,5
BRDA:158,55,1,5
BRDA:158,55,2,5
BRDA:163,56,0,2
BRDA:163,56,1,3
BRDA:163,57,0,5
BRDA:163,57,1,5
BRDA:168,58,0,2
BRDA:168,58,1,3
BRDA:174,59,0,7
BRDA:174,59,1,0
BRDA:174,60,0,7
BRDA:174,60,1,7
BRF:126
BRH:30
end_of_record
TN:
SF:js\core\analytics.ts
FN:12,getTrendData
FN:19,(anonymous_1)
FN:20,(anonymous_2)
FN:22,(anonymous_3)
FN:34,getRpeTrend
FN:40,(anonymous_5)
FN:47,(anonymous_6)
FN:48,(anonymous_7)
FN:59,detectNegativeTrends
FN:148,getWeeklyAverages
FN:169,(anonymous_10)
FN:172,(anonymous_11)
FN:175,(anonymous_12)
FN:178,(anonymous_13)
FN:181,(anonymous_14)
FN:188,getOvertrainingWarning
FN:195,(anonymous_16)
FN:266,getPeriodComparison
FN:275,(anonymous_18)
FN:276,(anonymous_19)
FN:276,(anonymous_20)
FN:278,(anonymous_21)
FN:281,(anonymous_22)
FN:295,(anonymous_23)
FN:299,(anonymous_24)
FNF:25
FNH:18
FNDA:30,getTrendData
FNDA:4,(anonymous_1)
FNDA:0,(anonymous_2)
FNDA:4,(anonymous_3)
FNDA:30,getRpeTrend
FNDA:8,(anonymous_5)
FNDA:0,(anonymous_6)
FNDA:0,(anonymous_7)
FNDA:30,detectNegativeTrends
FNDA:15,getWeeklyAverages
FNDA:2,(anonymous_10)
FNDA:2,(anonymous_11)
FNDA:2,(anonymous_12)
FNDA:2,(anonymous_13)
FNDA:0,(anonymous_14)
FNDA:15,getOvertrainingWarning
FNDA:0,(anonymous_16)
FNDA:4,getPeriodComparison
FNDA:20,(anonymous_18)
FNDA:140,(anonymous_19)
FNDA:140,(anonymous_20)
FNDA:112,(anonymous_21)
FNDA:10,(anonymous_22)
FNDA:0,(anonymous_23)
FNDA:0,(anonymous_24)
DA:13,30
DA:14,30
DA:15,30
DA:16,30
DA:18,30
DA:19,4
DA:20,0
DA:22,30
DA:35,30
DA:36,30
DA:37,30
DA:39,30
DA:41,8
DA:47,0
DA:48,0
DA:60,30
DA:62,30
DA:65,0
DA:66,0
DA:67,0
DA:68,0
DA:69,0
DA:70,0
DA:72,0
DA:75,0
DA:76,0
DA:77,0
DA:91,0
DA:92,0
DA:93,0
DA:94,0
DA:95,0
DA:96,0
DA:98,0
DA:101,0
DA:102,0
DA:103,0
DA:117,0
DA:118,0
DA:119,0
DA:120,0
DA:121,0
DA:122,0
DA:124,0
DA:127,0
DA:128,0
DA:129,0
DA:142,0
DA:149,15
DA:151,2
DA:152,2
DA:153,2
DA:154,2
DA:155,2
DA:156,2
DA:157,2
DA:158,2
DA:160,2
DA:161,2
DA:163,2
DA:164,2
DA:165,2
DA:168,2
DA:169,2
DA:172,2
DA:175,2
DA:178,2
DA:181,0
DA:189,15
DA:190,15
DA:193,0
DA:194,0
DA:195,0
DA:197,0
DA:199,0
DA:200,0
DA:217,0
DA:218,0
DA:220,15
DA:221,15
DA:222,0
DA:223,0
DA:226,0
DA:230,0
DA:267,4
DA:269,2
DA:270,2
DA:271,2
DA:273,2
DA:275,2
DA:276,140
DA:277,20
DA:278,112
DA:281,2
DA:282,10
DA:283,10
DA:284,10
DA:285,10
DA:286,10
DA:287,10
DA:291,2
DA:292,2
DA:293,2
DA:295,2
DA:296,0
DA:297,0
DA:299,4
DA:300,0
DA:301,0
DA:304,4
LF:110
LH:59
BRDA:12,0,0,30
BRDA:19,1,0,4
BRDA:19,1,1,4
BRDA:24,2,0,4
BRDA:24,2,1,0
BRDA:25,3,0,4
BRDA:25,3,1,0
BRDA:26,4,0,4
BRDA:26,4,1,0
BRDA:34,5,0,30
BRDA:41,6,0,8
BRDA:41,6,1,8
BRDA:41,6,2,8
BRDA:41,6,3,4
BRDA:41,6,4,0
BRDA:50,7,0,0
BRDA:50,7,1,0
BRDA:62,8,0,30
BRDA:62,8,1,0
BRDA:69,9,0,0
BRDA:69,9,1,0
BRDA:75,10,0,0
BRDA:75,10,1,0
BRDA:95,11,0,0
BRDA:95,11,1,0
BRDA:95,12,0,0
BRDA:95,12,1,0
BRDA:95,12,2,0
BRDA:101,13,0,0
BRDA:101,13,1,0
BRDA:121,14,0,0
BRDA:121,14,1,0
BRDA:121,15,0,0
BRDA:121,15,1,0
BRDA:121,15,2,0
BRDA:127,16,0,0
BRDA:127,16,1,0
BRDA:149,17,0,13
BRDA:149,17,1,2
BRDA:154,18,0,0
BRDA:154,18,1,2
BRDA:156,19,0,0
BRDA:156,19,1,2
BRDA:160,20,0,2
BRDA:160,20,1,0
BRDA:164,21,0,2
BRDA:164,21,1,0
BRDA:165,22,0,2
BRDA:165,22,1,0
BRDA:171,23,0,2
BRDA:171,23,1,0
BRDA:174,24,0,2
BRDA:174,24,1,0
BRDA:177,25,0,2
BRDA:177,25,1,0
BRDA:190,26,0,15
BRDA:190,26,1,0
BRDA:193,27,0,0
BRDA:193,27,1,0
BRDA:197,28,0,0
BRDA:197,28,1,0
BRDA:199,29,0,0
BRDA:199,29,1,0
BRDA:199,30,0,0
BRDA:199,30,1,0
BRDA:218,31,0,0
BRDA:218,31,1,0
BRDA:218,32,0,0
BRDA:218,32,1,0
BRDA:221,33,0,0
BRDA:221,33,1,15
BRDA:222,34,0,0
BRDA:222,34,1,0
BRDA:222,35,0,0
BRDA:222,35,1,0
BRDA:231,36,0,0
BRDA:231,36,1,0
BRDA:267,37,0,2
BRDA:267,37,1,2
BRDA:267,38,0,4
BRDA:267,38,1,4
BRDA:273,39,0,0
BRDA:273,39,1,2
BRDA:273,40,0,2
BRDA:273,40,1,2
BRDA:277,41,0,4
BRDA:277,41,1,16
BRDA:285,42,0,8
BRDA:285,42,1,2
BRDA:286,43,0,4
BRDA:286,43,1,6
BRDA:286,44,0,4
BRDA:286,44,1,2
BRDA:295,45,0,2
BRDA:295,45,1,0
BRDA:296,46,0,0
BRDA:296,46,1,0
BRDA:297,47,0,0
BRDA:297,47,1,0
BRDA:297,47,2,0
BRDA:299,48,0,4
BRDA:299,48,1,0
BRDA:300,49,0,0
BRDA:300,49,1,0
BRDA:301,50,0,0
BRDA:301,50,1,0
BRF:106
BRH:41
end_of_record
TN:
SF:js\core\correlations.ts
FN:15,avg
FN:17,(anonymous_1)
FN:20,pctDiff
FN:28,getRecoveryScores
FN:40,sleepToRecovery
FN:42,(anonymous_5)
FN:42,(anonymous_6)
FN:43,(anonymous_7)
FN:43,(anonymous_8)
FN:62,sleepQualityToHrv
FN:63,(anonymous_10)
FN:63,(anonymous_11)
FN:64,(anonymous_12)
FN:64,(anonymous_13)
FN:83,stressToRecovery
FN:85,(anonymous_15)
FN:85,(anonymous_16)
FN:86,(anonymous_17)
FN:86,(anonymous_18)
FN:105,energyToRecovery
FN:107,(anonymous_20)
FN:107,(anonymous_21)
FN:108,(anonymous_22)
FN:108,(anonymous_23)
FN:158,hrvToReadiness
FN:159,(anonymous_25)
FN:163,(anonymous_26)
FN:164,(anonymous_27)
FN:165,(anonymous_28)
FN:168,(anonymous_29)
FN:169,(anonymous_30)
FN:203,weightTrend
FN:204,(anonymous_32)
FN:204,(anonymous_33)
FN:234,getAllCorrelations
FNF:35
FNH:35
FNDA:106,avg
FNDA:38,(anonymous_1)
FNDA:52,pctDiff
FNDA:51,getRecoveryScores
FNDA:17,sleepToRecovery
FNDA:10,(anonymous_5)
FNDA:8,(anonymous_6)
FNDA:10,(anonymous_7)
FNDA:2,(anonymous_8)
FNDA:17,sleepQualityToHrv
FNDA:10,(anonymous_10)
FNDA:6,(anonymous_11)
FNDA:10,(anonymous_12)
FNDA:2,(anonymous_13)
FNDA:17,stressToRecovery
FNDA:10,(anonymous_15)
FNDA:6,(anonymous_16)
FNDA:10,(anonymous_17)
FNDA:2,(anonymous_18)
FNDA:17,energyToRecovery
FNDA:10,(anonymous_20)
FNDA:8,(anonymous_21)
FNDA:10,(anonymous_22)
FNDA:2,(anonymous_23)
FNDA:17,hrvToReadiness
FNDA:10,(anonymous_25)
FNDA:8,(anonymous_26)
FNDA:8,(anonymous_27)
FNDA:8,(anonymous_28)
FNDA:6,(anonymous_29)
FNDA:2,(anonymous_30)
FNDA:17,weightTrend
FNDA:10,(anonymous_32)
FNDA:8,(anonymous_33)
FNDA:16,getAllCorrelations
DA:16,106
DA:17,38
DA:21,52
DA:22,9
DA:23,4
DA:24,4
DA:25,4
DA:29,51
DA:30,51
DA:31,30
DA:33,51
DA:41,17
DA:42,17
DA:43,17
DA:44,17
DA:45,17
DA:63,17
DA:64,17
DA:65,17
DA:66,17
DA:84,17
DA:85,17
DA:86,17
DA:87,17
DA:88,17
DA:106,17
DA:107,17
DA:108,17
DA:111,17
DA:112,16
DA:121,1
DA:122,1
DA:123,1
DA:126,1
DA:127,0
DA:131,1
DA:132,1
DA:141,0
DA:159,17
DA:160,17
DA:161,15
DA:163,8
DA:164,8
DA:165,8
DA:168,6
DA:169,2
DA:172,2
DA:173,2
DA:182,0
DA:183,17
DA:184,17
DA:186,17
DA:204,17
DA:205,17
DA:206,15
DA:209,2
DA:210,2
DA:211,2
DA:212,8
DA:213,8
DA:214,8
DA:215,8
DA:217,2
DA:218,2
DA:219,2
DA:220,17
DA:235,16
LF:67
LH:64
BRDA:16,0,0,91
BRDA:16,0,1,15
BRDA:21,1,0,43
BRDA:21,1,1,9
BRDA:21,2,0,52
BRDA:21,2,1,43
BRDA:22,3,0,5
BRDA:22,3,1,4
BRDA:22,4,0,9
BRDA:22,4,1,9
BRDA:23,5,0,0
BRDA:23,5,1,4
BRDA:23,6,0,4
BRDA:23,6,1,0
BRDA:24,7,0,0
BRDA:24,7,1,4
BRDA:24,8,0,4
BRDA:24,8,1,4
BRDA:24,8,2,4
BRDA:31,9,0,30
BRDA:31,9,1,0
BRDA:42,10,0,10
BRDA:42,10,1,8
BRDA:43,11,0,10
BRDA:43,11,1,10
BRDA:43,11,2,2
BRDA:48,12,0,4
BRDA:48,12,1,13
BRDA:48,13,0,17
BRDA:48,13,1,4
BRDA:50,14,0,0
BRDA:50,14,1,13
BRDA:50,15,0,13
BRDA:50,15,1,0
BRDA:63,16,0,10
BRDA:63,16,1,6
BRDA:64,17,0,10
BRDA:64,17,1,8
BRDA:64,17,2,2
BRDA:69,18,0,2
BRDA:69,18,1,15
BRDA:69,19,0,17
BRDA:69,19,1,2
BRDA:71,20,0,0
BRDA:71,20,1,15
BRDA:71,21,0,15
BRDA:71,21,1,0
BRDA:85,22,0,10
BRDA:85,22,1,8
BRDA:85,22,2,6
BRDA:86,23,0,10
BRDA:86,23,1,2
BRDA:91,24,0,2
BRDA:91,24,1,15
BRDA:91,25,0,17
BRDA:91,25,1,2
BRDA:93,26,0,0
BRDA:93,26,1,15
BRDA:93,27,0,15
BRDA:93,27,1,0
BRDA:107,28,0,10
BRDA:107,28,1,8
BRDA:108,29,0,10
BRDA:108,29,1,10
BRDA:108,29,2,2
BRDA:111,30,0,16
BRDA:111,30,1,1
BRDA:111,31,0,17
BRDA:111,31,1,4
BRDA:126,32,0,0
BRDA:126,32,1,1
BRDA:126,33,0,1
BRDA:126,33,1,1
BRDA:126,33,2,0
BRDA:131,34,0,1
BRDA:131,34,1,0
BRDA:135,35,0,1
BRDA:135,35,1,0
BRDA:135,36,0,1
BRDA:135,36,1,1
BRDA:136,37,0,1
BRDA:136,37,1,0
BRDA:136,38,0,1
BRDA:136,38,1,1
BRDA:144,39,0,0
BRDA:144,39,1,0
BRDA:144,40,0,0
BRDA:144,40,1,0
BRDA:146,41,0,0
BRDA:146,41,1,0
BRDA:146,42,0,0
BRDA:146,42,1,0
BRDA:159,43,0,10
BRDA:159,43,1,10
BRDA:160,44,0,15
BRDA:160,44,1,2
BRDA:172,45,0,2
BRDA:172,45,1,0
BRDA:172,46,0,2
BRDA:172,46,1,2
BRDA:172,46,2,2
BRDA:182,47,0,0
BRDA:182,47,1,0
BRDA:183,48,0,17
BRDA:183,48,1,0
BRDA:189,49,0,0
BRDA:189,49,1,0
BRDA:189,50,0,17
BRDA:189,50,1,0
BRDA:191,51,0,0
BRDA:191,51,1,0
BRDA:191,52,0,0
BRDA:191,52,1,0
BRDA:205,53,0,15
BRDA:205,53,1,2
BRDA:219,54,0,1
BRDA:219,54,1,1
BRDA:219,55,0,0
BRDA:219,55,1,1
BRDA:223,56,0,1
BRDA:223,56,1,1
BRF:121
BRH:86
end_of_record
TN:
SF:js\core\demoData.ts
FN:10,createRNG
FN:12,(anonymous_1)
FN:21,clamp
FN:26,generateDemoData
FN:286,generateDemoDataForProfile
FN:395,hashCode
FNF:6
FNH:4
FNDA:8,createRNG
FNDA:2576,(anonymous_1)
FNDA:2336,clamp
FNDA:8,generateDemoData
FNDA:0,generateDemoDataForProfile
FNDA:0,hashCode
DA:11,8
DA:12,8
DA:13,2576
DA:14,2576
DA:15,2576
DA:16,2576
DA:22,2336
DA:27,8
DA:30,8
DA:31,8
DA:37,8
DA:38,8
DA:39,8
DA:40,8
DA:42,8
DA:43,8
DA:46,8
DA:48,8
DA:49,240
DA:50,240
DA:51,240
DA:54,240
DA:55,240
DA:56,240
DA:59,240
DA:62,240
DA:65,240
DA:68,240
DA:69,240
DA:70,240
DA:71,240
DA:72,240
DA:73,240
DA:75,240
DA:93,240
DA:96,240
DA:97,240
DA:99,240
DA:100,240
DA:102,240
DA:104,240
DA:105,176
DA:107,176
DA:119,176
DA:123,8
DA:131,8
DA:162,3
DA:287,0
DA:288,0
DA:289,0
DA:290,0
DA:291,0
DA:292,0
DA:294,0
DA:295,0
DA:297,0
DA:298,0
DA:300,0
DA:302,0
DA:303,0
DA:304,0
DA:305,0
DA:308,0
DA:309,0
DA:310,0
DA:313,0
DA:315,0
DA:316,0
DA:317,0
DA:318,0
DA:320,0
DA:321,0
DA:322,0
DA:323,0
DA:324,0
DA:325,0
DA:327,0
DA:347,0
DA:367,0
DA:368,0
DA:370,0
DA:371,0
DA:372,0
DA:374,0
DA:375,0
DA:376,0
DA:391,0
DA:396,0
DA:397,0
DA:398,0
DA:399,0
DA:400,0
DA:402,0
LF:93
LH:47
BRDA:90,0,0,64
BRDA:90,0,1,176
BRDA:90,1,0,128
BRDA:90,1,1,48
BRDA:104,2,0,176
BRDA:104,2,1,64
BRDA:112,3,0,56
BRDA:112,3,1,120
BRDA:112,4,0,88
BRDA:112,4,1,32
BRDA:114,5,0,176
BRDA:114,5,1,104
BRDA:315,6,0,0
BRDA:315,6,1,0
BRDA:332,7,0,0
BRDA:332,7,1,0
BRDA:334,8,0,0
BRDA:334,8,1,0
BRDA:334,9,0,0
BRDA:334,9,1,0
BRDA:335,10,0,0
BRDA:335,10,1,0
BRDA:335,11,0,0
BRDA:335,11,1,0
BRDA:342,12,0,0
BRDA:342,12,1,0
BRDA:342,13,0,0
BRDA:342,13,1,0
BRDA:374,14,0,0
BRDA:374,14,1,0
BRDA:374,15,0,0
BRDA:374,15,1,0
BRDA:381,16,0,0
BRDA:381,16,1,0
BRDA:381,17,0,0
BRDA:381,17,1,0
BRDA:383,18,0,0
BRDA:383,18,1,0
BRF:38
BRH:12
end_of_record
TN:
SF:js\core\exerciseDatabase.ts
FN:309,getSafeExercises
FN:313,(anonymous_1)
FN:315,(anonymous_2)
FN:320,getRehabExercises
FN:324,(anonymous_4)
FN:325,(anonymous_5)
FN:330,filterExercisesForRehab
FN:340,(anonymous_7)
FN:349,(anonymous_8)
FN:350,(anonymous_9)
FN:359,(anonymous_10)
FN:360,(anonymous_11)
FNF:12
FNH:0
FNDA:0,getSafeExercises
FNDA:0,(anonymous_1)
FNDA:0,(anonymous_2)
FNDA:0,getRehabExercises
FNDA:0,(anonymous_4)
FNDA:0,(anonymous_5)
FNDA:0,filterExercisesForRehab
FNDA:0,(anonymous_7)
FNDA:0,(anonymous_8)
FNDA:0,(anonymous_9)
FNDA:0,(anonymous_10)
FNDA:0,(anonymous_11)
DA:14,4
DA:310,0
DA:311,0
DA:313,0
DA:315,0
DA:321,0
DA:322,0
DA:324,0
DA:325,0
DA:335,0
DA:336,0
DA:339,0
DA:340,0
DA:341,0
DA:343,0
DA:344,0
DA:345,0
DA:347,0
DA:348,0
DA:349,0
DA:350,0
DA:353,0
DA:354,0
DA:356,0
DA:357,0
DA:359,0
DA:360,0
DA:363,0
DA:364,0
DA:367,0
DA:368,0
DA:373,0
LF:32
LH:1
BRDA:310,0,0,0
BRDA:310,0,1,0
BRDA:310,1,0,0
BRDA:310,1,1,0
BRDA:321,2,0,0
BRDA:321,2,1,0
BRDA:321,3,0,0
BRDA:321,3,1,0
BRDA:335,4,0,0
BRDA:335,4,1,0
BRDA:335,5,0,0
BRDA:335,5,1,0
BRDA:349,6,0,0
BRDA:349,6,1,0
BRDA:350,7,0,0
BRDA:350,7,1,0
BRDA:353,8,0,0
BRDA:353,8,1,0
BRDA:360,9,0,0
BRDA:360,9,1,0
BRDA:360,9,2,0
BRDA:367,10,0,0
BRDA:367,10,1,0
BRF:23
BRH:0
end_of_record
TN:
SF:js\core\helpers.ts
FN:7,parseLocalDate
FN:16,formatISO
FN:23,addDays
FN:32,mondayOfWeek
FN:43,weekDiff
FN:50,dateLabel
FN:57,clamp
FN:64,safeJSONParse
FN:76,setVirtualTodayOffset
FN:81,getVirtualTodayOffset
FN:89,getAppDate
FN:99,getAppDateSync
FNF:12
FNH:6
FNDA:560,parseLocalDate
FNDA:931,formatISO
FNDA:903,addDays
FNDA:0,mondayOfWeek
FNDA:0,weekDiff
FNDA:0,dateLabel
FNDA:0,clamp
FNDA:0,safeJSONParse
FNDA:16,setVirtualTodayOffset
FNDA:0,getVirtualTodayOffset
FNDA:4,getAppDate
FNDA:256,getAppDateSync
DA:8,560
DA:9,560
DA:10,560
DA:17,931
DA:24,903
DA:25,903
DA:26,903
DA:33,0
DA:34,0
DA:35,0
DA:36,0
DA:44,0
DA:51,0
DA:58,0
DA:65,0
DA:73,12
DA:77,16
DA:82,0
DA:90,4
DA:91,4
DA:92,4
DA:100,256
DA:101,256
DA:102,256
LF:24
LH:15
BRDA:8,0,0,0
BRDA:8,0,1,560
BRDA:35,1,0,0
BRDA:35,1,1,0
BRDA:65,2,0,0
BRDA:65,2,1,0
BRDA:99,3,0,256
BRF:7
BRH:2
end_of_record
TN:
SF:js\core\importSchemas.ts
FN:82,detectImportFormat
FN:110,validateImportData
FN:130,(anonymous_2)
FNF:3
FNH:0
FNDA:0,detectImportFormat
FNDA:0,validateImportData
FNDA:0,(anonymous_2)
DA:8,1
DA:30,1
DA:51,1
DA:56,1
DA:63,1
DA:74,1
DA:83,0
DA:84,0
DA:87,0
DA:90,0
DA:91,0
DA:95,0
DA:96,0
DA:99,0
DA:111,0
DA:113,0
DA:114,0
DA:121,0
DA:122,0
DA:124,0
DA:127,0
DA:129,0
DA:130,0
DA:131,0
DA:132,0
DA:135,0
DA:141,0
LF:27
LH:6
BRDA:83,0,0,0
BRDA:83,0,1,0
BRDA:83,1,0,0
BRDA:83,1,1,0
BRDA:90,2,0,0
BRDA:90,2,1,0
BRDA:90,3,0,0
BRDA:90,3,1,0
BRDA:95,4,0,0
BRDA:95,4,1,0
BRDA:95,5,0,0
BRDA:95,5,1,0
BRDA:95,5,2,0
BRDA:113,6,0,0
BRDA:113,6,1,0
BRDA:121,7,0,0
BRDA:121,7,1,0
BRDA:129,8,0,0
BRDA:129,8,1,0
BRDA:132,9,0,0
BRDA:132,9,1,0
BRF:21
BRH:0
end_of_record
TN:
SF:js\core\loadAdjustments.ts
FN:10,getWeeklyMultiplier
FN:35,getTestMultiplier
FN:40,(anonymous_2)
FN:41,(anonymous_3)
FN:59,(anonymous_4)
FN:69,applyMultiplierToExercises
FN:72,(anonymous_6)
FN:88,applyApreAdjustment
FN:94,(anonymous_8)
FN:122,adjustExercisesForMode
FN:125,(anonymous_10)
FN:136,(anonymous_11)
FN:147,(anonymous_12)
FNF:13
FNH:0
FNDA:0,getWeeklyMultiplier
FNDA:0,getTestMultiplier
FNDA:0,(anonymous_2)
FNDA:0,(anonymous_3)
FNDA:0,(anonymous_4)
FNDA:0,applyMultiplierToExercises
FNDA:0,(anonymous_6)
FNDA:0,applyApreAdjustment
FNDA:0,(anonymous_8)
FNDA:0,adjustExercisesForMode
FNDA:0,(anonymous_10)
FNDA:0,(anonymous_11)
FNDA:0,(anonymous_12)
DA:11,0
DA:14,0
DA:15,0
DA:18,0
DA:22,0
DA:25,0
DA:26,0
DA:29,0
DA:36,0
DA:37,0
DA:39,0
DA:40,0
DA:41,0
DA:43,0
DA:45,0
DA:46,0
DA:47,0
DA:49,0
DA:50,0
DA:51,0
DA:52,0
DA:53,0
DA:54,0
DA:55,0
DA:57,0
DA:59,0
DA:61,0
DA:62,0
DA:63,0
DA:70,0
DA:72,0
DA:73,0
DA:75,0
DA:76,0
DA:78,0
DA:79,0
DA:80,0
DA:81,0
DA:89,0
DA:91,0
DA:92,0
DA:94,0
DA:95,0
DA:97,0
DA:98,0
DA:100,0
DA:101,0
DA:103,0
DA:104,0
DA:106,0
DA:107,0
DA:108,0
DA:110,0
DA:117,4
DA:123,0
DA:124,0
DA:125,0
DA:132,0
DA:135,0
DA:136,0
DA:137,0
DA:138,0
DA:139,0
DA:140,0
DA:141,0
DA:146,0
DA:147,0
DA:148,0
DA:149,0
DA:150,0
DA:152,0
DA:153,0
DA:157,0
LF:73
LH:1
BRDA:10,0,0,0
BRDA:10,1,0,0
BRDA:11,2,0,0
BRDA:11,2,1,0
BRDA:14,3,0,0
BRDA:14,3,1,0
BRDA:18,4,0,0
BRDA:18,4,1,0
BRDA:18,5,0,0
BRDA:18,5,1,0
BRDA:18,5,2,0
BRDA:18,5,3,0
BRDA:25,6,0,0
BRDA:25,6,1,0
BRDA:25,7,0,0
BRDA:25,7,1,0
BRDA:37,8,0,0
BRDA:37,8,1,0
BRDA:41,9,0,0
BRDA:41,9,1,0
BRDA:41,10,0,0
BRDA:41,10,1,0
BRDA:43,11,0,0
BRDA:43,11,1,0
BRDA:47,12,0,0
BRDA:47,12,1,0
BRDA:47,13,0,0
BRDA:47,13,1,0
BRDA:50,14,0,0
BRDA:50,14,1,0
BRDA:50,15,0,0
BRDA:50,15,1,0
BRDA:52,16,0,0
BRDA:52,16,1,0
BRDA:52,17,0,0
BRDA:52,17,1,0
BRDA:54,18,0,0
BRDA:54,18,1,0
BRDA:54,19,0,0
BRDA:54,19,1,0
BRDA:57,20,0,0
BRDA:57,20,1,0
BRDA:61,21,0,0
BRDA:61,21,1,0
BRDA:62,22,0,0
BRDA:62,22,1,0
BRDA:70,23,0,0
BRDA:70,23,1,0
BRDA:73,24,0,0
BRDA:73,24,1,0
BRDA:73,25,0,0
BRDA:73,25,1,0
BRDA:76,26,0,0
BRDA:76,26,1,0
BRDA:89,27,0,0
BRDA:89,27,1,0
BRDA:89,28,0,0
BRDA:89,28,1,0
BRDA:92,29,0,0
BRDA:92,29,1,0
BRDA:95,30,0,0
BRDA:95,30,1,0
BRDA:95,31,0,0
BRDA:95,31,1,0
BRDA:98,32,0,0
BRDA:98,32,1,0
BRDA:103,33,0,0
BRDA:103,33,1,0
BRDA:103,34,0,0
BRDA:103,34,1,0
BRDA:104,35,0,0
BRDA:104,35,1,0
BRDA:104,36,0,0
BRDA:104,36,1,0
BRDA:106,37,0,0
BRDA:106,37,1,0
BRDA:123,38,0,0
BRDA:123,38,1,0
BRDA:125,39,0,0
BRDA:125,39,1,0
BRDA:125,39,2,0
BRDA:125,39,3,0
BRDA:125,39,4,0
BRDA:132,40,0,0
BRDA:132,40,1,0
BRDA:135,41,0,0
BRDA:135,41,1,0
BRDA:137,42,0,0
BRDA:137,42,1,0
BRDA:139,43,0,0
BRDA:139,43,1,0
BRDA:140,44,0,0
BRDA:140,44,1,0
BRDA:146,45,0,0
BRDA:146,45,1,0
BRDA:148,46,0,0
BRDA:148,46,1,0
BRDA:150,47,0,0
BRDA:150,47,1,0
BRDA:153,48,0,0
BRDA:153,48,1,0
BRF:101
BRH:0
end_of_record
TN:
SF:js\core\onboardingStorage.ts
FN:12,loadState
FN:22,saveState
FN:30,isOnboardingCompleted
FN:34,markOnboardingCompleted
FN:38,resetOnboardingStatus
FNF:5
FNH:0
FNDA:0,loadState
FNDA:0,saveState
FNDA:0,isOnboardingCompleted
FNDA:0,markOnboardingCompleted
FNDA:0,resetOnboardingStatus
DA:5,2
DA:13,0
DA:14,0
DA:15,0
DA:19,0
DA:23,0
DA:24,0
DA:31,0
DA:35,0
DA:39,0
LF:10
LH:1
BRDA:15,0,0,0
BRDA:15,0,1,0
BRF:2
BRH:0
end_of_record
TN:
SF:js\core\planning.ts
FN:32,getSetsForLevel
FN:42,getRepsForGoal
FN:53,isEquipmentAvailable
FN:83,adaptExerciseForProfile
FN:119,getActiveModules
FN:121,(anonymous_5)
FN:122,(anonymous_6)
FN:129,getCurrentPhaseAndWeek
FN:157,buildWeeklyPlan
FN:165,(anonymous_9)
FN:181,(anonymous_10)
FN:205,getSessionForDate
FN:243,getAdaptedSessionForDate
FN:263,applyReadinessToSession
FN:315,(anonymous_14)
FN:368,getWorkoutType
FN:370,(anonymous_16)
FN:380,getMonthAndDayIndex
FN:395,buildSessionFromMonth
FN:407,getLastSessionByType
FN:409,(anonymous_20)
FN:410,(anonymous_21)
FN:414,maybeAddTestExercises
FNF:23
FNH:16
FNDA:0,getSetsForLevel
FNDA:0,getRepsForGoal
FNDA:0,isEquipmentAvailable
FNDA:0,adaptExerciseForProfile
FNDA:34,getActiveModules
FNDA:16,(anonymous_5)
FNDA:16,(anonymous_6)
FNDA:253,getCurrentPhaseAndWeek
FNDA:240,buildWeeklyPlan
FNDA:1680,(anonymous_9)
FNDA:1200,(anonymous_10)
FNDA:30,getSessionForDate
FNDA:30,getAdaptedSessionForDate
FNDA:30,applyReadinessToSession
FNDA:0,(anonymous_14)
FNDA:5,getWorkoutType
FNDA:12,(anonymous_16)
FNDA:2,getMonthAndDayIndex
FNDA:0,buildSessionFromMonth
FNDA:5,getLastSessionByType
FNDA:6,(anonymous_20)
FNDA:1,(anonymous_21)
FNDA:0,maybeAddTestExercises
DA:20,4
DA:33,0
DA:34,0
DA:35,0
DA:36,0
DA:37,0
DA:43,0
DA:44,0
DA:45,0
DA:46,0
DA:47,0
DA:48,0
DA:54,0
DA:56,0
DA:57,0
DA:58,0
DA:59,0
DA:60,0
DA:63,0
DA:64,0
DA:65,0
DA:66,0
DA:69,0
DA:70,0
DA:71,0
DA:74,0
DA:75,0
DA:76,0
DA:77,0
DA:79,0
DA:90,0
DA:91,0
DA:94,0
DA:95,0
DA:96,0
DA:99,0
DA:100,0
DA:101,0
DA:102,0
DA:105,0
DA:106,0
DA:108,0
DA:120,34
DA:121,16
DA:122,16
DA:133,253
DA:134,253
DA:136,253
DA:137,253
DA:138,253
DA:140,253
DA:141,253
DA:144,253
DA:145,65
DA:149,188
DA:150,188
DA:151,253
DA:163,240
DA:165,240
DA:166,1680
DA:167,480
DA:178,480
DA:181,1200
DA:182,1200
DA:184,720
DA:185,720
DA:187,720
DA:188,720
DA:190,720
DA:191,720
DA:198,240
DA:212,30
DA:214,26
DA:215,26
DA:217,0
DA:218,0
DA:220,0
DA:221,0
DA:222,0
DA:224,0
DA:225,0
DA:227,0
DA:228,0
DA:231,0
DA:232,0
DA:260,30
DA:261,30
DA:276,30
DA:278,0
DA:279,0
DA:280,30
DA:286,30
DA:287,0
DA:289,0
DA:290,0
DA:291,0
DA:292,0
DA:294,0
DA:295,0
DA:298,0
DA:299,30
DA:302,30
DA:303,0
DA:304,0
DA:305,0
DA:306,0
DA:307,0
DA:312,0
DA:313,0
DA:314,0
DA:315,0
DA:317,0
DA:318,0
DA:319,0
DA:320,0
DA:326,0
DA:327,0
DA:328,0
DA:332,0
DA:334,0
DA:335,0
DA:340,0
DA:341,0
DA:342,0
DA:343,0
DA:347,0
DA:348,30
DA:350,30
DA:369,5
DA:370,12
DA:371,5
DA:372,5
DA:373,4
DA:385,2
DA:388,0
DA:404,0
DA:408,5
DA:409,6
DA:410,1
DA:411,5
DA:415,0
LF:141
LH:52
BRDA:33,0,0,0
BRDA:33,0,1,0
BRDA:33,0,2,0
BRDA:33,0,3,0
BRDA:43,1,0,0
BRDA:43,1,1,0
BRDA:43,1,2,0
BRDA:43,1,3,0
BRDA:43,1,4,0
BRDA:56,2,0,0
BRDA:56,2,1,0
BRDA:56,3,0,0
BRDA:56,3,1,0
BRDA:56,3,2,0
BRDA:56,3,3,0
BRDA:57,4,0,0
BRDA:57,4,1,0
BRDA:58,5,0,0
BRDA:58,5,1,0
BRDA:58,6,0,0
BRDA:58,6,1,0
BRDA:59,7,0,0
BRDA:59,7,1,0
BRDA:63,8,0,0
BRDA:63,8,1,0
BRDA:63,9,0,0
BRDA:63,9,1,0
BRDA:63,9,2,0
BRDA:64,10,0,0
BRDA:64,10,1,0
BRDA:65,11,0,0
BRDA:65,11,1,0
BRDA:69,12,0,0
BRDA:69,12,1,0
BRDA:69,13,0,0
BRDA:69,13,1,0
BRDA:70,14,0,0
BRDA:70,14,1,0
BRDA:74,15,0,0
BRDA:74,15,1,0
BRDA:74,16,0,0
BRDA:74,16,1,0
BRDA:75,17,0,0
BRDA:75,17,1,0
BRDA:76,18,0,0
BRDA:76,18,1,0
BRDA:90,19,0,0
BRDA:90,19,1,0
BRDA:95,20,0,0
BRDA:95,20,1,0
BRDA:99,21,0,0
BRDA:99,21,1,0
BRDA:101,22,0,0
BRDA:101,22,1,0
BRDA:106,23,0,0
BRDA:106,23,1,0
BRDA:112,24,0,0
BRDA:112,24,1,0
BRDA:131,25,0,253
BRDA:134,26,0,0
BRDA:134,26,1,253
BRDA:144,27,0,65
BRDA:144,27,1,188
BRDA:150,28,0,188
BRDA:150,28,1,0
BRDA:166,29,0,480
BRDA:166,29,1,1200
BRDA:182,30,0,480
BRDA:182,30,1,720
BRDA:185,31,0,0
BRDA:185,31,1,720
BRDA:190,32,0,720
BRDA:190,32,1,0
BRDA:210,33,0,30
BRDA:212,34,0,4
BRDA:212,34,1,26
BRDA:215,35,0,26
BRDA:215,35,1,0
BRDA:222,36,0,0
BRDA:222,36,1,0
BRDA:222,37,0,0
BRDA:222,37,1,0
BRDA:228,38,0,0
BRDA:228,38,1,0
BRDA:251,39,0,30
BRDA:252,40,0,30
BRDA:253,41,0,30
BRDA:254,42,0,30
BRDA:255,43,0,30
BRDA:256,44,0,30
BRDA:257,45,0,30
BRDA:258,46,0,30
BRDA:267,47,0,30
BRDA:268,48,0,30
BRDA:269,49,0,30
BRDA:270,50,0,30
BRDA:271,51,0,30
BRDA:272,52,0,30
BRDA:273,53,0,30
BRDA:274,54,0,30
BRDA:276,55,0,30
BRDA:276,55,1,0
BRDA:279,56,0,0
BRDA:279,56,1,0
BRDA:280,57,0,0
BRDA:280,57,1,0
BRDA:282,58,0,0
BRDA:282,58,1,0
BRDA:284,59,0,0
BRDA:284,59,1,0
BRDA:284,60,0,0
BRDA:284,60,1,0
BRDA:286,61,0,0
BRDA:286,61,1,30
BRDA:289,62,0,0
BRDA:289,62,1,0
BRDA:291,63,0,0
BRDA:291,63,1,0
BRDA:294,64,0,0
BRDA:294,64,1,0
BRDA:294,65,0,0
BRDA:294,65,1,0
BRDA:298,66,0,0
BRDA:298,66,1,0
BRDA:302,67,0,0
BRDA:302,67,1,30
BRDA:306,68,0,0
BRDA:306,68,1,0
BRDA:312,69,0,0
BRDA:312,69,1,0
BRDA:312,70,0,0
BRDA:312,70,1,0
BRDA:312,70,2,0
BRDA:317,71,0,0
BRDA:317,71,1,0
BRDA:319,72,0,0
BRDA:319,72,1,0
BRDA:326,73,0,0
BRDA:326,73,1,0
BRDA:332,74,0,0
BRDA:332,74,1,0
BRDA:332,75,0,0
BRDA:332,75,1,0
BRDA:332,75,2,0
BRDA:334,76,0,0
BRDA:334,76,1,0
BRDA:342,77,0,0
BRDA:342,77,1,0
BRDA:342,78,0,0
BRDA:342,78,1,0
BRDA:347,79,0,0
BRDA:347,79,1,0
BRDA:356,80,0,0
BRDA:356,80,1,0
BRDA:372,81,0,1
BRDA:372,81,1,4
BRDA:385,82,0,2
BRDA:385,82,1,0
BRDA:385,83,0,2
BRDA:385,83,1,1
BRDA:400,84,0,0
BRDA:401,85,0,0
BRDA:402,86,0,0
BRDA:409,87,0,6
BRDA:409,87,1,4
BRDA:410,88,0,1
BRDA:410,88,1,0
BRDA:410,89,0,1
BRDA:410,89,1,0
BRDA:411,90,0,2
BRDA:411,90,1,3
BRF:171
BRH:45
end_of_record
TN:
SF:js\core\readiness.ts
FN:11,calcReadiness
FN:57,getEffectiveReadiness
FN:65,detectRecoveryDebt
FNF:3
FNH:3
FNDA:12,calcReadiness
FNDA:20,getEffectiveReadiness
FNDA:20,detectRecoveryDebt
DA:12,12
DA:13,12
DA:14,12
DA:15,12
DA:16,12
DA:17,12
DA:19,12
DA:20,12
DA:21,12
DA:22,12
DA:23,12
DA:26,12
DA:38,12
DA:49,12
DA:50,7
DA:51,4
DA:58,20
DA:59,3
DA:66,20
DA:67,20
DA:68,6
DA:70,6
DA:71,12
DA:72,11
DA:73,12
DA:74,12
DA:75,12
DA:76,12
DA:77,12
DA:79,12
DA:80,12
DA:81,12
DA:82,12
DA:83,12
DA:85,12
DA:86,7
DA:88,11
DA:89,10
DA:91,11
DA:92,11
DA:94,11
DA:95,11
DA:97,11
DA:98,11
DA:100,11
DA:101,11
DA:103,11
DA:104,11
DA:106,11
DA:107,11
DA:109,11
DA:110,11
DA:112,11
DA:113,11
DA:116,6
LF:55
LH:55
BRDA:12,0,0,12
BRDA:12,0,1,1
BRDA:13,1,0,12
BRDA:13,1,1,1
BRDA:14,2,0,12
BRDA:14,2,1,1
BRDA:15,3,0,12
BRDA:15,3,1,11
BRDA:16,4,0,12
BRDA:16,4,1,12
BRDA:17,5,0,12
BRDA:17,5,1,0
BRDA:19,6,0,12
BRDA:19,6,1,0
BRDA:20,7,0,12
BRDA:20,7,1,0
BRDA:21,8,0,12
BRDA:21,8,1,0
BRDA:22,9,0,12
BRDA:22,9,1,2
BRDA:23,10,0,12
BRDA:23,10,1,2
BRDA:26,11,0,12
BRDA:26,11,1,11
BRDA:26,11,2,11
BRDA:26,11,3,10
BRDA:26,11,4,10
BRDA:26,11,5,9
BRDA:26,11,6,9
BRDA:26,11,7,8
BRDA:26,11,8,8
BRDA:26,11,9,7
BRDA:26,11,10,7
BRDA:26,11,11,7
BRDA:26,11,12,7
BRDA:26,11,13,7
BRDA:26,11,14,7
BRDA:26,11,15,5
BRDA:26,11,16,7
BRDA:38,12,0,12
BRDA:38,12,1,11
BRDA:38,12,2,10
BRDA:38,12,3,9
BRDA:38,12,4,9
BRDA:38,12,5,8
BRDA:38,12,6,7
BRDA:38,12,7,6
BRDA:38,12,8,6
BRDA:38,12,9,4
BRDA:38,12,10,4
BRDA:38,12,11,4
BRDA:38,12,12,4
BRDA:38,12,13,4
BRDA:38,12,14,4
BRDA:38,12,15,2
BRDA:38,12,16,4
BRDA:49,13,0,5
BRDA:49,13,1,7
BRDA:50,14,0,3
BRDA:50,14,1,4
BRDA:58,15,0,17
BRDA:58,15,1,3
BRDA:67,16,0,14
BRDA:67,16,1,6
BRDA:71,17,0,1
BRDA:71,17,1,11
BRDA:72,18,0,11
BRDA:72,18,1,0
BRDA:73,19,0,12
BRDA:73,19,1,0
BRDA:74,20,0,12
BRDA:74,20,1,0
BRDA:75,21,0,12
BRDA:75,21,1,11
BRDA:76,22,0,12
BRDA:76,22,1,11
BRDA:77,23,0,12
BRDA:77,23,1,0
BRDA:79,24,0,12
BRDA:79,24,1,0
BRDA:80,25,0,12
BRDA:80,25,1,0
BRDA:81,26,0,12
BRDA:81,26,1,0
BRDA:82,27,0,12
BRDA:82,27,1,2
BRDA:83,28,0,12
BRDA:83,28,1,2
BRDA:85,29,0,4
BRDA:85,29,1,7
BRDA:85,30,0,12
BRDA:85,30,1,11
BRDA:86,31,0,0
BRDA:86,31,1,7
BRDA:86,32,0,7
BRDA:86,32,1,7
BRDA:88,33,0,1
BRDA:88,33,1,10
BRDA:88,34,0,11
BRDA:88,34,1,11
BRDA:89,35,0,0
BRDA:89,35,1,10
BRDA:89,36,0,10
BRDA:89,36,1,10
BRDA:91,37,0,0
BRDA:91,37,1,11
BRDA:91,38,0,11
BRDA:91,38,1,11
BRDA:92,39,0,0
BRDA:92,39,1,11
BRDA:92,40,0,11
BRDA:92,40,1,11
BRDA:94,41,0,0
BRDA:94,41,1,11
BRDA:94,42,0,11
BRDA:94,42,1,11
BRDA:95,43,0,0
BRDA:95,43,1,11
BRDA:95,44,0,11
BRDA:95,44,1,11
BRDA:97,45,0,0
BRDA:97,45,1,11
BRDA:98,46,0,0
BRDA:98,46,1,11
BRDA:100,47,0,0
BRDA:100,47,1,11
BRDA:101,48,0,0
BRDA:101,48,1,11
BRDA:103,49,0,0
BRDA:103,49,1,11
BRDA:103,50,0,11
BRDA:103,50,1,11
BRDA:104,51,0,0
BRDA:104,51,1,11
BRDA:104,52,0,11
BRDA:104,52,1,11
BRDA:106,53,0,0
BRDA:106,53,1,11
BRDA:106,54,0,11
BRDA:106,54,1,11
BRDA:107,55,0,0
BRDA:107,55,1,11
BRDA:107,56,0,11
BRDA:107,56,1,11
BRDA:109,57,0,0
BRDA:109,57,1,11
BRDA:109,58,0,11
BRDA:109,58,1,9
BRDA:110,59,0,0
BRDA:110,59,1,11
BRDA:110,60,0,11
BRDA:110,60,1,9
BRDA:112,61,0,0
BRDA:112,61,1,11
BRDA:113,62,0,0
BRDA:113,62,1,11
BRF:156
BRH:127
end_of_record
TN:
SF:js\core\recoveryScore.ts
FN:21,getWeightsForTier
FN:35,calculateRecoveryScore
FN:63,(anonymous_2)
FN:69,getBaseline
FN:72,(anonymous_4)
FN:73,(anonymous_5)
FN:78,zScoreToScore
FN:87,(anonymous_7)
FN:87,(anonymous_8)
FN:109,(anonymous_9)
FN:109,(anonymous_10)
FN:141,detectOptimalTier
FN:151,(anonymous_12)
FN:152,(anonymous_13)
FN:157,(anonymous_14)
FN:158,(anonymous_15)
FNF:16
FNH:16
FNDA:51,getWeightsForTier
FNDA:48,calculateRecoveryScore
FNDA:193,(anonymous_2)
FNDA:80,getBaseline
FNDA:175,(anonymous_4)
FNDA:175,(anonymous_5)
FNDA:31,zScoreToScore
FNDA:97,(anonymous_7)
FNDA:97,(anonymous_8)
FNDA:138,(anonymous_9)
FNDA:138,(anonymous_10)
FNDA:6,detectOptimalTier
FNDA:28,(anonymous_12)
FNDA:42,(anonymous_13)
FNDA:28,(anonymous_14)
FNDA:28,(anonymous_15)
DA:12,6
DA:15,6
DA:18,6
DA:22,51
DA:23,12
DA:24,5
DA:40,48
DA:42,48
DA:43,48
DA:44,48
DA:46,48
DA:47,48
DA:48,48
DA:51,48
DA:52,48
DA:55,48
DA:56,4
DA:59,44
DA:60,48
DA:61,48
DA:63,48
DA:64,193
DA:65,193
DA:66,193
DA:70,80
DA:71,80
DA:72,175
DA:73,175
DA:74,31
DA:75,80
DA:79,31
DA:80,31
DA:81,31
DA:85,48
DA:86,48
DA:87,97
DA:88,37
DA:89,37
DA:90,14
DA:91,14
DA:93,23
DA:98,44
DA:99,44
DA:100,44
DA:101,0
DA:102,0
DA:103,0
DA:107,44
DA:108,44
DA:109,138
DA:110,43
DA:111,43
DA:112,17
DA:113,17
DA:115,26
DA:117,1
DA:118,1
DA:119,1
DA:123,44
DA:124,44
DA:131,44
DA:142,6
DA:145,4
DA:146,4
DA:147,4
DA:148,4
DA:150,4
DA:151,28
DA:152,42
DA:154,4
DA:157,28
DA:158,28
DA:159,4
DA:161,4
DA:162,4
DA:165,4
DA:166,2
DA:167,1
LF:78
LH:75
BRDA:22,0,0,39
BRDA:22,0,1,12
BRDA:23,1,0,7
BRDA:23,1,1,5
BRDA:38,2,0,48
BRDA:42,3,0,48
BRDA:42,3,1,0
BRDA:43,4,0,48
BRDA:43,4,1,1
BRDA:44,5,0,48
BRDA:44,5,1,1
BRDA:46,6,0,48
BRDA:46,6,1,0
BRDA:47,7,0,48
BRDA:47,7,1,0
BRDA:48,8,0,48
BRDA:48,8,1,0
BRDA:55,9,0,4
BRDA:55,9,1,44
BRDA:59,10,0,44
BRDA:59,10,1,0
BRDA:60,11,0,48
BRDA:60,11,1,0
BRDA:64,12,0,0
BRDA:64,12,1,193
BRDA:64,13,0,193
BRDA:64,13,1,193
BRDA:66,14,0,193
BRDA:66,14,1,193
BRDA:66,14,2,187
BRDA:71,15,0,49
BRDA:71,15,1,31
BRDA:74,16,0,31
BRDA:74,16,1,23
BRDA:78,17,0,31
BRDA:79,18,0,17
BRDA:79,18,1,14
BRDA:86,19,0,37
BRDA:86,19,1,11
BRDA:86,20,0,48
BRDA:86,20,1,38
BRDA:86,20,2,38
BRDA:89,21,0,14
BRDA:89,21,1,23
BRDA:93,22,0,18
BRDA:93,22,1,5
BRDA:93,23,0,3
BRDA:93,23,1,2
BRDA:93,24,0,2
BRDA:93,24,1,0
BRDA:99,25,0,44
BRDA:99,25,1,0
BRDA:99,26,0,44
BRDA:99,26,1,44
BRDA:101,27,0,0
BRDA:101,27,1,0
BRDA:108,28,0,43
BRDA:108,28,1,1
BRDA:108,29,0,44
BRDA:108,29,1,44
BRDA:111,30,0,17
BRDA:111,30,1,26
BRDA:115,31,0,10
BRDA:115,31,1,16
BRDA:115,32,0,16
BRDA:115,32,1,0
BRDA:115,33,0,0
BRDA:115,33,1,0
BRDA:117,34,0,1
BRDA:117,34,1,0
BRDA:142,35,0,2
BRDA:142,35,1,4
BRDA:142,36,0,6
BRDA:142,36,1,6
BRDA:154,37,0,0
BRDA:154,37,1,4
BRDA:165,38,0,2
BRDA:165,38,1,2
BRDA:165,39,0,4
BRDA:165,39,1,2
BRDA:166,40,0,1
BRDA:166,40,1,1
BRF:82
BRH:66
end_of_record
TN:
SF:js\core\sessionLoad.ts
FN:8,calculateSessionLoad
FNF:1
FNH:0
FNDA:0,calculateSessionLoad
DA:9,0
LF:1
LH:0
BRDA:8,0,0,0
BRDA:9,1,0,0
BRDA:9,1,1,0
BRDA:9,2,0,0
BRDA:9,2,1,0
BRF:5
BRH:0
end_of_record
TN:
SF:js\core\stats.ts
FN:11,getStreak
FN:15,(anonymous_1)
FN:33,getWeeklySummary
FN:76,getMonthStats
FNF:4
FNH:4
FNDA:15,getStreak
FNDA:2,(anonymous_1)
FNDA:23,getWeeklySummary
FNDA:19,getMonthStats
DA:12,15
DA:14,2
DA:15,2
DA:16,2
DA:18,2
DA:19,4
DA:20,4
DA:21,4
DA:22,2
DA:24,2
DA:27,2
DA:34,23
DA:35,23
DA:37,23
DA:38,23
DA:40,23
DA:41,23
DA:42,23
DA:43,23
DA:44,23
DA:45,23
DA:47,23
DA:48,18
DA:49,18
DA:51,10
DA:52,10
DA:53,4
DA:54,3
DA:55,10
DA:59,23
DA:60,23
DA:61,22
DA:63,23
DA:77,19
DA:78,19
DA:79,19
DA:80,19
DA:82,19
DA:83,8
DA:84,8
DA:86,1
DA:87,1
DA:88,0
DA:89,0
DA:93,19
LF:45
LH:43
BRDA:12,0,0,13
BRDA:12,0,1,2
BRDA:12,1,0,15
BRDA:12,1,1,15
BRDA:21,2,0,2
BRDA:21,2,1,2
BRDA:34,3,0,23
BRDA:34,3,1,0
BRDA:34,4,0,23
BRDA:34,4,1,0
BRDA:48,5,0,0
BRDA:48,5,1,18
BRDA:48,6,0,18
BRDA:48,6,1,18
BRDA:49,7,0,10
BRDA:49,7,1,8
BRDA:49,8,0,18
BRDA:49,8,1,17
BRDA:49,8,2,17
BRDA:49,8,3,16
BRDA:49,8,4,16
BRDA:49,8,5,13
BRDA:52,9,0,6
BRDA:52,9,1,4
BRDA:53,10,0,1
BRDA:53,10,1,3
BRDA:54,11,0,3
BRDA:54,11,1,0
BRDA:55,12,0,10
BRDA:55,12,1,0
BRDA:60,13,0,1
BRDA:60,13,1,22
BRDA:60,14,0,23
BRDA:60,14,1,1
BRDA:61,15,0,0
BRDA:61,15,1,22
BRDA:65,16,0,4
BRDA:65,16,1,19
BRDA:83,17,0,0
BRDA:83,17,1,8
BRDA:83,18,0,8
BRDA:83,18,1,8
BRDA:84,19,0,1
BRDA:84,19,1,7
BRDA:84,20,0,8
BRDA:84,20,1,7
BRDA:84,20,2,6
BRDA:84,20,3,6
BRDA:84,20,4,3
BRDA:87,21,0,1
BRDA:87,21,1,0
BRDA:88,22,0,0
BRDA:88,22,1,0
BRDA:89,23,0,0
BRDA:89,23,1,0
BRF:55
BRH:43
end_of_record
TN:
SF:js\core\storage.ts
FN:54,init
FN:69,saveSession
FN:86,deleteSession
FN:101,getAllSessions
FN:112,getLatestTestResults
FN:115,(anonymous_5)
FN:118,(anonymous_6)
FN:132,saveCheckin
FN:149,getCheckin
FN:160,getAllCheckins
FN:171,getCheckinsForLastDays
FN:197,saveSetting
FN:211,getSetting
FN:225,saveSettings
FN:264,getSettings
FN:287,saveManualStatus
FN:296,getManualStatus
FN:308,exportAllData
FN:332,importAllData
FN:371,(anonymous_19)
FN:387,(anonymous_20)
FN:402,(anonymous_21)
FN:422,clearAllData
FN:429,(anonymous_23)
FN:456,getActiveDb
FN:462,isDemoMode
FN:467,getActiveDatabase
FN:475,activateDemoData
FN:487,(anonymous_28)
FN:501,deactivateDemoData
FN:503,(anonymous_30)
FN:514,loadDemoModeState
FN:519,saveWaitlistEntry
FN:522,getWaitlistEntries
FN:527,_db
FNF:35
FNH:6
FNDA:0,init
FNDA:0,saveSession
FNDA:0,deleteSession
FNDA:0,getAllSessions
FNDA:0,getLatestTestResults
FNDA:0,(anonymous_5)
FNDA:0,(anonymous_6)
FNDA:0,saveCheckin
FNDA:0,getCheckin
FNDA:0,getAllCheckins
FNDA:0,getCheckinsForLastDays
FNDA:0,saveSetting
FNDA:0,getSetting
FNDA:0,saveSettings
FNDA:0,getSettings
FNDA:0,saveManualStatus
FNDA:0,getManualStatus
FNDA:0,exportAllData
FNDA:0,importAllData
FNDA:0,(anonymous_19)
FNDA:0,(anonymous_20)
FNDA:0,(anonymous_21)
FNDA:0,clearAllData
FNDA:0,(anonymous_23)
FNDA:0,getActiveDb
FNDA:4,isDemoMode
FNDA:0,getActiveDatabase
FNDA:2,activateDemoData
FNDA:2,(anonymous_28)
FNDA:5,deactivateDemoData
FNDA:2,(anonymous_30)
FNDA:2,loadDemoModeState
FNDA:0,saveWaitlistEntry
FNDA:0,getWaitlistEntries
FNDA:0,_db
DA:12,1
DA:39,1
DA:55,0
DA:56,0
DA:58,0
DA:70,0
DA:71,0
DA:72,0
DA:74,0
DA:75,0
DA:77,0
DA:87,0
DA:88,0
DA:90,0
DA:102,0
DA:103,0
DA:105,0
DA:113,0
DA:114,0
DA:115,0
DA:117,0
DA:118,0
DA:119,0
DA:121,0
DA:133,0
DA:134,0
DA:135,0
DA:137,0
DA:138,0
DA:140,0
DA:150,0
DA:151,0
DA:153,0
DA:161,0
DA:162,0
DA:164,0
DA:172,0
DA:173,0
DA:174,0
DA:175,0
DA:176,0
DA:177,0
DA:178,0
DA:183,0
DA:198,0
DA:199,0
DA:200,0
DA:202,0
DA:212,0
DA:213,0
DA:214,0
DA:216,0
DA:218,0
DA:226,0
DA:227,0
DA:228,0
DA:230,0
DA:231,0
DA:233,0
DA:234,0
DA:236,0
DA:237,0
DA:239,0
DA:240,0
DA:242,0
DA:243,0
DA:245,0
DA:246,0
DA:248,0
DA:249,0
DA:251,0
DA:252,0
DA:254,0
DA:255,0
DA:257,0
DA:265,0
DA:277,0
DA:288,0
DA:297,0
DA:309,0
DA:315,0
DA:333,0
DA:334,0
DA:338,0
DA:339,0
DA:341,0
DA:344,0
DA:345,0
DA:346,0
DA:349,0
DA:353,0
DA:354,0
DA:357,0
DA:358,0
DA:363,0
DA:364,0
DA:367,0
DA:369,0
DA:371,0
DA:372,0
DA:374,0
DA:376,0
DA:377,0
DA:381,0
DA:389,0
DA:397,0
DA:398,0
DA:399,0
DA:400,0
DA:402,0
DA:406,0
DA:409,0
DA:410,0
DA:411,0
DA:414,0
DA:423,0
DA:430,0
DA:447,1
DA:454,1
DA:457,0
DA:458,0
DA:463,4
DA:468,0
DA:477,2
DA:478,2
DA:484,2
DA:487,2
DA:488,2
DA:489,2
DA:490,2
DA:491,2
DA:492,2
DA:493,2
DA:496,2
DA:497,2
DA:502,5
DA:503,2
DA:504,2
DA:506,2
DA:507,2
DA:509,5
DA:510,5
DA:515,2
DA:520,0
DA:523,0
DA:527,0
LF:146
LH:25
BRDA:71,0,0,0
BRDA:71,0,1,0
BRDA:71,1,0,0
BRDA:71,1,1,0
BRDA:117,2,0,0
BRDA:117,2,1,0
BRDA:118,3,0,0
BRDA:118,3,1,0
BRDA:118,4,0,0
BRDA:118,4,1,0
BRDA:119,5,0,0
BRDA:119,5,1,0
BRDA:134,6,0,0
BRDA:134,6,1,0
BRDA:134,7,0,0
BRDA:134,7,1,0
BRDA:151,8,0,0
BRDA:151,8,1,0
BRDA:214,9,0,0
BRDA:214,9,1,0
BRDA:227,10,0,0
BRDA:227,10,1,0
BRDA:230,11,0,0
BRDA:230,11,1,0
BRDA:233,12,0,0
BRDA:233,12,1,0
BRDA:236,13,0,0
BRDA:236,13,1,0
BRDA:239,14,0,0
BRDA:239,14,1,0
BRDA:242,15,0,0
BRDA:242,15,1,0
BRDA:245,16,0,0
BRDA:245,16,1,0
BRDA:248,17,0,0
BRDA:248,17,1,0
BRDA:251,18,0,0
BRDA:251,18,1,0
BRDA:254,19,0,0
BRDA:254,19,1,0
BRDA:333,20,0,0
BRDA:333,20,1,0
BRDA:333,21,0,0
BRDA:333,21,1,0
BRDA:333,21,2,0
BRDA:339,22,0,0
BRDA:339,22,1,0
BRDA:346,23,0,0
BRDA:346,23,1,0
BRDA:357,24,0,0
BRDA:357,24,1,0
BRDA:363,25,0,0
BRDA:363,25,1,0
BRDA:364,26,0,0
BRDA:364,26,1,0
BRDA:369,27,0,0
BRDA:369,27,1,0
BRDA:369,28,0,0
BRDA:369,28,1,0
BRDA:374,29,0,0
BRDA:374,29,1,0
BRDA:374,30,0,0
BRDA:374,30,1,0
BRDA:374,30,2,0
BRDA:398,31,0,0
BRDA:398,31,1,0
BRDA:399,32,0,0
BRDA:399,32,1,0
BRDA:400,33,0,0
BRDA:400,33,1,0
BRDA:400,34,0,0
BRDA:400,34,1,0
BRDA:403,35,0,0
BRDA:403,35,1,0
BRDA:404,36,0,0
BRDA:404,36,1,0
BRDA:410,37,0,0
BRDA:410,37,1,0
BRDA:457,38,0,0
BRDA:457,38,1,0
BRDA:457,39,0,0
BRDA:457,39,1,0
BRDA:468,40,0,0
BRDA:468,40,1,0
BRDA:468,41,0,0
BRDA:468,41,1,0
BRDA:488,42,0,0
BRDA:488,42,1,2
BRDA:489,43,0,0
BRDA:489,43,1,2
BRDA:491,44,0,0
BRDA:491,44,1,2
BRDA:492,45,0,0
BRDA:492,45,1,2
BRDA:493,46,0,0
BRDA:493,46,1,2
BRDA:502,47,0,2
BRDA:502,47,1,3
BRDA:523,48,0,0
BRDA:523,48,1,0
BRF:100
BRH:7
end_of_record
TN:
SF:js\core\streak.ts
FN:17,getCheckinStreak
FN:20,(anonymous_1)
FN:41,getTrainingStreak
FN:52,(anonymous_3)
FN:53,(anonymous_4)
FN:82,getGreenStreak
FN:111,getAllStreaks
FN:129,getStreakBonus
FN:137,getLongestStreak
FN:140,(anonymous_9)
FNF:10
FNH:7
FNDA:11,getCheckinStreak
FNDA:13,(anonymous_1)
FNDA:11,getTrainingStreak
FNDA:11,(anonymous_3)
FNDA:8,(anonymous_4)
FNDA:10,getGreenStreak
FNDA:7,getAllStreaks
FNDA:0,getStreakBonus
FNDA:0,getLongestStreak
FNDA:0,(anonymous_9)
DA:18,11
DA:20,13
DA:21,7
DA:22,11
DA:24,11
DA:25,16
DA:26,16
DA:27,16
DA:28,9
DA:30,7
DA:33,7
DA:47,11
DA:49,6
DA:50,11
DA:52,11
DA:53,8
DA:56,11
DA:59,11
DA:60,745
DA:61,745
DA:62,745
DA:65,745
DA:66,9
DA:67,5
DA:70,4
DA:75,6
DA:83,10
DA:86,6
DA:87,6
DA:88,12
DA:91,6
DA:92,10
DA:94,10
DA:95,11
DA:96,11
DA:98,11
DA:99,5
DA:101,6
DA:105,6
DA:118,7
DA:130,0
DA:138,0
DA:140,0
DA:141,0
DA:143,0
DA:144,0
DA:145,0
DA:147,0
DA:148,0
DA:149,0
DA:151,0
DA:152,0
DA:153,0
DA:154,0
DA:156,0
DA:157,0
DA:160,0
DA:162,0
DA:165,0
LF:59
LH:40
BRDA:18,0,0,4
BRDA:18,0,1,7
BRDA:18,1,0,11
BRDA:18,1,1,11
BRDA:21,2,0,7
BRDA:21,2,1,3
BRDA:27,3,0,9
BRDA:27,3,1,7
BRDA:47,4,0,5
BRDA:47,4,1,6
BRDA:47,5,0,11
BRDA:47,5,1,11
BRDA:49,6,0,6
BRDA:49,6,1,2
BRDA:52,7,0,11
BRDA:52,7,1,11
BRDA:52,7,2,9
BRDA:52,7,3,8
BRDA:62,8,0,745
BRDA:62,8,1,105
BRDA:65,9,0,9
BRDA:65,9,1,736
BRDA:66,10,0,5
BRDA:66,10,1,4
BRDA:83,11,0,4
BRDA:83,11,1,6
BRDA:83,12,0,10
BRDA:83,12,1,10
BRDA:88,13,0,12
BRDA:88,13,1,0
BRDA:91,14,0,6
BRDA:91,14,1,3
BRDA:98,15,0,5
BRDA:98,15,1,6
BRDA:138,16,0,0
BRDA:138,16,1,0
BRDA:138,17,0,0
BRDA:138,17,1,0
BRDA:149,18,0,0
BRDA:149,18,1,0
BRDA:151,19,0,0
BRDA:151,19,1,0
BRDA:153,20,0,0
BRDA:153,20,1,0
BRF:44
BRH:33
end_of_record
TN:
SF:js\core\types.ts
FNF:0
FNH:0
LF:0
LH:0
BRF:0
BRH:0
end_of_record
TN:
SF:js\core\validation.ts
FN:20,validate
FNF:1
FNH:1
FNDA:29,validate
DA:21,29
DA:22,29
DA:24,29
DA:25,27
DA:26,25
DA:27,23
DA:28,21
DA:29,20
DA:30,18
DA:31,17
DA:32,16
DA:33,15
DA:34,14
DA:35,13
LF:14
LH:14
BRDA:22,0,0,29
BRDA:22,0,1,22
BRDA:22,0,2,19
BRDA:22,0,3,14
BRDA:22,0,4,9
BRDA:22,0,5,7
BRDA:22,0,6,5
BRDA:22,0,7,4
BRDA:22,0,8,3
BRDA:24,1,0,2
BRDA:24,1,1,27
BRDA:25,2,0,2
BRDA:25,2,1,25
BRDA:25,3,0,27
BRDA:25,3,1,7
BRDA:25,3,2,6
BRDA:26,4,0,2
BRDA:26,4,1,23
BRDA:26,5,0,25
BRDA:26,5,1,3
BRDA:26,5,2,2
BRDA:27,6,0,2
BRDA:27,6,1,21
BRDA:27,7,0,23
BRDA:27,7,1,5
BRDA:27,7,2,4
BRDA:28,8,0,1
BRDA:28,8,1,20
BRDA:28,9,0,21
BRDA:28,9,1,3
BRDA:29,10,0,2
BRDA:29,10,1,18
BRDA:29,11,0,20
BRDA:29,11,1,5
BRDA:29,11,2,4
BRDA:30,12,0,1
BRDA:30,12,1,17
BRDA:30,13,0,18
BRDA:30,13,1,2
BRDA:30,13,2,2
BRDA:31,14,0,1
BRDA:31,14,1,16
BRDA:31,15,0,17
BRDA:31,15,1,3
BRDA:31,15,2,3
BRDA:32,16,0,1
BRDA:32,16,1,15
BRDA:32,17,0,16
BRDA:32,17,1,2
BRDA:32,17,2,2
BRDA:33,18,0,1
BRDA:33,18,1,14
BRDA:33,19,0,15
BRDA:33,19,1,2
BRDA:33,19,2,2
BRDA:34,20,0,1
BRDA:34,20,1,13
BRDA:34,21,0,14
BRDA:34,21,1,2
BRDA:34,21,2,2
BRF:60
BRH:60
end_of_record
TN:
SF:js\stores\useAppStore.ts
FN:69,makeTodayISO
FN:73,makeTomorrowDate
FN:85,saveGuestSessions
FN:89,getGuestSessions
FN:93,saveGuestCheckins
FN:97,getGuestCheckins
FN:101,saveGuestSettings
FN:105,clearGuestData
FN:113,computeDerived
FN:134,(anonymous_9)
FN:174,(anonymous_10)
FN:175,(anonymous_11)
FN:177,(anonymous_12)
FN:178,(anonymous_13)
FN:180,(anonymous_14)
FN:407,(anonymous_15)
FN:462,(anonymous_16)
FN:465,(anonymous_17)
FN:487,(anonymous_18)
FN:510,(anonymous_19)
FN:622,(anonymous_20)
FN:623,(anonymous_21)
FN:624,(anonymous_22)
FN:625,(anonymous_23)
FN:626,(anonymous_24)
FN:627,(anonymous_25)
FN:628,(anonymous_26)
FN:629,(anonymous_27)
FN:630,(anonymous_28)
FN:631,(anonymous_29)
FN:632,(anonymous_30)
FN:633,(anonymous_31)
FN:634,(anonymous_32)
FN:635,(anonymous_33)
FN:636,(anonymous_34)
FN:637,(anonymous_35)
FN:638,(anonymous_36)
FN:639,(anonymous_37)
FN:640,(anonymous_38)
FN:643,(anonymous_39)
FN:644,(anonymous_40)
FN:645,(anonymous_41)
FN:646,(anonymous_42)
FN:647,(anonymous_43)
FN:648,(anonymous_44)
FN:649,(anonymous_45)
FN:657,(anonymous_46)
FN:663,(anonymous_47)
FN:667,(anonymous_48)
FN:671,(anonymous_49)
FN:675,(anonymous_50)
FN:679,(anonymous_51)
FN:683,(anonymous_52)
FN:687,(anonymous_53)
FN:692,(anonymous_54)
FN:694,(anonymous_55)
FN:698,(anonymous_56)
FN:700,(anonymous_57)
FN:705,(anonymous_58)
FN:709,(anonymous_59)
FN:710,(anonymous_60)
FN:715,(anonymous_61)
FN:735,(anonymous_62)
FN:756,(anonymous_63)
FN:801,(anonymous_64)
FN:808,(anonymous_65)
FN:811,(anonymous_66)
FN:815,(anonymous_67)
FN:819,(anonymous_68)
FN:826,(anonymous_69)
FN:829,(anonymous_70)
FN:833,(anonymous_71)
FN:837,(anonymous_72)
FN:844,(anonymous_73)
FN:847,(anonymous_74)
FN:851,(anonymous_75)
FN:873,(anonymous_76)
FN:914,(anonymous_77)
FN:932,(anonymous_78)
FN:975,(anonymous_79)
FN:997,(anonymous_80)
FN:1001,(anonymous_81)
FN:1026,(anonymous_82)
FN:1037,(anonymous_83)
FN:1067,(anonymous_84)
FN:1074,(anonymous_85)
FN:1084,(anonymous_86)
FN:1141,(anonymous_87)
FN:1205,(anonymous_88)
FN:1207,(anonymous_89)
FN:1223,(anonymous_90)
FNF:91
FNH:24
FNDA:2,makeTodayISO
FNDA:30,makeTomorrowDate
FNDA:0,saveGuestSessions
FNDA:0,getGuestSessions
FNDA:0,saveGuestCheckins
FNDA:0,getGuestCheckins
FNDA:0,saveGuestSettings
FNDA:0,clearGuestData
FNDA:15,computeDerived
FNDA:0,(anonymous_9)
FNDA:4,(anonymous_10)
FNDA:0,(anonymous_11)
FNDA:4,(anonymous_12)
FNDA:4,(anonymous_13)
FNDA:0,(anonymous_14)
FNDA:2,(anonymous_15)
FNDA:5,(anonymous_16)
FNDA:2,(anonymous_17)
FNDA:0,(anonymous_18)
FNDA:0,(anonymous_19)
FNDA:0,(anonymous_20)
FNDA:0,(anonymous_21)
FNDA:0,(anonymous_22)
FNDA:0,(anonymous_23)
FNDA:0,(anonymous_24)
FNDA:0,(anonymous_25)
FNDA:0,(anonymous_26)
FNDA:0,(anonymous_27)
FNDA:0,(anonymous_28)
FNDA:0,(anonymous_29)
FNDA:0,(anonymous_30)
FNDA:0,(anonymous_31)
FNDA:0,(anonymous_32)
FNDA:1,(anonymous_33)
FNDA:1,(anonymous_34)
FNDA:1,(anonymous_35)
FNDA:1,(anonymous_36)
FNDA:1,(anonymous_37)
FNDA:1,(anonymous_38)
FNDA:0,(anonymous_39)
FNDA:0,(anonymous_40)
FNDA:0,(anonymous_41)
FNDA:0,(anonymous_42)
FNDA:0,(anonymous_43)
FNDA:0,(anonymous_44)
FNDA:5,(anonymous_45)
FNDA:0,(anonymous_46)
FNDA:0,(anonymous_47)
FNDA:0,(anonymous_48)
FNDA:0,(anonymous_49)
FNDA:0,(anonymous_50)
FNDA:0,(anonymous_51)
FNDA:0,(anonymous_52)
FNDA:0,(anonymous_53)
FNDA:2,(anonymous_54)
FNDA:0,(anonymous_55)
FNDA:0,(anonymous_56)
FNDA:0,(anonymous_57)
FNDA:0,(anonymous_58)
FNDA:0,(anonymous_59)
FNDA:0,(anonymous_60)
FNDA:0,(anonymous_61)
FNDA:2,(anonymous_62)
FNDA:0,(anonymous_63)
FNDA:0,(anonymous_64)
FNDA:3,(anonymous_65)
FNDA:1,(anonymous_66)
FNDA:1,(anonymous_67)
FNDA:0,(anonymous_68)
FNDA:3,(anonymous_69)
FNDA:1,(anonymous_70)
FNDA:1,(anonymous_71)
FNDA:0,(anonymous_72)
FNDA:0,(anonymous_73)
FNDA:0,(anonymous_74)
FNDA:0,(anonymous_75)
FNDA:0,(anonymous_76)
FNDA:0,(anonymous_77)
FNDA:0,(anonymous_78)
FNDA:0,(anonymous_79)
FNDA:0,(anonymous_80)
FNDA:0,(anonymous_81)
FNDA:0,(anonymous_82)
FNDA:0,(anonymous_83)
FNDA:0,(anonymous_84)
FNDA:0,(anonymous_85)
FNDA:0,(anonymous_86)
FNDA:0,(anonymous_87)
FNDA:0,(anonymous_88)
FNDA:0,(anonymous_89)
FNDA:0,(anonymous_90)
DA:70,2
DA:74,30
DA:75,30
DA:76,30
DA:81,2
DA:82,2
DA:83,2
DA:86,0
DA:90,0
DA:94,0
DA:98,0
DA:102,0
DA:106,0
DA:107,0
DA:108,0
DA:130,15
DA:131,15
DA:134,15
DA:135,15
DA:136,15
DA:137,15
DA:138,15
DA:139,15
DA:142,15
DA:147,15
DA:153,15
DA:159,15
DA:160,15
DA:163,15
DA:164,15
DA:169,15
DA:172,15
DA:173,15
DA:174,4
DA:175,0
DA:176,15
DA:177,15
DA:178,15
DA:179,15
DA:180,0
DA:182,15
DA:183,15
DA:184,15
DA:187,15
DA:188,15
DA:189,15
DA:190,15
DA:191,15
DA:192,15
DA:193,15
DA:194,15
DA:400,2
DA:401,2
DA:407,2
DA:463,5
DA:464,5
DA:465,2
DA:468,5
DA:488,0
DA:489,0
DA:506,0
DA:511,0
DA:512,0
DA:513,0
DA:514,0
DA:520,0
DA:521,0
DA:522,0
DA:523,0
DA:524,0
DA:525,0
DA:526,0
DA:527,0
DA:529,0
DA:530,0
DA:533,0
DA:534,0
DA:535,0
DA:537,0
DA:538,0
DA:539,0
DA:543,0
DA:545,0
DA:546,0
DA:548,0
DA:549,0
DA:550,0
DA:553,0
DA:554,0
DA:556,0
DA:557,0
DA:559,0
DA:561,0
DA:562,0
DA:565,0
DA:566,0
DA:567,0
DA:569,0
DA:570,0
DA:571,0
DA:575,0
DA:577,0
DA:614,0
DA:616,0
DA:617,0
DA:622,0
DA:623,0
DA:624,0
DA:625,0
DA:626,0
DA:627,0
DA:628,0
DA:629,0
DA:630,0
DA:631,0
DA:632,0
DA:633,0
DA:634,0
DA:635,1
DA:636,1
DA:637,1
DA:638,1
DA:639,1
DA:640,1
DA:643,0
DA:644,0
DA:645,0
DA:646,0
DA:647,0
DA:648,0
DA:650,5
DA:651,5
DA:652,5
DA:653,5
DA:654,5
DA:658,0
DA:659,0
DA:660,0
DA:661,0
DA:664,0
DA:665,0
DA:668,0
DA:669,0
DA:672,0
DA:673,0
DA:676,0
DA:677,0
DA:680,0
DA:681,0
DA:684,0
DA:685,0
DA:688,0
DA:689,0
DA:693,2
DA:694,2
DA:698,0
DA:701,0
DA:702,0
DA:706,0
DA:707,0
DA:709,0
DA:710,0
DA:716,0
DA:717,0
DA:718,0
DA:719,0
DA:720,0
DA:721,0
DA:722,0
DA:723,0
DA:725,0
DA:726,0
DA:727,0
DA:728,0
DA:730,0
DA:731,0
DA:736,2
DA:737,2
DA:755,2
DA:756,2
DA:758,2
DA:759,0
DA:760,0
DA:761,0
DA:762,0
DA:763,0
DA:766,2
DA:769,2
DA:776,2
DA:779,2
DA:780,0
DA:791,2
DA:794,2
DA:796,0
DA:797,0
DA:802,0
DA:803,0
DA:804,0
DA:805,0
DA:809,3
DA:810,3
DA:811,3
DA:813,3
DA:814,1
DA:815,1
DA:817,2
DA:818,2
DA:819,2
DA:821,3
DA:822,3
DA:823,3
DA:827,3
DA:828,3
DA:829,3
DA:831,3
DA:832,1
DA:833,1
DA:835,2
DA:836,2
DA:837,2
DA:839,3
DA:840,3
DA:841,3
DA:845,0
DA:846,0
DA:847,0
DA:849,0
DA:850,0
DA:851,0
DA:852,0
DA:854,0
DA:855,0
DA:872,0
DA:873,0
DA:874,0
DA:877,0
DA:878,0
DA:879,0
DA:880,0
DA:881,0
DA:885,0
DA:892,0
DA:894,0
DA:895,0
DA:910,0
DA:915,0
DA:916,0
DA:917,0
DA:918,0
DA:919,0
DA:920,0
DA:921,0
DA:922,0
DA:923,0
DA:924,0
DA:925,0
DA:927,0
DA:928,0
DA:933,0
DA:934,0
DA:936,0
DA:937,0
DA:940,0
DA:941,0
DA:944,0
DA:945,0
DA:946,0
DA:950,0
DA:951,0
DA:953,0
DA:957,0
DA:958,0
DA:962,0
DA:963,0
DA:967,0
DA:968,0
DA:970,0
DA:971,0
DA:972,0
DA:973,0
DA:975,0
DA:976,0
DA:977,0
DA:980,0
DA:984,0
DA:985,0
DA:986,0
DA:987,0
DA:988,0
DA:990,0
DA:991,0
DA:992,0
DA:993,0
DA:998,0
DA:1002,0
DA:1003,0
DA:1004,0
DA:1005,0
DA:1006,0
DA:1007,0
DA:1018,0
DA:1020,0
DA:1021,0
DA:1027,0
DA:1030,0
DA:1031,0
DA:1032,0
DA:1033,0
DA:1034,0
DA:1035,0
DA:1037,0
DA:1038,0
DA:1039,0
DA:1041,0
DA:1043,0
DA:1047,0
DA:1048,0
DA:1049,0
DA:1051,0
DA:1056,0
DA:1058,0
DA:1059,0
DA:1063,0
DA:1064,0
DA:1068,0
DA:1069,0
DA:1070,0
DA:1075,0
DA:1078,0
DA:1079,0
DA:1080,0
DA:1081,0
DA:1082,0
DA:1083,0
DA:1084,0
DA:1085,0
DA:1086,0
DA:1089,0
DA:1093,0
DA:1094,0
DA:1095,0
DA:1096,0
DA:1098,0
DA:1103,0
DA:1104,0
DA:1105,0
DA:1106,0
DA:1107,0
DA:1109,0
DA:1122,0
DA:1123,0
DA:1137,0
DA:1142,0
DA:1143,0
DA:1145,0
DA:1146,0
DA:1155,0
DA:1156,0
DA:1158,0
DA:1159,0
DA:1163,0
DA:1164,0
DA:1182,0
DA:1195,0
DA:1197,0
DA:1199,0
DA:1200,0
DA:1205,0
DA:1208,0
DA:1209,0
DA:1224,0
DA:1225,0
DA:1226,0
DA:1228,0
DA:1229,0
DA:1232,0
DA:1233,0
DA:1236,0
DA:1237,0
DA:1240,0
DA:1248,0
DA:1249,0
DA:1251,0
DA:1252,0
DA:1256,0
DA:1260,0
DA:1278,0
DA:1280,0
DA:1295,0
DA:1296,0
DA:1298,0
DA:1299,0
LF:392
LH:96
BRDA:69,0,0,2
BRDA:73,1,0,30
BRDA:74,2,0,30
BRDA:74,2,1,0
BRDA:90,3,0,0
BRDA:90,3,1,0
BRDA:98,4,0,0
BRDA:98,4,1,0
BRDA:120,5,0,15
BRDA:121,6,0,15
BRDA:122,7,0,15
BRDA:124,8,0,15
BRDA:125,9,0,15
BRDA:126,10,0,15
BRDA:127,11,0,15
BRDA:128,12,0,15
BRDA:130,13,0,15
BRDA:130,13,1,0
BRDA:134,14,0,0
BRDA:134,14,1,0
BRDA:134,15,0,0
BRDA:134,15,1,0
BRDA:135,16,0,15
BRDA:135,16,1,13
BRDA:136,17,0,2
BRDA:136,17,1,13
BRDA:139,18,0,2
BRDA:139,18,1,13
BRDA:142,19,0,13
BRDA:142,19,1,2
BRDA:147,20,0,15
BRDA:147,20,1,0
BRDA:149,21,0,0
BRDA:149,21,1,0
BRDA:159,22,0,15
BRDA:159,22,1,15
BRDA:160,23,0,15
BRDA:160,23,1,15
BRDA:169,24,0,15
BRDA:169,24,1,15
BRDA:177,25,0,4
BRDA:177,25,1,4
BRDA:177,25,2,2
BRDA:178,26,0,4
BRDA:178,26,1,4
BRDA:178,26,2,2
BRDA:179,27,0,0
BRDA:179,27,1,15
BRDA:180,28,0,0
BRDA:180,28,1,0
BRDA:180,28,2,0
BRDA:180,28,3,0
BRDA:183,29,0,15
BRDA:183,29,1,13
BRDA:521,30,0,0
BRDA:521,30,1,0
BRDA:522,31,0,0
BRDA:522,31,1,0
BRDA:523,32,0,0
BRDA:523,32,1,0
BRDA:524,33,0,0
BRDA:524,33,1,0
BRDA:525,34,0,0
BRDA:525,34,1,0
BRDA:526,35,0,0
BRDA:526,35,1,0
BRDA:527,36,0,0
BRDA:527,36,1,0
BRDA:529,37,0,0
BRDA:529,37,1,0
BRDA:529,38,0,0
BRDA:529,38,1,0
BRDA:537,39,0,0
BRDA:537,39,1,0
BRDA:539,40,0,0
BRDA:539,40,1,0
BRDA:541,41,0,0
BRDA:541,41,1,0
BRDA:543,42,0,0
BRDA:543,42,1,0
BRDA:545,43,0,0
BRDA:545,43,1,0
BRDA:553,44,0,0
BRDA:553,44,1,0
BRDA:553,45,0,0
BRDA:553,45,1,0
BRDA:559,46,0,0
BRDA:559,46,1,0
BRDA:559,47,0,0
BRDA:559,47,1,0
BRDA:575,48,0,0
BRDA:575,48,1,0
BRDA:575,49,0,0
BRDA:575,49,1,0
BRDA:575,50,0,0
BRDA:575,50,1,0
BRDA:588,51,0,0
BRDA:588,51,1,0
BRDA:589,52,0,0
BRDA:589,52,1,0
BRDA:590,53,0,0
BRDA:590,53,1,0
BRDA:593,54,0,0
BRDA:593,54,1,0
BRDA:594,55,0,0
BRDA:594,55,1,0
BRDA:595,56,0,0
BRDA:595,56,1,0
BRDA:596,57,0,0
BRDA:596,57,1,0
BRDA:597,58,0,0
BRDA:597,58,1,0
BRDA:598,59,0,0
BRDA:598,59,1,0
BRDA:599,60,0,0
BRDA:599,60,1,0
BRDA:600,61,0,0
BRDA:600,61,1,0
BRDA:601,62,0,0
BRDA:601,62,1,0
BRDA:602,63,0,0
BRDA:602,63,1,0
BRDA:603,64,0,0
BRDA:603,64,1,0
BRDA:604,65,0,0
BRDA:604,65,1,0
BRDA:605,66,0,0
BRDA:605,66,1,0
BRDA:606,67,0,0
BRDA:606,67,1,0
BRDA:607,68,0,0
BRDA:607,68,1,0
BRDA:608,69,0,0
BRDA:608,69,1,0
BRDA:692,70,0,2
BRDA:692,71,0,2
BRDA:702,72,0,0
BRDA:702,72,1,0
BRDA:708,73,0,0
BRDA:708,73,1,0
BRDA:718,74,0,0
BRDA:718,74,1,0
BRDA:758,75,0,0
BRDA:758,75,1,2
BRDA:779,76,0,0
BRDA:779,76,1,2
BRDA:813,77,0,1
BRDA:813,77,1,2
BRDA:814,78,0,1
BRDA:814,78,1,0
BRDA:818,79,0,2
BRDA:818,79,1,0
BRDA:821,80,0,0
BRDA:821,80,1,3
BRDA:823,81,0,0
BRDA:823,81,1,3
BRDA:831,82,0,1
BRDA:831,82,1,2
BRDA:832,83,0,1
BRDA:832,83,1,0
BRDA:836,84,0,2
BRDA:836,84,1,0
BRDA:839,85,0,0
BRDA:839,85,1,3
BRDA:841,86,0,0
BRDA:841,86,1,3
BRDA:846,87,0,0
BRDA:846,87,1,0
BRDA:846,87,2,0
BRDA:849,88,0,0
BRDA:849,88,1,0
BRDA:849,89,0,0
BRDA:849,89,1,0
BRDA:850,90,0,0
BRDA:850,90,1,0
BRDA:858,91,0,0
BRDA:858,91,1,0
BRDA:858,91,2,0
BRDA:868,92,0,0
BRDA:868,92,1,0
BRDA:870,93,0,0
BRDA:870,93,1,0
BRDA:872,94,0,0
BRDA:872,94,1,0
BRDA:877,95,0,0
BRDA:877,95,1,0
BRDA:894,96,0,0
BRDA:894,96,1,0
BRDA:936,97,0,0
BRDA:936,97,1,0
BRDA:940,98,0,0
BRDA:940,98,1,0
BRDA:940,99,0,0
BRDA:940,99,1,0
BRDA:945,100,0,0
BRDA:945,100,1,0
BRDA:957,101,0,0
BRDA:957,101,1,0
BRDA:957,102,0,0
BRDA:957,102,1,0
BRDA:957,102,2,0
BRDA:962,103,0,0
BRDA:962,103,1,0
BRDA:962,104,0,0
BRDA:962,104,1,0
BRDA:962,104,2,0
BRDA:967,105,0,0
BRDA:967,105,1,0
BRDA:967,105,2,0
BRDA:967,105,3,0
BRDA:968,106,0,0
BRDA:968,106,1,0
BRDA:991,107,0,0
BRDA:991,107,1,0
BRDA:1030,108,0,0
BRDA:1030,108,1,0
BRDA:1030,108,2,0
BRDA:1030,108,3,0
BRDA:1031,109,0,0
BRDA:1031,109,1,0
BRDA:1059,110,0,0
BRDA:1059,110,1,0
BRDA:1059,111,0,0
BRDA:1059,111,1,0
BRDA:1064,112,0,0
BRDA:1064,112,1,0
BRDA:1078,113,0,0
BRDA:1078,113,1,0
BRDA:1078,113,2,0
BRDA:1078,113,3,0
BRDA:1079,114,0,0
BRDA:1079,114,1,0
BRDA:1104,115,0,0
BRDA:1104,115,1,0
BRDA:1105,116,0,0
BRDA:1105,116,1,0
BRDA:1106,117,0,0
BRDA:1106,117,1,0
BRDA:1107,118,0,0
BRDA:1107,118,1,0
BRDA:1111,119,0,0
BRDA:1111,119,1,0
BRDA:1112,120,0,0
BRDA:1112,120,1,0
BRDA:1114,121,0,0
BRDA:1114,121,1,0
BRDA:1119,122,0,0
BRDA:1119,122,1,0
BRDA:1127,123,0,0
BRDA:1127,123,1,0
BRDA:1129,124,0,0
BRDA:1129,124,1,0
BRDA:1132,125,0,0
BRDA:1132,125,1,0
BRDA:1145,126,0,0
BRDA:1145,126,1,0
BRDA:1150,127,0,0
BRDA:1150,127,1,0
BRDA:1151,128,0,0
BRDA:1151,128,1,0
BRDA:1155,129,0,0
BRDA:1155,129,1,0
BRDA:1158,130,0,0
BRDA:1158,130,1,0
BRDA:1173,131,0,0
BRDA:1173,131,1,0
BRDA:1188,132,0,0
BRDA:1188,132,1,0
BRDA:1189,133,0,0
BRDA:1189,133,1,0
BRDA:1226,134,0,0
BRDA:1226,134,1,0
BRDA:1244,135,0,0
BRDA:1244,135,1,0
BRDA:1245,136,0,0
BRDA:1245,136,1,0
BRDA:1248,137,0,0
BRDA:1248,137,1,0
BRDA:1251,138,0,0
BRDA:1251,138,1,0
BRDA:1269,139,0,0
BRDA:1269,139,1,0
BRDA:1288,140,0,0
BRDA:1288,140,1,0
BRDA:1289,141,0,0
BRDA:1289,141,1,0
BRF:286
BRH:52
end_of_record
TN:
SF:js\stores\useTourStore.ts
FN:30,loadTourState
FN:43,saveTourState
FN:51,(anonymous_2)
FN:63,(anonymous_3)
FN:68,(anonymous_4)
FN:74,(anonymous_5)
FN:84,(anonymous_6)
FN:92,(anonymous_7)
FN:100,(anonymous_8)
FN:106,(anonymous_9)
FN:117,(anonymous_10)
FNF:11
FNH:0
FNDA:0,loadTourState
FNDA:0,saveTourState
FNDA:0,(anonymous_2)
FNDA:0,(anonymous_3)
FNDA:0,(anonymous_4)
FNDA:0,(anonymous_5)
FNDA:0,(anonymous_6)
FNDA:0,(anonymous_7)
FNDA:0,(anonymous_8)
FNDA:0,(anonymous_9)
FNDA:0,(anonymous_10)
DA:27,0
DA:31,0
DA:32,0
DA:33,0
DA:34,0
DA:37,0
DA:39,0
DA:44,0
DA:45,0
DA:47,0
DA:51,0
DA:52,0
DA:54,0
DA:64,0
DA:69,0
DA:70,0
DA:75,0
DA:76,0
DA:77,0
DA:79,0
DA:85,0
DA:86,0
DA:87,0
DA:93,0
DA:94,0
DA:95,0
DA:101,0
DA:107,0
DA:108,0
DA:112,0
DA:113,0
DA:118,0
DA:122,0
DA:123,0
LF:34
LH:0
BRDA:33,0,0,0
BRDA:33,0,1,0
BRDA:59,1,0,0
BRDA:59,1,1,0
BRDA:60,2,0,0
BRDA:60,2,1,0
BRDA:76,3,0,0
BRDA:76,3,1,0
BRDA:86,4,0,0
BRDA:86,4,1,0
BRDA:94,5,0,0
BRDA:94,5,1,0
BRDA:94,6,0,0
BRDA:94,6,1,0
BRF:14
BRH:0
end_of_record
